{"C:\\Users\\admin\\Desktop\\sportsbook\\server.js": {"path":"C:\\Users\\admin\\Desktop\\sportsbook\\server.js","statementMap":{"0":{"start":{"line":2,"column":16},"end":{"line":2,"column":34}},"1":{"start":{"line":3,"column":13},"end":{"line":3,"column":28}},"2":{"start":{"line":4,"column":19},"end":{"line":4,"column":44}},"3":{"start":{"line":5,"column":18},"end":{"line":5,"column":40}},"4":{"start":{"line":7,"column":12},"end":{"line":7,"column":21}},"5":{"start":{"line":10,"column":0},"end":{"line":10,"column":16}},"6":{"start":{"line":11,"column":0},"end":{"line":11,"column":24}},"7":{"start":{"line":14,"column":0},"end":{"line":14,"column":28}},"8":{"start":{"line":17,"column":0},"end":{"line":17,"column":21}},"9":{"start":{"line":20,"column":0},"end":{"line":27,"column":1}},"10":{"start":{"line":21,"column":15},"end":{"line":21,"column":39}},"11":{"start":{"line":22,"column":2},"end":{"line":26,"column":5}},"12":{"start":{"line":23,"column":4},"end":{"line":25,"column":7}},"13":{"start":{"line":24,"column":6},"end":{"line":24,"column":52}}},"fnMap":{"0":{"name":"(anonymous_0)","decl":{"start":{"line":22,"column":19},"end":{"line":22,"column":20}},"loc":{"start":{"line":22,"column":25},"end":{"line":26,"column":3}},"line":22},"1":{"name":"(anonymous_1)","decl":{"start":{"line":23,"column":21},"end":{"line":23,"column":22}},"loc":{"start":{"line":23,"column":27},"end":{"line":25,"column":5}},"line":23}},"branchMap":{"0":{"loc":{"start":{"line":20,"column":0},"end":{"line":27,"column":1}},"type":"if","locations":[{"start":{"line":20,"column":0},"end":{"line":27,"column":1}},{"start":{},"end":{}}],"line":20},"1":{"loc":{"start":{"line":21,"column":15},"end":{"line":21,"column":39}},"type":"binary-expr","locations":[{"start":{"line":21,"column":15},"end":{"line":21,"column":31}},{"start":{"line":21,"column":35},"end":{"line":21,"column":39}}],"line":21}},"s":{"0":5,"1":5,"2":5,"3":5,"4":5,"5":5,"6":5,"7":5,"8":5,"9":5,"10":0,"11":0,"12":0,"13":0},"f":{"0":0,"1":0},"b":{"0":[0,5],"1":[0,0]},"_coverageSchema":"1a1c01bbd47fc00a2c39e90264f33305004495a9","hash":"7eb9875cf32e1f4c9ba73192fee45af05e69303c"}
,"C:\\Users\\admin\\Desktop\\sportsbook\\Controllers\\CombinedSportsOddsController.js": {"path":"C:\\Users\\admin\\Desktop\\sportsbook\\Controllers\\CombinedSportsOddsController.js","statementMap":{"0":{"start":{"line":3,"column":21},"end":{"line":3,"column":63}},"1":{"start":{"line":4,"column":30},"end":{"line":4,"column":74}},"2":{"start":{"line":5,"column":19},"end":{"line":5,"column":70}},"3":{"start":{"line":8,"column":0},"end":{"line":118,"column":2}},"4":{"start":{"line":9,"column":2},"end":{"line":117,"column":3}},"5":{"start":{"line":11,"column":42},"end":{"line":14,"column":6}},"6":{"start":{"line":17,"column":30},"end":{"line":20,"column":33}},"7":{"start":{"line":23,"column":31},"end":{"line":26,"column":33}},"8":{"start":{"line":29,"column":4},"end":{"line":31,"column":5}},"9":{"start":{"line":30,"column":6},"end":{"line":30,"column":93}},"10":{"start":{"line":34,"column":31},"end":{"line":34,"column":40}},"11":{"start":{"line":37,"column":4},"end":{"line":53,"column":7}},"12":{"start":{"line":38,"column":6},"end":{"line":52,"column":9}},"13":{"start":{"line":43,"column":40},"end":{"line":50,"column":11}},"14":{"start":{"line":56,"column":4},"end":{"line":72,"column":7}},"15":{"start":{"line":57,"column":29},"end":{"line":57,"column":62}},"16":{"start":{"line":58,"column":6},"end":{"line":71,"column":7}},"17":{"start":{"line":59,"column":8},"end":{"line":59,"column":56}},"18":{"start":{"line":60,"column":8},"end":{"line":70,"column":10}},"19":{"start":{"line":61,"column":40},"end":{"line":69,"column":11}},"20":{"start":{"line":75,"column":30},"end":{"line":75,"column":89}},"21":{"start":{"line":75,"column":83},"end":{"line":75,"column":87}},"22":{"start":{"line":76,"column":31},"end":{"line":76,"column":91}},"23":{"start":{"line":76,"column":85},"end":{"line":76,"column":89}},"24":{"start":{"line":79,"column":28},"end":{"line":79,"column":91}},"25":{"start":{"line":79,"column":64},"end":{"line":79,"column":90}},"26":{"start":{"line":82,"column":26},"end":{"line":83,"column":76}},"27":{"start":{"line":83,"column":24},"end":{"line":83,"column":75}},"28":{"start":{"line":86,"column":4},"end":{"line":92,"column":5}},"29":{"start":{"line":87,"column":6},"end":{"line":91,"column":9}},"30":{"start":{"line":89,"column":71},"end":{"line":89,"column":97}},"31":{"start":{"line":90,"column":73},"end":{"line":90,"column":99}},"32":{"start":{"line":94,"column":4},"end":{"line":105,"column":8}},"33":{"start":{"line":96,"column":10},"end":{"line":103,"column":12}},"34":{"start":{"line":108,"column":4},"end":{"line":108,"column":30}},"35":{"start":{"line":111,"column":4},"end":{"line":111,"column":60}},"36":{"start":{"line":112,"column":4},"end":{"line":116,"column":7}}},"fnMap":{"0":{"name":"(anonymous_0)","decl":{"start":{"line":8,"column":32},"end":{"line":8,"column":33}},"loc":{"start":{"line":8,"column":52},"end":{"line":118,"column":1}},"line":8},"1":{"name":"(anonymous_1)","decl":{"start":{"line":37,"column":48},"end":{"line":37,"column":49}},"loc":{"start":{"line":37,"column":58},"end":{"line":53,"column":5}},"line":37},"2":{"name":"(anonymous_2)","decl":{"start":{"line":43,"column":32},"end":{"line":43,"column":33}},"loc":{"start":{"line":43,"column":40},"end":{"line":50,"column":11}},"line":43},"3":{"name":"(anonymous_3)","decl":{"start":{"line":56,"column":49},"end":{"line":56,"column":50}},"loc":{"start":{"line":56,"column":59},"end":{"line":72,"column":5}},"line":56},"4":{"name":"(anonymous_4)","decl":{"start":{"line":61,"column":32},"end":{"line":61,"column":33}},"loc":{"start":{"line":61,"column":40},"end":{"line":69,"column":11}},"line":61},"5":{"name":"(anonymous_5)","decl":{"start":{"line":75,"column":78},"end":{"line":75,"column":79}},"loc":{"start":{"line":75,"column":83},"end":{"line":75,"column":87}},"line":75},"6":{"name":"(anonymous_6)","decl":{"start":{"line":76,"column":80},"end":{"line":76,"column":81}},"loc":{"start":{"line":76,"column":85},"end":{"line":76,"column":89}},"line":76},"7":{"name":"(anonymous_7)","decl":{"start":{"line":79,"column":58},"end":{"line":79,"column":59}},"loc":{"start":{"line":79,"column":64},"end":{"line":79,"column":90}},"line":79},"8":{"name":"(anonymous_8)","decl":{"start":{"line":83,"column":14},"end":{"line":83,"column":15}},"loc":{"start":{"line":83,"column":24},"end":{"line":83,"column":75}},"line":83},"9":{"name":"(anonymous_9)","decl":{"start":{"line":89,"column":65},"end":{"line":89,"column":66}},"loc":{"start":{"line":89,"column":71},"end":{"line":89,"column":97}},"line":89},"10":{"name":"(anonymous_10)","decl":{"start":{"line":90,"column":67},"end":{"line":90,"column":68}},"loc":{"start":{"line":90,"column":73},"end":{"line":90,"column":99}},"line":90},"11":{"name":"(anonymous_11)","decl":{"start":{"line":95,"column":28},"end":{"line":95,"column":29}},"loc":{"start":{"line":95,"column":44},"end":{"line":104,"column":9}},"line":95}},"branchMap":{"0":{"loc":{"start":{"line":17,"column":30},"end":{"line":20,"column":33}},"type":"cond-expr","locations":[{"start":{"line":17,"column":45},"end":{"line":20,"column":5}},{"start":{"line":20,"column":8},"end":{"line":20,"column":33}}],"line":17},"1":{"loc":{"start":{"line":23,"column":31},"end":{"line":26,"column":33}},"type":"cond-expr","locations":[{"start":{"line":23,"column":47},"end":{"line":26,"column":5}},{"start":{"line":26,"column":8},"end":{"line":26,"column":33}}],"line":23},"2":{"loc":{"start":{"line":24,"column":25},"end":{"line":24,"column":52}},"type":"binary-expr","locations":[{"start":{"line":24,"column":25},"end":{"line":24,"column":46}},{"start":{"line":24,"column":50},"end":{"line":24,"column":52}}],"line":24},"3":{"loc":{"start":{"line":25,"column":21},"end":{"line":25,"column":45}},"type":"binary-expr","locations":[{"start":{"line":25,"column":21},"end":{"line":25,"column":40}},{"start":{"line":25,"column":44},"end":{"line":25,"column":45}}],"line":25},"4":{"loc":{"start":{"line":29,"column":4},"end":{"line":31,"column":5}},"type":"if","locations":[{"start":{"line":29,"column":4},"end":{"line":31,"column":5}},{"start":{},"end":{}}],"line":29},"5":{"loc":{"start":{"line":29,"column":8},"end":{"line":29,"column":103}},"type":"binary-expr","locations":[{"start":{"line":29,"column":9},"end":{"line":29,"column":52}},{"start":{"line":29,"column":58},"end":{"line":29,"column":102}}],"line":29},"6":{"loc":{"start":{"line":47,"column":16},"end":{"line":47,"column":58}},"type":"binary-expr","locations":[{"start":{"line":47,"column":16},"end":{"line":47,"column":28}},{"start":{"line":47,"column":32},"end":{"line":47,"column":58}}],"line":47},"7":{"loc":{"start":{"line":48,"column":16},"end":{"line":48,"column":52}},"type":"binary-expr","locations":[{"start":{"line":48,"column":16},"end":{"line":48,"column":26}},{"start":{"line":48,"column":30},"end":{"line":48,"column":52}}],"line":48},"8":{"loc":{"start":{"line":49,"column":16},"end":{"line":49,"column":46}},"type":"binary-expr","locations":[{"start":{"line":49,"column":16},"end":{"line":49,"column":24}},{"start":{"line":49,"column":28},"end":{"line":49,"column":46}}],"line":49},"9":{"loc":{"start":{"line":58,"column":6},"end":{"line":71,"column":7}},"type":"if","locations":[{"start":{"line":58,"column":6},"end":{"line":71,"column":7}},{"start":{},"end":{}}],"line":58},"10":{"loc":{"start":{"line":65,"column":16},"end":{"line":65,"column":58}},"type":"binary-expr","locations":[{"start":{"line":65,"column":16},"end":{"line":65,"column":28}},{"start":{"line":65,"column":32},"end":{"line":65,"column":58}}],"line":65},"11":{"loc":{"start":{"line":66,"column":16},"end":{"line":66,"column":52}},"type":"binary-expr","locations":[{"start":{"line":66,"column":16},"end":{"line":66,"column":26}},{"start":{"line":66,"column":30},"end":{"line":66,"column":52}}],"line":66},"12":{"loc":{"start":{"line":67,"column":16},"end":{"line":67,"column":46}},"type":"binary-expr","locations":[{"start":{"line":67,"column":16},"end":{"line":67,"column":24}},{"start":{"line":67,"column":28},"end":{"line":67,"column":46}}],"line":67},"13":{"loc":{"start":{"line":68,"column":16},"end":{"line":68,"column":52}},"type":"binary-expr","locations":[{"start":{"line":68,"column":16},"end":{"line":68,"column":26}},{"start":{"line":68,"column":30},"end":{"line":68,"column":52}}],"line":68},"14":{"loc":{"start":{"line":86,"column":4},"end":{"line":92,"column":5}},"type":"if","locations":[{"start":{"line":86,"column":4},"end":{"line":92,"column":5}},{"start":{},"end":{}}],"line":86},"15":{"loc":{"start":{"line":115,"column":13},"end":{"line":115,"column":77}},"type":"cond-expr","locations":[{"start":{"line":115,"column":54},"end":{"line":115,"column":65}},{"start":{"line":115,"column":68},"end":{"line":115,"column":77}}],"line":115}},"s":{"0":5,"1":5,"2":5,"3":5,"4":0,"5":0,"6":0,"7":0,"8":0,"9":0,"10":0,"11":0,"12":0,"13":0,"14":0,"15":0,"16":0,"17":0,"18":0,"19":0,"20":0,"21":0,"22":0,"23":0,"24":0,"25":0,"26":0,"27":0,"28":0,"29":0,"30":0,"31":0,"32":0,"33":0,"34":0,"35":0,"36":0},"f":{"0":0,"1":0,"2":0,"3":0,"4":0,"5":0,"6":0,"7":0,"8":0,"9":0,"10":0,"11":0},"b":{"0":[0,0],"1":[0,0],"2":[0,0],"3":[0,0],"4":[0,0],"5":[0,0],"6":[0,0],"7":[0,0],"8":[0,0],"9":[0,0],"10":[0,0],"11":[0,0],"12":[0,0],"13":[0,0],"14":[0,0],"15":[0,0]},"_coverageSchema":"1a1c01bbd47fc00a2c39e90264f33305004495a9","hash":"302f5cf07a6797b2aae3869126c1c1d0688a32d1"}
,"C:\\Users\\admin\\Desktop\\sportsbook\\Controllers\\Cricket\\LiveMatchMarketController.js": {"path":"C:\\Users\\admin\\Desktop\\sportsbook\\Controllers\\Cricket\\LiveMatchMarketController.js","statementMap":{"0":{"start":{"line":2,"column":0},"end":{"line":2,"column":27}},"1":{"start":{"line":3,"column":26},"end":{"line":3,"column":73}},"2":{"start":{"line":4,"column":35},"end":{"line":4,"column":101}},"3":{"start":{"line":5,"column":35},"end":{"line":5,"column":72}},"4":{"start":{"line":7,"column":0},"end":{"line":32,"column":2}},"5":{"start":{"line":8,"column":2},"end":{"line":31,"column":3}},"6":{"start":{"line":9,"column":21},"end":{"line":9,"column":43}},"7":{"start":{"line":10,"column":19},"end":{"line":10,"column":57}},"8":{"start":{"line":13,"column":4},"end":{"line":13,"column":55}},"9":{"start":{"line":14,"column":4},"end":{"line":14,"column":23}},"10":{"start":{"line":15,"column":4},"end":{"line":15,"column":33}},"11":{"start":{"line":16,"column":4},"end":{"line":16,"column":36}},"12":{"start":{"line":18,"column":24},"end":{"line":22,"column":5}},"13":{"start":{"line":24,"column":4},"end":{"line":27,"column":8}},"14":{"start":{"line":29,"column":4},"end":{"line":29,"column":53}},"15":{"start":{"line":30,"column":4},"end":{"line":30,"column":54}}},"fnMap":{"0":{"name":"(anonymous_0)","decl":{"start":{"line":7,"column":33},"end":{"line":7,"column":34}},"loc":{"start":{"line":7,"column":53},"end":{"line":32,"column":1}},"line":7}},"branchMap":{"0":{"loc":{"start":{"line":25,"column":13},"end":{"line":25,"column":35}},"type":"binary-expr","locations":[{"start":{"line":25,"column":13},"end":{"line":25,"column":30}},{"start":{"line":25,"column":34},"end":{"line":25,"column":35}}],"line":25},"1":{"loc":{"start":{"line":26,"column":15},"end":{"line":26,"column":40}},"type":"binary-expr","locations":[{"start":{"line":26,"column":15},"end":{"line":26,"column":34}},{"start":{"line":26,"column":38},"end":{"line":26,"column":40}}],"line":26}},"s":{"0":5,"1":5,"2":5,"3":5,"4":5,"5":0,"6":0,"7":0,"8":0,"9":0,"10":0,"11":0,"12":0,"13":0,"14":0,"15":0},"f":{"0":0},"b":{"0":[0,0],"1":[0,0]},"_coverageSchema":"1a1c01bbd47fc00a2c39e90264f33305004495a9","hash":"7ef643d1ee113947c07489fc071c5c74ec1a8c74"}
,"C:\\Users\\admin\\Desktop\\sportsbook\\Controllers\\Cricket\\PreMatchMarketController.js": {"path":"C:\\Users\\admin\\Desktop\\sportsbook\\Controllers\\Cricket\\PreMatchMarketController.js","statementMap":{"0":{"start":{"line":2,"column":30},"end":{"line":2,"column":76}},"1":{"start":{"line":3,"column":27},"end":{"line":3,"column":92}},"2":{"start":{"line":4,"column":31},"end":{"line":4,"column":68}},"3":{"start":{"line":5,"column":28},"end":{"line":5,"column":54}},"4":{"start":{"line":7,"column":0},"end":{"line":59,"column":2}},"5":{"start":{"line":8,"column":2},"end":{"line":58,"column":3}},"6":{"start":{"line":10,"column":25},"end":{"line":10,"column":66}},"7":{"start":{"line":12,"column":4},"end":{"line":14,"column":5}},"8":{"start":{"line":13,"column":6},"end":{"line":13,"column":64}},"9":{"start":{"line":17,"column":27},"end":{"line":19,"column":5}},"10":{"start":{"line":18,"column":6},"end":{"line":18,"column":66}},"11":{"start":{"line":22,"column":29},"end":{"line":22,"column":79}},"12":{"start":{"line":23,"column":25},"end":{"line":26,"column":7}},"13":{"start":{"line":23,"column":72},"end":{"line":26,"column":5}},"14":{"start":{"line":28,"column":23},"end":{"line":33,"column":5}},"15":{"start":{"line":35,"column":4},"end":{"line":51,"column":5}},"16":{"start":{"line":36,"column":21},"end":{"line":40,"column":7}},"17":{"start":{"line":42,"column":6},"end":{"line":42,"column":77}},"18":{"start":{"line":43,"column":6},"end":{"line":43,"column":61}},"19":{"start":{"line":44,"column":6},"end":{"line":44,"column":29}},"20":{"start":{"line":46,"column":6},"end":{"line":46,"column":48}},"21":{"start":{"line":47,"column":6},"end":{"line":50,"column":9}},"22":{"start":{"line":53,"column":4},"end":{"line":53,"column":43}},"23":{"start":{"line":54,"column":4},"end":{"line":57,"column":7}}},"fnMap":{"0":{"name":"(anonymous_0)","decl":{"start":{"line":7,"column":32},"end":{"line":7,"column":33}},"loc":{"start":{"line":7,"column":52},"end":{"line":59,"column":1}},"line":7},"1":{"name":"(anonymous_1)","decl":{"start":{"line":17,"column":55},"end":{"line":17,"column":56}},"loc":{"start":{"line":18,"column":6},"end":{"line":18,"column":66}},"line":18},"2":{"name":"(anonymous_2)","decl":{"start":{"line":23,"column":61},"end":{"line":23,"column":62}},"loc":{"start":{"line":23,"column":72},"end":{"line":26,"column":5}},"line":23}},"branchMap":{"0":{"loc":{"start":{"line":12,"column":4},"end":{"line":14,"column":5}},"type":"if","locations":[{"start":{"line":12,"column":4},"end":{"line":14,"column":5}},{"start":{},"end":{}}],"line":12},"1":{"loc":{"start":{"line":12,"column":8},"end":{"line":12,"column":66}},"type":"binary-expr","locations":[{"start":{"line":12,"column":8},"end":{"line":12,"column":29}},{"start":{"line":12,"column":33},"end":{"line":12,"column":66}}],"line":12},"2":{"loc":{"start":{"line":18,"column":6},"end":{"line":18,"column":66}},"type":"binary-expr","locations":[{"start":{"line":18,"column":6},"end":{"line":18,"column":14}},{"start":{"line":18,"column":18},"end":{"line":18,"column":66}}],"line":18}},"s":{"0":5,"1":5,"2":5,"3":5,"4":5,"5":0,"6":0,"7":0,"8":0,"9":0,"10":0,"11":0,"12":0,"13":0,"14":0,"15":0,"16":0,"17":0,"18":0,"19":0,"20":0,"21":0,"22":0,"23":0},"f":{"0":0,"1":0,"2":0},"b":{"0":[0,0],"1":[0,0],"2":[0,0]},"_coverageSchema":"1a1c01bbd47fc00a2c39e90264f33305004495a9","hash":"54bb4ae993a339395686b8bc8837378d8ac084f1"}
,"C:\\Users\\admin\\Desktop\\sportsbook\\Controllers\\Cricket\\PreMatchoddsController.js": {"path":"C:\\Users\\admin\\Desktop\\sportsbook\\Controllers\\Cricket\\PreMatchoddsController.js","statementMap":{"0":{"start":{"line":1,"column":28},"end":{"line":1,"column":72}},"1":{"start":{"line":2,"column":30},"end":{"line":2,"column":93}},"2":{"start":{"line":3,"column":28},"end":{"line":3,"column":54}},"3":{"start":{"line":4,"column":31},"end":{"line":4,"column":68}},"4":{"start":{"line":6,"column":0},"end":{"line":44,"column":2}},"5":{"start":{"line":7,"column":4},"end":{"line":43,"column":5}},"6":{"start":{"line":9,"column":29},"end":{"line":9,"column":70}},"7":{"start":{"line":11,"column":30},"end":{"line":11,"column":93}},"8":{"start":{"line":13,"column":8},"end":{"line":15,"column":9}},"9":{"start":{"line":14,"column":12},"end":{"line":14,"column":72}},"10":{"start":{"line":17,"column":27},"end":{"line":22,"column":9}},"11":{"start":{"line":25,"column":8},"end":{"line":34,"column":9}},"12":{"start":{"line":26,"column":12},"end":{"line":30,"column":14}},"13":{"start":{"line":31,"column":12},"end":{"line":31,"column":92}},"14":{"start":{"line":33,"column":12},"end":{"line":33,"column":61}},"15":{"start":{"line":36,"column":8},"end":{"line":36,"column":38}},"16":{"start":{"line":38,"column":8},"end":{"line":38,"column":58}},"17":{"start":{"line":39,"column":8},"end":{"line":42,"column":11}}},"fnMap":{"0":{"name":"(anonymous_0)","decl":{"start":{"line":6,"column":30},"end":{"line":6,"column":31}},"loc":{"start":{"line":6,"column":50},"end":{"line":44,"column":1}},"line":6}},"branchMap":{"0":{"loc":{"start":{"line":13,"column":8},"end":{"line":15,"column":9}},"type":"if","locations":[{"start":{"line":13,"column":8},"end":{"line":15,"column":9}},{"start":{},"end":{}}],"line":13},"1":{"loc":{"start":{"line":20,"column":19},"end":{"line":20,"column":51}},"type":"binary-expr","locations":[{"start":{"line":20,"column":19},"end":{"line":20,"column":46}},{"start":{"line":20,"column":50},"end":{"line":20,"column":51}}],"line":20},"2":{"loc":{"start":{"line":21,"column":21},"end":{"line":21,"column":58}},"type":"binary-expr","locations":[{"start":{"line":21,"column":21},"end":{"line":21,"column":52}},{"start":{"line":21,"column":56},"end":{"line":21,"column":58}}],"line":21},"3":{"loc":{"start":{"line":40,"column":19},"end":{"line":40,"column":68}},"type":"binary-expr","locations":[{"start":{"line":40,"column":19},"end":{"line":40,"column":32}},{"start":{"line":40,"column":36},"end":{"line":40,"column":68}}],"line":40}},"s":{"0":5,"1":5,"2":5,"3":5,"4":5,"5":0,"6":0,"7":0,"8":0,"9":0,"10":0,"11":0,"12":0,"13":0,"14":0,"15":0,"16":0,"17":0},"f":{"0":0},"b":{"0":[0,0],"1":[0,0],"2":[0,0],"3":[0,0]},"_coverageSchema":"1a1c01bbd47fc00a2c39e90264f33305004495a9","hash":"2047db31e07559640792c6e91a618f11f3b10e83"}
,"C:\\Users\\admin\\Desktop\\sportsbook\\Controllers\\Football\\LiveMatchMarketController.js": {"path":"C:\\Users\\admin\\Desktop\\sportsbook\\Controllers\\Football\\LiveMatchMarketController.js","statementMap":{"0":{"start":{"line":2,"column":0},"end":{"line":2,"column":27}},"1":{"start":{"line":3,"column":23},"end":{"line":3,"column":71}},"2":{"start":{"line":4,"column":35},"end":{"line":4,"column":101}},"3":{"start":{"line":5,"column":39},"end":{"line":5,"column":76}},"4":{"start":{"line":7,"column":0},"end":{"line":39,"column":2}},"5":{"start":{"line":8,"column":2},"end":{"line":38,"column":3}},"6":{"start":{"line":9,"column":21},"end":{"line":9,"column":47}},"7":{"start":{"line":10,"column":19},"end":{"line":10,"column":57}},"8":{"start":{"line":12,"column":4},"end":{"line":12,"column":70}},"9":{"start":{"line":13,"column":4},"end":{"line":13,"column":23}},"10":{"start":{"line":14,"column":4},"end":{"line":14,"column":34}},"11":{"start":{"line":15,"column":4},"end":{"line":15,"column":37}},"12":{"start":{"line":17,"column":24},"end":{"line":25,"column":5}},"13":{"start":{"line":28,"column":25},"end":{"line":28,"column":47}},"14":{"start":{"line":29,"column":4},"end":{"line":29,"column":28}},"15":{"start":{"line":31,"column":4},"end":{"line":34,"column":8}},"16":{"start":{"line":36,"column":4},"end":{"line":36,"column":54}},"17":{"start":{"line":37,"column":4},"end":{"line":37,"column":54}}},"fnMap":{"0":{"name":"(anonymous_0)","decl":{"start":{"line":7,"column":26},"end":{"line":7,"column":27}},"loc":{"start":{"line":7,"column":46},"end":{"line":39,"column":1}},"line":7}},"branchMap":{"0":{"loc":{"start":{"line":32,"column":13},"end":{"line":32,"column":36}},"type":"binary-expr","locations":[{"start":{"line":32,"column":13},"end":{"line":32,"column":31}},{"start":{"line":32,"column":35},"end":{"line":32,"column":36}}],"line":32}},"s":{"0":5,"1":5,"2":5,"3":5,"4":5,"5":7,"6":7,"7":7,"8":6,"9":6,"10":6,"11":6,"12":6,"13":6,"14":6,"15":6,"16":1,"17":1},"f":{"0":7},"b":{"0":[6,2]},"_coverageSchema":"1a1c01bbd47fc00a2c39e90264f33305004495a9","hash":"a7d69f64ad6606bc80fc5c3545d6b46f3fc64b31"}
,"C:\\Users\\admin\\Desktop\\sportsbook\\Controllers\\Football\\PreMatchMarketController.js": {"path":"C:\\Users\\admin\\Desktop\\sportsbook\\Controllers\\Football\\PreMatchMarketController.js","statementMap":{"0":{"start":{"line":7,"column":28},"end":{"line":7,"column":54}},"1":{"start":{"line":8,"column":27},"end":{"line":8,"column":92}},"2":{"start":{"line":9,"column":29},"end":{"line":9,"column":65}},"3":{"start":{"line":10,"column":23},"end":{"line":10,"column":70}},"4":{"start":{"line":11,"column":23},"end":{"line":11,"column":60}},"5":{"start":{"line":12,"column":0},"end":{"line":12,"column":27}},"6":{"start":{"line":15,"column":0},"end":{"line":67,"column":2}},"7":{"start":{"line":16,"column":2},"end":{"line":66,"column":3}},"8":{"start":{"line":19,"column":17},"end":{"line":19,"column":50}},"9":{"start":{"line":22,"column":4},"end":{"line":30,"column":5}},"10":{"start":{"line":23,"column":6},"end":{"line":29,"column":9}},"11":{"start":{"line":34,"column":32},"end":{"line":34,"column":72}},"12":{"start":{"line":38,"column":23},"end":{"line":38,"column":60}},"13":{"start":{"line":42,"column":4},"end":{"line":46,"column":6}},"14":{"start":{"line":50,"column":4},"end":{"line":50,"column":27}},"15":{"start":{"line":56,"column":4},"end":{"line":56,"column":47}},"16":{"start":{"line":59,"column":21},"end":{"line":61,"column":5}},"17":{"start":{"line":65,"column":4},"end":{"line":65,"column":35}}},"fnMap":{"0":{"name":"(anonymous_0)","decl":{"start":{"line":15,"column":25},"end":{"line":15,"column":26}},"loc":{"start":{"line":15,"column":45},"end":{"line":67,"column":1}},"line":15}},"branchMap":{"0":{"loc":{"start":{"line":22,"column":4},"end":{"line":30,"column":5}},"type":"if","locations":[{"start":{"line":22,"column":4},"end":{"line":30,"column":5}},{"start":{},"end":{}}],"line":22}},"s":{"0":5,"1":5,"2":5,"3":5,"4":5,"5":5,"6":5,"7":3,"8":3,"9":2,"10":1,"11":1,"12":1,"13":1,"14":1,"15":1,"16":1,"17":1},"f":{"0":3},"b":{"0":[1,1]},"_coverageSchema":"1a1c01bbd47fc00a2c39e90264f33305004495a9","hash":"6f38d068963bb10431e909c755844ce671eabf41"}
,"C:\\Users\\admin\\Desktop\\sportsbook\\Controllers\\Football\\PreMatchoddsController.js": {"path":"C:\\Users\\admin\\Desktop\\sportsbook\\Controllers\\Football\\PreMatchoddsController.js","statementMap":{"0":{"start":{"line":3,"column":28},"end":{"line":3,"column":54}},"1":{"start":{"line":4,"column":21},"end":{"line":4,"column":66}},"2":{"start":{"line":5,"column":30},"end":{"line":5,"column":93}},"3":{"start":{"line":6,"column":23},"end":{"line":6,"column":60}},"4":{"start":{"line":7,"column":0},"end":{"line":7,"column":27}},"5":{"start":{"line":10,"column":0},"end":{"line":64,"column":2}},"6":{"start":{"line":11,"column":2},"end":{"line":63,"column":3}},"7":{"start":{"line":13,"column":17},"end":{"line":13,"column":50}},"8":{"start":{"line":16,"column":26},"end":{"line":16,"column":73}},"9":{"start":{"line":19,"column":4},"end":{"line":21,"column":5}},"10":{"start":{"line":20,"column":6},"end":{"line":20,"column":49}},"11":{"start":{"line":24,"column":19},"end":{"line":29,"column":5}},"12":{"start":{"line":32,"column":20},"end":{"line":35,"column":5}},"13":{"start":{"line":39,"column":19},"end":{"line":39,"column":75}},"14":{"start":{"line":42,"column":21},"end":{"line":45,"column":5}},"15":{"start":{"line":48,"column":4},"end":{"line":48,"column":25}},"16":{"start":{"line":54,"column":4},"end":{"line":54,"column":47}},"17":{"start":{"line":57,"column":21},"end":{"line":59,"column":5}},"18":{"start":{"line":62,"column":4},"end":{"line":62,"column":35}}},"fnMap":{"0":{"name":"(anonymous_0)","decl":{"start":{"line":10,"column":23},"end":{"line":10,"column":24}},"loc":{"start":{"line":10,"column":43},"end":{"line":64,"column":1}},"line":10}},"branchMap":{"0":{"loc":{"start":{"line":19,"column":4},"end":{"line":21,"column":5}},"type":"if","locations":[{"start":{"line":19,"column":4},"end":{"line":21,"column":5}},{"start":{},"end":{}}],"line":19}},"s":{"0":6,"1":6,"2":6,"3":6,"4":6,"5":6,"6":3,"7":3,"8":2,"9":2,"10":1,"11":1,"12":1,"13":1,"14":1,"15":1,"16":1,"17":1,"18":1},"f":{"0":3},"b":{"0":[1,1]},"_coverageSchema":"1a1c01bbd47fc00a2c39e90264f33305004495a9","hash":"e7ebefaaaf0f44689b5f01d8920ad90e23ce3cc4"}
,"C:\\Users\\admin\\Desktop\\sportsbook\\Controllers\\ICE_HOCKEY\\LiveMatchMarketController.js": {"path":"C:\\Users\\admin\\Desktop\\sportsbook\\Controllers\\ICE_HOCKEY\\LiveMatchMarketController.js","statementMap":{"0":{"start":{"line":2,"column":0},"end":{"line":2,"column":27}},"1":{"start":{"line":4,"column":28},"end":{"line":4,"column":78}},"2":{"start":{"line":5,"column":35},"end":{"line":5,"column":101}},"3":{"start":{"line":6,"column":41},"end":{"line":6,"column":78}},"4":{"start":{"line":8,"column":0},"end":{"line":33,"column":2}},"5":{"start":{"line":9,"column":2},"end":{"line":32,"column":3}},"6":{"start":{"line":10,"column":22},"end":{"line":10,"column":50}},"7":{"start":{"line":11,"column":19},"end":{"line":11,"column":57}},"8":{"start":{"line":13,"column":4},"end":{"line":13,"column":72}},"9":{"start":{"line":14,"column":4},"end":{"line":14,"column":24}},"10":{"start":{"line":15,"column":4},"end":{"line":15,"column":36}},"11":{"start":{"line":16,"column":4},"end":{"line":16,"column":39}},"12":{"start":{"line":18,"column":24},"end":{"line":23,"column":7}},"13":{"start":{"line":25,"column":4},"end":{"line":28,"column":8}},"14":{"start":{"line":30,"column":4},"end":{"line":30,"column":55}},"15":{"start":{"line":31,"column":4},"end":{"line":31,"column":54}}},"fnMap":{"0":{"name":"(anonymous_0)","decl":{"start":{"line":8,"column":29},"end":{"line":8,"column":30}},"loc":{"start":{"line":8,"column":49},"end":{"line":33,"column":1}},"line":8}},"branchMap":{"0":{"loc":{"start":{"line":26,"column":13},"end":{"line":26,"column":35}},"type":"binary-expr","locations":[{"start":{"line":26,"column":13},"end":{"line":26,"column":30}},{"start":{"line":26,"column":34},"end":{"line":26,"column":35}}],"line":26}},"s":{"0":5,"1":5,"2":5,"3":5,"4":5,"5":5,"6":5,"7":5,"8":4,"9":4,"10":4,"11":4,"12":4,"13":4,"14":1,"15":1},"f":{"0":5},"b":{"0":[4,1]},"_coverageSchema":"1a1c01bbd47fc00a2c39e90264f33305004495a9","hash":"8993f0736c88953a99fd5000adcb42355a64909d"}
,"C:\\Users\\admin\\Desktop\\sportsbook\\Controllers\\ICE_HOCKEY\\PreMatchMarketController.js": {"path":"C:\\Users\\admin\\Desktop\\sportsbook\\Controllers\\ICE_HOCKEY\\PreMatchMarketController.js","statementMap":{"0":{"start":{"line":2,"column":32},"end":{"line":2,"column":81}},"1":{"start":{"line":3,"column":27},"end":{"line":3,"column":92}},"2":{"start":{"line":4,"column":30},"end":{"line":4,"column":67}},"3":{"start":{"line":5,"column":28},"end":{"line":5,"column":54}},"4":{"start":{"line":7,"column":0},"end":{"line":59,"column":2}},"5":{"start":{"line":8,"column":2},"end":{"line":58,"column":3}},"6":{"start":{"line":10,"column":25},"end":{"line":10,"column":65}},"7":{"start":{"line":12,"column":4},"end":{"line":14,"column":5}},"8":{"start":{"line":13,"column":6},"end":{"line":13,"column":64}},"9":{"start":{"line":17,"column":27},"end":{"line":19,"column":5}},"10":{"start":{"line":18,"column":6},"end":{"line":18,"column":65}},"11":{"start":{"line":22,"column":29},"end":{"line":22,"column":78}},"12":{"start":{"line":23,"column":25},"end":{"line":26,"column":7}},"13":{"start":{"line":23,"column":72},"end":{"line":26,"column":5}},"14":{"start":{"line":28,"column":23},"end":{"line":33,"column":5}},"15":{"start":{"line":35,"column":4},"end":{"line":51,"column":5}},"16":{"start":{"line":36,"column":21},"end":{"line":40,"column":7}},"17":{"start":{"line":42,"column":6},"end":{"line":42,"column":80}},"18":{"start":{"line":43,"column":6},"end":{"line":43,"column":61}},"19":{"start":{"line":44,"column":6},"end":{"line":44,"column":29}},"20":{"start":{"line":46,"column":6},"end":{"line":46,"column":48}},"21":{"start":{"line":47,"column":6},"end":{"line":50,"column":9}},"22":{"start":{"line":53,"column":4},"end":{"line":53,"column":43}},"23":{"start":{"line":54,"column":4},"end":{"line":57,"column":7}}},"fnMap":{"0":{"name":"(anonymous_0)","decl":{"start":{"line":7,"column":34},"end":{"line":7,"column":35}},"loc":{"start":{"line":7,"column":54},"end":{"line":59,"column":1}},"line":7},"1":{"name":"(anonymous_1)","decl":{"start":{"line":17,"column":55},"end":{"line":17,"column":56}},"loc":{"start":{"line":18,"column":6},"end":{"line":18,"column":65}},"line":18},"2":{"name":"(anonymous_2)","decl":{"start":{"line":23,"column":61},"end":{"line":23,"column":62}},"loc":{"start":{"line":23,"column":72},"end":{"line":26,"column":5}},"line":23}},"branchMap":{"0":{"loc":{"start":{"line":12,"column":4},"end":{"line":14,"column":5}},"type":"if","locations":[{"start":{"line":12,"column":4},"end":{"line":14,"column":5}},{"start":{},"end":{}}],"line":12},"1":{"loc":{"start":{"line":12,"column":8},"end":{"line":12,"column":66}},"type":"binary-expr","locations":[{"start":{"line":12,"column":8},"end":{"line":12,"column":29}},{"start":{"line":12,"column":33},"end":{"line":12,"column":66}}],"line":12},"2":{"loc":{"start":{"line":18,"column":6},"end":{"line":18,"column":65}},"type":"binary-expr","locations":[{"start":{"line":18,"column":6},"end":{"line":18,"column":14}},{"start":{"line":18,"column":18},"end":{"line":18,"column":65}}],"line":18}},"s":{"0":5,"1":5,"2":5,"3":5,"4":5,"5":4,"6":4,"7":3,"8":1,"9":2,"10":2,"11":2,"12":2,"13":5,"14":2,"15":2,"16":2,"17":1,"18":1,"19":1,"20":1,"21":1,"22":1,"23":1},"f":{"0":4,"1":2,"2":5},"b":{"0":[1,2],"1":[3,3],"2":[2,2]},"_coverageSchema":"1a1c01bbd47fc00a2c39e90264f33305004495a9","hash":"d6268e0c9d9ba006ca208ef940368ce32aed9133"}
,"C:\\Users\\admin\\Desktop\\sportsbook\\Controllers\\ICE_HOCKEY\\PreMatchOddsController.js": {"path":"C:\\Users\\admin\\Desktop\\sportsbook\\Controllers\\ICE_HOCKEY\\PreMatchOddsController.js","statementMap":{"0":{"start":{"line":2,"column":30},"end":{"line":2,"column":77}},"1":{"start":{"line":3,"column":30},"end":{"line":3,"column":93}},"2":{"start":{"line":4,"column":28},"end":{"line":4,"column":54}},"3":{"start":{"line":5,"column":30},"end":{"line":5,"column":67}},"4":{"start":{"line":7,"column":0},"end":{"line":45,"column":2}},"5":{"start":{"line":8,"column":4},"end":{"line":44,"column":5}},"6":{"start":{"line":10,"column":29},"end":{"line":10,"column":69}},"7":{"start":{"line":12,"column":30},"end":{"line":12,"column":92}},"8":{"start":{"line":14,"column":8},"end":{"line":16,"column":9}},"9":{"start":{"line":15,"column":12},"end":{"line":15,"column":72}},"10":{"start":{"line":18,"column":27},"end":{"line":23,"column":9}},"11":{"start":{"line":26,"column":8},"end":{"line":35,"column":9}},"12":{"start":{"line":27,"column":12},"end":{"line":31,"column":14}},"13":{"start":{"line":32,"column":12},"end":{"line":32,"column":95}},"14":{"start":{"line":34,"column":12},"end":{"line":34,"column":61}},"15":{"start":{"line":37,"column":8},"end":{"line":37,"column":38}},"16":{"start":{"line":39,"column":8},"end":{"line":39,"column":58}},"17":{"start":{"line":40,"column":8},"end":{"line":43,"column":11}}},"fnMap":{"0":{"name":"(anonymous_0)","decl":{"start":{"line":7,"column":32},"end":{"line":7,"column":33}},"loc":{"start":{"line":7,"column":52},"end":{"line":45,"column":1}},"line":7}},"branchMap":{"0":{"loc":{"start":{"line":14,"column":8},"end":{"line":16,"column":9}},"type":"if","locations":[{"start":{"line":14,"column":8},"end":{"line":16,"column":9}},{"start":{},"end":{}}],"line":14},"1":{"loc":{"start":{"line":21,"column":19},"end":{"line":21,"column":51}},"type":"binary-expr","locations":[{"start":{"line":21,"column":19},"end":{"line":21,"column":46}},{"start":{"line":21,"column":50},"end":{"line":21,"column":51}}],"line":21},"2":{"loc":{"start":{"line":22,"column":21},"end":{"line":22,"column":58}},"type":"binary-expr","locations":[{"start":{"line":22,"column":21},"end":{"line":22,"column":52}},{"start":{"line":22,"column":56},"end":{"line":22,"column":58}}],"line":22},"3":{"loc":{"start":{"line":41,"column":19},"end":{"line":41,"column":71}},"type":"binary-expr","locations":[{"start":{"line":41,"column":19},"end":{"line":41,"column":32}},{"start":{"line":41,"column":36},"end":{"line":41,"column":71}}],"line":41}},"s":{"0":6,"1":6,"2":6,"3":6,"4":6,"5":7,"6":7,"7":5,"8":5,"9":1,"10":4,"11":4,"12":4,"13":2,"14":2,"15":4,"16":2,"17":2},"f":{"0":7},"b":{"0":[1,4],"1":[4,1],"2":[4,0],"3":[2,0]},"_coverageSchema":"1a1c01bbd47fc00a2c39e90264f33305004495a9","hash":"d3939d7ba5ee1bd76d72b55da6aa9f1641fc6891"}
,"C:\\Users\\admin\\Desktop\\sportsbook\\Controllers\\Tennis\\LiveMatchMarketController.js": {"path":"C:\\Users\\admin\\Desktop\\sportsbook\\Controllers\\Tennis\\LiveMatchMarketController.js","statementMap":{"0":{"start":{"line":1,"column":0},"end":{"line":1,"column":27}},"1":{"start":{"line":2,"column":25},"end":{"line":2,"column":71}},"2":{"start":{"line":3,"column":35},"end":{"line":3,"column":101}},"3":{"start":{"line":4,"column":34},"end":{"line":4,"column":71}},"4":{"start":{"line":6,"column":0},"end":{"line":29,"column":2}},"5":{"start":{"line":7,"column":2},"end":{"line":28,"column":3}},"6":{"start":{"line":8,"column":22},"end":{"line":8,"column":43}},"7":{"start":{"line":9,"column":19},"end":{"line":9,"column":57}},"8":{"start":{"line":11,"column":4},"end":{"line":11,"column":70}},"9":{"start":{"line":13,"column":24},"end":{"line":17,"column":5}},"10":{"start":{"line":19,"column":4},"end":{"line":24,"column":8}},"11":{"start":{"line":26,"column":4},"end":{"line":26,"column":46}},"12":{"start":{"line":27,"column":4},"end":{"line":27,"column":61}}},"fnMap":{"0":{"name":"(anonymous_0)","decl":{"start":{"line":6,"column":32},"end":{"line":6,"column":33}},"loc":{"start":{"line":6,"column":52},"end":{"line":29,"column":1}},"line":6}},"branchMap":{},"s":{"0":5,"1":5,"2":5,"3":5,"4":5,"5":0,"6":0,"7":0,"8":0,"9":0,"10":0,"11":0,"12":0},"f":{"0":0},"b":{},"_coverageSchema":"1a1c01bbd47fc00a2c39e90264f33305004495a9","hash":"71b6c8bba554402ea4efa186193e66ef5ac1d784"}
,"C:\\Users\\admin\\Desktop\\sportsbook\\Controllers\\Tennis\\PreMatchMarketController.js": {"path":"C:\\Users\\admin\\Desktop\\sportsbook\\Controllers\\Tennis\\PreMatchMarketController.js","statementMap":{"0":{"start":{"line":2,"column":28},"end":{"line":2,"column":54}},"1":{"start":{"line":3,"column":23},"end":{"line":3,"column":68}},"2":{"start":{"line":4,"column":27},"end":{"line":4,"column":86}},"3":{"start":{"line":5,"column":45},"end":{"line":5,"column":82}},"4":{"start":{"line":7,"column":22},"end":{"line":10,"column":1}},"5":{"start":{"line":12,"column":0},"end":{"line":70,"column":2}},"6":{"start":{"line":13,"column":2},"end":{"line":69,"column":3}},"7":{"start":{"line":15,"column":21},"end":{"line":15,"column":61}},"8":{"start":{"line":18,"column":4},"end":{"line":23,"column":5}},"9":{"start":{"line":19,"column":6},"end":{"line":22,"column":9}},"10":{"start":{"line":26,"column":27},"end":{"line":40,"column":22}},"11":{"start":{"line":28,"column":22},"end":{"line":28,"column":75}},"12":{"start":{"line":28,"column":50},"end":{"line":28,"column":74}},"13":{"start":{"line":29,"column":8},"end":{"line":29,"column":32}},"14":{"start":{"line":29,"column":20},"end":{"line":29,"column":32}},"15":{"start":{"line":31,"column":26},"end":{"line":31,"column":49}},"16":{"start":{"line":32,"column":8},"end":{"line":38,"column":10}},"17":{"start":{"line":43,"column":29},"end":{"line":43,"column":59}},"18":{"start":{"line":46,"column":25},"end":{"line":51,"column":5}},"19":{"start":{"line":54,"column":4},"end":{"line":58,"column":6}},"20":{"start":{"line":61,"column":4},"end":{"line":61,"column":27}},"21":{"start":{"line":64,"column":4},"end":{"line":64,"column":58}},"22":{"start":{"line":65,"column":4},"end":{"line":68,"column":7}}},"fnMap":{"0":{"name":"(anonymous_0)","decl":{"start":{"line":12,"column":31},"end":{"line":12,"column":32}},"loc":{"start":{"line":12,"column":51},"end":{"line":70,"column":1}},"line":12},"1":{"name":"(anonymous_1)","decl":{"start":{"line":27,"column":11},"end":{"line":27,"column":12}},"loc":{"start":{"line":27,"column":17},"end":{"line":39,"column":7}},"line":27},"2":{"name":"(anonymous_2)","decl":{"start":{"line":28,"column":44},"end":{"line":28,"column":45}},"loc":{"start":{"line":28,"column":50},"end":{"line":28,"column":74}},"line":28}},"branchMap":{"0":{"loc":{"start":{"line":18,"column":4},"end":{"line":23,"column":5}},"type":"if","locations":[{"start":{"line":18,"column":4},"end":{"line":23,"column":5}},{"start":{},"end":{}}],"line":18},"1":{"loc":{"start":{"line":29,"column":8},"end":{"line":29,"column":32}},"type":"if","locations":[{"start":{"line":29,"column":8},"end":{"line":29,"column":32}},{"start":{},"end":{}}],"line":29},"2":{"loc":{"start":{"line":31,"column":26},"end":{"line":31,"column":49}},"type":"binary-expr","locations":[{"start":{"line":31,"column":26},"end":{"line":31,"column":43}},{"start":{"line":31,"column":47},"end":{"line":31,"column":49}}],"line":31},"3":{"loc":{"start":{"line":67,"column":15},"end":{"line":67,"column":81}},"type":"cond-expr","locations":[{"start":{"line":67,"column":56},"end":{"line":67,"column":69}},{"start":{"line":67,"column":72},"end":{"line":67,"column":81}}],"line":67}},"s":{"0":5,"1":5,"2":5,"3":5,"4":5,"5":5,"6":0,"7":0,"8":0,"9":0,"10":0,"11":0,"12":0,"13":0,"14":0,"15":0,"16":0,"17":0,"18":0,"19":0,"20":0,"21":0,"22":0},"f":{"0":0,"1":0,"2":0},"b":{"0":[0,0],"1":[0,0],"2":[0,0],"3":[0,0]},"_coverageSchema":"1a1c01bbd47fc00a2c39e90264f33305004495a9","hash":"790a08e17935afe9f6c8e6c79057a1d91c09ddc3"}
,"C:\\Users\\admin\\Desktop\\sportsbook\\Controllers\\Tennis\\PreMatchOddsController.js": {"path":"C:\\Users\\admin\\Desktop\\sportsbook\\Controllers\\Tennis\\PreMatchOddsController.js","statementMap":{"0":{"start":{"line":2,"column":28},"end":{"line":2,"column":54}},"1":{"start":{"line":3,"column":23},"end":{"line":3,"column":68}},"2":{"start":{"line":4,"column":45},"end":{"line":4,"column":82}},"3":{"start":{"line":6,"column":22},"end":{"line":9,"column":1}},"4":{"start":{"line":13,"column":32},"end":{"line":13,"column":34}},"5":{"start":{"line":14,"column":23},"end":{"line":14,"column":59}},"6":{"start":{"line":16,"column":4},"end":{"line":29,"column":5}},"7":{"start":{"line":17,"column":6},"end":{"line":20,"column":7}},"8":{"start":{"line":18,"column":8},"end":{"line":18,"column":72}},"9":{"start":{"line":19,"column":8},"end":{"line":19,"column":17}},"10":{"start":{"line":22,"column":23},"end":{"line":22,"column":51}},"11":{"start":{"line":24,"column":6},"end":{"line":28,"column":7}},"12":{"start":{"line":25,"column":8},"end":{"line":27,"column":9}},"13":{"start":{"line":26,"column":10},"end":{"line":26,"column":89}},"14":{"start":{"line":31,"column":4},"end":{"line":31,"column":46}},"15":{"start":{"line":36,"column":24},"end":{"line":38,"column":5}},"16":{"start":{"line":37,"column":13},"end":{"line":37,"column":62}},"17":{"start":{"line":41,"column":29},"end":{"line":47,"column":21}},"18":{"start":{"line":50,"column":21},"end":{"line":50,"column":72}},"19":{"start":{"line":51,"column":4},"end":{"line":51,"column":20}},"20":{"start":{"line":55,"column":26},"end":{"line":94,"column":5}},"21":{"start":{"line":56,"column":6},"end":{"line":56,"column":47}},"22":{"start":{"line":56,"column":40},"end":{"line":56,"column":47}},"23":{"start":{"line":58,"column":23},"end":{"line":58,"column":43}},"24":{"start":{"line":59,"column":23},"end":{"line":59,"column":34}},"25":{"start":{"line":61,"column":6},"end":{"line":63,"column":7}},"26":{"start":{"line":62,"column":8},"end":{"line":62,"column":96}},"27":{"start":{"line":64,"column":6},"end":{"line":66,"column":7}},"28":{"start":{"line":65,"column":8},"end":{"line":65,"column":96}},"29":{"start":{"line":68,"column":24},"end":{"line":68,"column":51}},"30":{"start":{"line":70,"column":6},"end":{"line":77,"column":7}},"31":{"start":{"line":71,"column":8},"end":{"line":76,"column":10}},"32":{"start":{"line":79,"column":25},"end":{"line":82,"column":7}},"33":{"start":{"line":84,"column":6},"end":{"line":86,"column":7}},"34":{"start":{"line":84,"column":48},"end":{"line":84,"column":70}},"35":{"start":{"line":85,"column":8},"end":{"line":85,"column":52}},"36":{"start":{"line":88,"column":6},"end":{"line":93,"column":7}},"37":{"start":{"line":89,"column":26},"end":{"line":89,"column":50}},"38":{"start":{"line":90,"column":8},"end":{"line":92,"column":9}},"39":{"start":{"line":91,"column":10},"end":{"line":91,"column":46}},"40":{"start":{"line":97,"column":4},"end":{"line":110,"column":5}},"41":{"start":{"line":98,"column":6},"end":{"line":98,"column":32}},"42":{"start":{"line":98,"column":23},"end":{"line":98,"column":32}},"43":{"start":{"line":101,"column":6},"end":{"line":109,"column":7}},"44":{"start":{"line":102,"column":8},"end":{"line":104,"column":9}},"45":{"start":{"line":103,"column":10},"end":{"line":103,"column":35}},"46":{"start":{"line":108,"column":8},"end":{"line":108,"column":34}},"47":{"start":{"line":114,"column":17},"end":{"line":114,"column":19}},"48":{"start":{"line":116,"column":4},"end":{"line":124,"column":5}},"49":{"start":{"line":117,"column":6},"end":{"line":117,"column":29}},"50":{"start":{"line":118,"column":11},"end":{"line":124,"column":5}},"51":{"start":{"line":119,"column":6},"end":{"line":123,"column":7}},"52":{"start":{"line":120,"column":8},"end":{"line":122,"column":9}},"53":{"start":{"line":121,"column":10},"end":{"line":121,"column":43}},"54":{"start":{"line":126,"column":4},"end":{"line":126,"column":16}},"55":{"start":{"line":130,"column":4},"end":{"line":130,"column":57}},"56":{"start":{"line":134,"column":0},"end":{"line":194,"column":2}},"57":{"start":{"line":135,"column":2},"end":{"line":193,"column":3}},"58":{"start":{"line":137,"column":21},"end":{"line":137,"column":61}},"59":{"start":{"line":140,"column":4},"end":{"line":145,"column":5}},"60":{"start":{"line":141,"column":6},"end":{"line":144,"column":9}},"61":{"start":{"line":148,"column":27},"end":{"line":162,"column":22}},"62":{"start":{"line":150,"column":22},"end":{"line":150,"column":75}},"63":{"start":{"line":150,"column":50},"end":{"line":150,"column":74}},"64":{"start":{"line":151,"column":8},"end":{"line":151,"column":32}},"65":{"start":{"line":151,"column":20},"end":{"line":151,"column":32}},"66":{"start":{"line":153,"column":26},"end":{"line":153,"column":49}},"67":{"start":{"line":154,"column":8},"end":{"line":160,"column":10}},"68":{"start":{"line":165,"column":4},"end":{"line":165,"column":63}},"69":{"start":{"line":166,"column":29},"end":{"line":166,"column":82}},"70":{"start":{"line":167,"column":4},"end":{"line":167,"column":61}},"71":{"start":{"line":170,"column":25},"end":{"line":175,"column":5}},"72":{"start":{"line":178,"column":4},"end":{"line":182,"column":6}},"73":{"start":{"line":185,"column":4},"end":{"line":185,"column":27}},"74":{"start":{"line":188,"column":4},"end":{"line":188,"column":58}},"75":{"start":{"line":189,"column":4},"end":{"line":192,"column":7}}},"fnMap":{"0":{"name":"(anonymous_0)","decl":{"start":{"line":12,"column":2},"end":{"line":12,"column":3}},"loc":{"start":{"line":12,"column":25},"end":{"line":32,"column":3}},"line":12},"1":{"name":"(anonymous_1)","decl":{"start":{"line":34,"column":2},"end":{"line":34,"column":3}},"loc":{"start":{"line":34,"column":33},"end":{"line":52,"column":3}},"line":34},"2":{"name":"(anonymous_2)","decl":{"start":{"line":37,"column":6},"end":{"line":37,"column":7}},"loc":{"start":{"line":37,"column":13},"end":{"line":37,"column":62}},"line":37},"3":{"name":"(anonymous_3)","decl":{"start":{"line":54,"column":2},"end":{"line":54,"column":3}},"loc":{"start":{"line":54,"column":62},"end":{"line":111,"column":3}},"line":54},"4":{"name":"(anonymous_4)","decl":{"start":{"line":55,"column":26},"end":{"line":55,"column":27}},"loc":{"start":{"line":55,"column":38},"end":{"line":94,"column":5}},"line":55},"5":{"name":"(anonymous_5)","decl":{"start":{"line":84,"column":43},"end":{"line":84,"column":44}},"loc":{"start":{"line":84,"column":48},"end":{"line":84,"column":70}},"line":84},"6":{"name":"(anonymous_6)","decl":{"start":{"line":113,"column":2},"end":{"line":113,"column":3}},"loc":{"start":{"line":113,"column":33},"end":{"line":127,"column":3}},"line":113},"7":{"name":"(anonymous_7)","decl":{"start":{"line":129,"column":2},"end":{"line":129,"column":3}},"loc":{"start":{"line":129,"column":30},"end":{"line":131,"column":3}},"line":129},"8":{"name":"(anonymous_8)","decl":{"start":{"line":134,"column":29},"end":{"line":134,"column":30}},"loc":{"start":{"line":134,"column":49},"end":{"line":194,"column":1}},"line":134},"9":{"name":"(anonymous_9)","decl":{"start":{"line":149,"column":11},"end":{"line":149,"column":12}},"loc":{"start":{"line":149,"column":17},"end":{"line":161,"column":7}},"line":149},"10":{"name":"(anonymous_10)","decl":{"start":{"line":150,"column":44},"end":{"line":150,"column":45}},"loc":{"start":{"line":150,"column":50},"end":{"line":150,"column":74}},"line":150}},"branchMap":{"0":{"loc":{"start":{"line":14,"column":23},"end":{"line":14,"column":59}},"type":"cond-expr","locations":[{"start":{"line":14,"column":43},"end":{"line":14,"column":52}},{"start":{"line":14,"column":55},"end":{"line":14,"column":59}}],"line":14},"1":{"loc":{"start":{"line":17,"column":6},"end":{"line":20,"column":7}},"type":"if","locations":[{"start":{"line":17,"column":6},"end":{"line":20,"column":7}},{"start":{},"end":{}}],"line":17},"2":{"loc":{"start":{"line":17,"column":10},"end":{"line":17,"column":53}},"type":"binary-expr","locations":[{"start":{"line":17,"column":10},"end":{"line":17,"column":16}},{"start":{"line":17,"column":20},"end":{"line":17,"column":35}},{"start":{"line":17,"column":39},"end":{"line":17,"column":53}}],"line":17},"3":{"loc":{"start":{"line":25,"column":8},"end":{"line":27,"column":9}},"type":"if","locations":[{"start":{"line":25,"column":8},"end":{"line":27,"column":9}},{"start":{},"end":{}}],"line":25},"4":{"loc":{"start":{"line":37,"column":13},"end":{"line":37,"column":62}},"type":"binary-expr","locations":[{"start":{"line":37,"column":13},"end":{"line":37,"column":36}},{"start":{"line":37,"column":40},"end":{"line":37,"column":52}},{"start":{"line":37,"column":56},"end":{"line":37,"column":62}}],"line":37},"5":{"loc":{"start":{"line":46,"column":10},"end":{"line":46,"column":57}},"type":"cond-expr","locations":[{"start":{"line":46,"column":40},"end":{"line":46,"column":52}},{"start":{"line":46,"column":55},"end":{"line":46,"column":57}}],"line":46},"6":{"loc":{"start":{"line":56,"column":6},"end":{"line":56,"column":47}},"type":"if","locations":[{"start":{"line":56,"column":6},"end":{"line":56,"column":47}},{"start":{},"end":{}}],"line":56},"7":{"loc":{"start":{"line":56,"column":10},"end":{"line":56,"column":38}},"type":"binary-expr","locations":[{"start":{"line":56,"column":10},"end":{"line":56,"column":21}},{"start":{"line":56,"column":25},"end":{"line":56,"column":38}}],"line":56},"8":{"loc":{"start":{"line":61,"column":6},"end":{"line":63,"column":7}},"type":"if","locations":[{"start":{"line":61,"column":6},"end":{"line":63,"column":7}},{"start":{},"end":{}}],"line":61},"9":{"loc":{"start":{"line":64,"column":6},"end":{"line":66,"column":7}},"type":"if","locations":[{"start":{"line":64,"column":6},"end":{"line":66,"column":7}},{"start":{},"end":{}}],"line":64},"10":{"loc":{"start":{"line":70,"column":6},"end":{"line":77,"column":7}},"type":"if","locations":[{"start":{"line":70,"column":6},"end":{"line":77,"column":7}},{"start":{},"end":{}}],"line":70},"11":{"loc":{"start":{"line":84,"column":6},"end":{"line":86,"column":7}},"type":"if","locations":[{"start":{"line":84,"column":6},"end":{"line":86,"column":7}},{"start":{},"end":{}}],"line":84},"12":{"loc":{"start":{"line":88,"column":6},"end":{"line":93,"column":7}},"type":"if","locations":[{"start":{"line":88,"column":6},"end":{"line":93,"column":7}},{"start":{},"end":{}}],"line":88},"13":{"loc":{"start":{"line":88,"column":10},"end":{"line":88,"column":49}},"type":"binary-expr","locations":[{"start":{"line":88,"column":10},"end":{"line":88,"column":21}},{"start":{"line":88,"column":25},"end":{"line":88,"column":49}}],"line":88},"14":{"loc":{"start":{"line":90,"column":8},"end":{"line":92,"column":9}},"type":"if","locations":[{"start":{"line":90,"column":8},"end":{"line":92,"column":9}},{"start":{},"end":{}}],"line":90},"15":{"loc":{"start":{"line":98,"column":6},"end":{"line":98,"column":32}},"type":"if","locations":[{"start":{"line":98,"column":6},"end":{"line":98,"column":32}},{"start":{},"end":{}}],"line":98},"16":{"loc":{"start":{"line":101,"column":6},"end":{"line":109,"column":7}},"type":"if","locations":[{"start":{"line":101,"column":6},"end":{"line":109,"column":7}},{"start":{"line":107,"column":11},"end":{"line":109,"column":7}}],"line":101},"17":{"loc":{"start":{"line":101,"column":10},"end":{"line":101,"column":60}},"type":"binary-expr","locations":[{"start":{"line":101,"column":10},"end":{"line":101,"column":23}},{"start":{"line":101,"column":27},"end":{"line":101,"column":60}}],"line":101},"18":{"loc":{"start":{"line":116,"column":4},"end":{"line":124,"column":5}},"type":"if","locations":[{"start":{"line":116,"column":4},"end":{"line":124,"column":5}},{"start":{"line":118,"column":11},"end":{"line":124,"column":5}}],"line":116},"19":{"loc":{"start":{"line":118,"column":11},"end":{"line":124,"column":5}},"type":"if","locations":[{"start":{"line":118,"column":11},"end":{"line":124,"column":5}},{"start":{},"end":{}}],"line":118},"20":{"loc":{"start":{"line":120,"column":8},"end":{"line":122,"column":9}},"type":"if","locations":[{"start":{"line":120,"column":8},"end":{"line":122,"column":9}},{"start":{},"end":{}}],"line":120},"21":{"loc":{"start":{"line":140,"column":4},"end":{"line":145,"column":5}},"type":"if","locations":[{"start":{"line":140,"column":4},"end":{"line":145,"column":5}},{"start":{},"end":{}}],"line":140},"22":{"loc":{"start":{"line":151,"column":8},"end":{"line":151,"column":32}},"type":"if","locations":[{"start":{"line":151,"column":8},"end":{"line":151,"column":32}},{"start":{},"end":{}}],"line":151},"23":{"loc":{"start":{"line":153,"column":26},"end":{"line":153,"column":49}},"type":"binary-expr","locations":[{"start":{"line":153,"column":26},"end":{"line":153,"column":43}},{"start":{"line":153,"column":47},"end":{"line":153,"column":49}}],"line":153},"24":{"loc":{"start":{"line":191,"column":15},"end":{"line":191,"column":81}},"type":"cond-expr","locations":[{"start":{"line":191,"column":56},"end":{"line":191,"column":69}},{"start":{"line":191,"column":72},"end":{"line":191,"column":81}}],"line":191}},"s":{"0":5,"1":5,"2":5,"3":5,"4":0,"5":0,"6":0,"7":0,"8":0,"9":0,"10":0,"11":0,"12":0,"13":0,"14":0,"15":0,"16":0,"17":0,"18":0,"19":0,"20":0,"21":0,"22":0,"23":0,"24":0,"25":0,"26":0,"27":0,"28":0,"29":0,"30":0,"31":0,"32":0,"33":0,"34":0,"35":0,"36":0,"37":0,"38":0,"39":0,"40":0,"41":0,"42":0,"43":0,"44":0,"45":0,"46":0,"47":0,"48":0,"49":0,"50":0,"51":0,"52":0,"53":0,"54":0,"55":0,"56":5,"57":0,"58":0,"59":0,"60":0,"61":0,"62":0,"63":0,"64":0,"65":0,"66":0,"67":0,"68":0,"69":0,"70":0,"71":0,"72":0,"73":0,"74":0,"75":0},"f":{"0":0,"1":0,"2":0,"3":0,"4":0,"5":0,"6":0,"7":0,"8":0,"9":0,"10":0},"b":{"0":[0,0],"1":[0,0],"2":[0,0,0],"3":[0,0],"4":[0,0,0],"5":[0,0],"6":[0,0],"7":[0,0],"8":[0,0],"9":[0,0],"10":[0,0],"11":[0,0],"12":[0,0],"13":[0,0],"14":[0,0],"15":[0,0],"16":[0,0],"17":[0,0],"18":[0,0],"19":[0,0],"20":[0,0],"21":[0,0],"22":[0,0],"23":[0,0],"24":[0,0]},"_coverageSchema":"1a1c01bbd47fc00a2c39e90264f33305004495a9","hash":"755b7e94e5c410c5b6c34042dfb8958106604a9a"}
,"C:\\Users\\admin\\Desktop\\sportsbook\\config\\db.js": {"path":"C:\\Users\\admin\\Desktop\\sportsbook\\config\\db.js","statementMap":{"0":{"start":{"line":2,"column":17},"end":{"line":2,"column":36}},"1":{"start":{"line":4,"column":18},"end":{"line":13,"column":1}},"2":{"start":{"line":5,"column":2},"end":{"line":12,"column":3}},"3":{"start":{"line":6,"column":4},"end":{"line":6,"column":52}},"4":{"start":{"line":8,"column":4},"end":{"line":8,"column":37}},"5":{"start":{"line":10,"column":4},"end":{"line":10,"column":60}},"6":{"start":{"line":11,"column":4},"end":{"line":11,"column":20}},"7":{"start":{"line":15,"column":0},"end":{"line":15,"column":27}}},"fnMap":{"0":{"name":"(anonymous_0)","decl":{"start":{"line":4,"column":18},"end":{"line":4,"column":19}},"loc":{"start":{"line":4,"column":30},"end":{"line":13,"column":1}},"line":4}},"branchMap":{},"s":{"0":2,"1":2,"2":0,"3":0,"4":0,"5":0,"6":0,"7":2},"f":{"0":0},"b":{},"_coverageSchema":"1a1c01bbd47fc00a2c39e90264f33305004495a9","hash":"402d30ae0b91e6eeb5b6ccba48c5d10fbcd49b0e"}
,"C:\\Users\\admin\\Desktop\\sportsbook\\constants\\bookmakers.js": {"path":"C:\\Users\\admin\\Desktop\\sportsbook\\constants\\bookmakers.js","statementMap":{"0":{"start":{"line":2,"column":22},"end":{"line":13,"column":1}},"1":{"start":{"line":23,"column":0},"end":{"line":66,"column":2}}},"fnMap":{},"branchMap":{},"s":{"0":7,"1":7},"f":{},"b":{},"_coverageSchema":"1a1c01bbd47fc00a2c39e90264f33305004495a9","hash":"0444982ade91f76dc48587ae62c30f711fa56e15"}
,"C:\\Users\\admin\\Desktop\\sportsbook\\market-processors\\Common\\BaseMarketProcessor.js": {"path":"C:\\Users\\admin\\Desktop\\sportsbook\\market-processors\\Common\\BaseMarketProcessor.js","statementMap":{"0":{"start":{"line":2,"column":10},"end":{"line":2,"column":27}},"1":{"start":{"line":6,"column":4},"end":{"line":6,"column":33}},"2":{"start":{"line":6,"column":26},"end":{"line":6,"column":33}},"3":{"start":{"line":8,"column":4},"end":{"line":20,"column":5}},"4":{"start":{"line":9,"column":6},"end":{"line":9,"column":32}},"5":{"start":{"line":9,"column":23},"end":{"line":9,"column":32}},"6":{"start":{"line":11,"column":6},"end":{"line":19,"column":7}},"7":{"start":{"line":12,"column":8},"end":{"line":12,"column":56}},"8":{"start":{"line":14,"column":8},"end":{"line":18,"column":9}},"9":{"start":{"line":15,"column":10},"end":{"line":17,"column":11}},"10":{"start":{"line":16,"column":12},"end":{"line":16,"column":63}},"11":{"start":{"line":24,"column":21},"end":{"line":24,"column":45}},"12":{"start":{"line":25,"column":23},"end":{"line":25,"column":38}},"13":{"start":{"line":26,"column":22},"end":{"line":26,"column":49}},"14":{"start":{"line":28,"column":4},"end":{"line":34,"column":5}},"15":{"start":{"line":29,"column":6},"end":{"line":33,"column":8}},"16":{"start":{"line":38,"column":4},"end":{"line":47,"column":6}},"17":{"start":{"line":51,"column":0},"end":{"line":51,"column":37}}},"fnMap":{"0":{"name":"(anonymous_0)","decl":{"start":{"line":5,"column":2},"end":{"line":5,"column":3}},"loc":{"start":{"line":5,"column":58},"end":{"line":21,"column":3}},"line":5},"1":{"name":"(anonymous_1)","decl":{"start":{"line":23,"column":2},"end":{"line":23,"column":3}},"loc":{"start":{"line":23,"column":52},"end":{"line":35,"column":3}},"line":23},"2":{"name":"(anonymous_2)","decl":{"start":{"line":37,"column":2},"end":{"line":37,"column":3}},"loc":{"start":{"line":37,"column":33},"end":{"line":48,"column":3}},"line":37}},"branchMap":{"0":{"loc":{"start":{"line":6,"column":4},"end":{"line":6,"column":33}},"type":"if","locations":[{"start":{"line":6,"column":4},"end":{"line":6,"column":33}},{"start":{},"end":{}}],"line":6},"1":{"loc":{"start":{"line":9,"column":6},"end":{"line":9,"column":32}},"type":"if","locations":[{"start":{"line":9,"column":6},"end":{"line":9,"column":32}},{"start":{},"end":{}}],"line":9},"2":{"loc":{"start":{"line":11,"column":6},"end":{"line":19,"column":7}},"type":"if","locations":[{"start":{"line":11,"column":6},"end":{"line":19,"column":7}},{"start":{"line":13,"column":13},"end":{"line":19,"column":7}}],"line":11},"3":{"loc":{"start":{"line":11,"column":10},"end":{"line":11,"column":42}},"type":"binary-expr","locations":[{"start":{"line":11,"column":10},"end":{"line":11,"column":23}},{"start":{"line":11,"column":27},"end":{"line":11,"column":42}}],"line":11},"4":{"loc":{"start":{"line":15,"column":10},"end":{"line":17,"column":11}},"type":"if","locations":[{"start":{"line":15,"column":10},"end":{"line":17,"column":11}},{"start":{},"end":{}}],"line":15},"5":{"loc":{"start":{"line":15,"column":14},"end":{"line":15,"column":54}},"type":"binary-expr","locations":[{"start":{"line":15,"column":14},"end":{"line":15,"column":31}},{"start":{"line":15,"column":35},"end":{"line":15,"column":54}}],"line":15},"6":{"loc":{"start":{"line":28,"column":4},"end":{"line":34,"column":5}},"type":"if","locations":[{"start":{"line":28,"column":4},"end":{"line":34,"column":5}},{"start":{},"end":{}}],"line":28},"7":{"loc":{"start":{"line":46,"column":10},"end":{"line":46,"column":57}},"type":"cond-expr","locations":[{"start":{"line":46,"column":40},"end":{"line":46,"column":52}},{"start":{"line":46,"column":55},"end":{"line":46,"column":57}}],"line":46}},"s":{"0":10,"1":24,"2":14,"3":10,"4":12,"5":0,"6":12,"7":11,"8":1,"9":2,"10":2,"11":13,"12":13,"13":13,"14":13,"15":13,"16":7,"17":10},"f":{"0":24,"1":13,"2":7},"b":{"0":[14,10],"1":[0,12],"2":[11,1],"3":[12,11],"4":[2,0],"5":[2,2],"6":[13,0],"7":[3,4]},"_coverageSchema":"1a1c01bbd47fc00a2c39e90264f33305004495a9","hash":"f37edff688dfe54d51212bea0fb19a49bee12cec"}
,"C:\\Users\\admin\\Desktop\\sportsbook\\market-processors\\Common\\LiveMatchMarketProcessor.js": {"path":"C:\\Users\\admin\\Desktop\\sportsbook\\market-processors\\Common\\LiveMatchMarketProcessor.js","statementMap":{"0":{"start":{"line":3,"column":14},"end":{"line":3,"column":30}},"1":{"start":{"line":6,"column":0},"end":{"line":6,"column":27}},"2":{"start":{"line":9,"column":21},"end":{"line":9,"column":45}},"3":{"start":{"line":12,"column":0},"end":{"line":14,"column":1}},"4":{"start":{"line":13,"column":2},"end":{"line":13,"column":74}},"5":{"start":{"line":23,"column":24},"end":{"line":57,"column":1}},"6":{"start":{"line":24,"column":2},"end":{"line":56,"column":3}},"7":{"start":{"line":26,"column":21},"end":{"line":28,"column":6}},"8":{"start":{"line":31,"column":4},"end":{"line":34,"column":5}},"9":{"start":{"line":32,"column":6},"end":{"line":32,"column":68}},"10":{"start":{"line":33,"column":6},"end":{"line":33,"column":13}},"11":{"start":{"line":37,"column":20},"end":{"line":37,"column":59}},"12":{"start":{"line":40,"column":4},"end":{"line":51,"column":7}},"13":{"start":{"line":42,"column":6},"end":{"line":42,"column":32}},"14":{"start":{"line":42,"column":25},"end":{"line":42,"column":32}},"15":{"start":{"line":45,"column":23},"end":{"line":45,"column":49}},"16":{"start":{"line":48,"column":6},"end":{"line":50,"column":7}},"17":{"start":{"line":49,"column":8},"end":{"line":49,"column":45}},"18":{"start":{"line":55,"column":4},"end":{"line":55,"column":67}},"19":{"start":{"line":66,"column":31},"end":{"line":88,"column":1}},"20":{"start":{"line":68,"column":20},"end":{"line":68,"column":29}},"21":{"start":{"line":71,"column":2},"end":{"line":73,"column":4}},"22":{"start":{"line":72,"column":25},"end":{"line":72,"column":55}},"23":{"start":{"line":76,"column":2},"end":{"line":87,"column":4}},"24":{"start":{"line":81,"column":52},"end":{"line":81,"column":64}},"25":{"start":{"line":91,"column":0},"end":{"line":91,"column":44}}},"fnMap":{"0":{"name":"(anonymous_0)","decl":{"start":{"line":23,"column":24},"end":{"line":23,"column":25}},"loc":{"start":{"line":23,"column":54},"end":{"line":57,"column":1}},"line":23},"1":{"name":"(anonymous_1)","decl":{"start":{"line":40,"column":20},"end":{"line":40,"column":21}},"loc":{"start":{"line":40,"column":32},"end":{"line":51,"column":5}},"line":40},"2":{"name":"(anonymous_2)","decl":{"start":{"line":66,"column":31},"end":{"line":66,"column":32}},"loc":{"start":{"line":66,"column":51},"end":{"line":88,"column":1}},"line":66},"3":{"name":"(anonymous_3)","decl":{"start":{"line":72,"column":17},"end":{"line":72,"column":18}},"loc":{"start":{"line":72,"column":25},"end":{"line":72,"column":55}},"line":72},"4":{"name":"(anonymous_4)","decl":{"start":{"line":81,"column":35},"end":{"line":81,"column":36}},"loc":{"start":{"line":81,"column":52},"end":{"line":81,"column":64}},"line":81}},"branchMap":{"0":{"loc":{"start":{"line":12,"column":0},"end":{"line":14,"column":1}},"type":"if","locations":[{"start":{"line":12,"column":0},"end":{"line":14,"column":1}},{"start":{},"end":{}}],"line":12},"1":{"loc":{"start":{"line":31,"column":4},"end":{"line":34,"column":5}},"type":"if","locations":[{"start":{"line":31,"column":4},"end":{"line":34,"column":5}},{"start":{},"end":{}}],"line":31},"2":{"loc":{"start":{"line":37,"column":20},"end":{"line":37,"column":59}},"type":"binary-expr","locations":[{"start":{"line":37,"column":20},"end":{"line":37,"column":53}},{"start":{"line":37,"column":57},"end":{"line":37,"column":59}}],"line":37},"3":{"loc":{"start":{"line":42,"column":6},"end":{"line":42,"column":32}},"type":"if","locations":[{"start":{"line":42,"column":6},"end":{"line":42,"column":32}},{"start":{},"end":{}}],"line":42},"4":{"loc":{"start":{"line":45,"column":23},"end":{"line":45,"column":49}},"type":"binary-expr","locations":[{"start":{"line":45,"column":23},"end":{"line":45,"column":36}},{"start":{"line":45,"column":40},"end":{"line":45,"column":49}}],"line":45},"5":{"loc":{"start":{"line":48,"column":6},"end":{"line":50,"column":7}},"type":"if","locations":[{"start":{"line":48,"column":6},"end":{"line":50,"column":7}},{"start":{},"end":{}}],"line":48}},"s":{"0":4,"1":4,"2":4,"3":4,"4":0,"5":4,"6":5,"7":5,"8":4,"9":1,"10":1,"11":3,"12":3,"13":7,"14":1,"15":6,"16":6,"17":3,"18":1,"19":4,"20":4,"21":4,"22":5,"23":4,"24":3,"25":4},"f":{"0":5,"1":7,"2":4,"3":5,"4":3},"b":{"0":[0,4],"1":[1,3],"2":[3,0],"3":[1,6],"4":[6,4],"5":[3,3]},"_coverageSchema":"1a1c01bbd47fc00a2c39e90264f33305004495a9","hash":"02690636173e091200ff15cc3b2fe954995ec4d8"}
,"C:\\Users\\admin\\Desktop\\sportsbook\\market-processors\\Common\\PreMatchMarketProcessor.js": {"path":"C:\\Users\\admin\\Desktop\\sportsbook\\market-processors\\Common\\PreMatchMarketProcessor.js","statementMap":{"0":{"start":{"line":2,"column":28},"end":{"line":2,"column":60}},"1":{"start":{"line":6,"column":32},"end":{"line":6,"column":34}},"2":{"start":{"line":8,"column":4},"end":{"line":12,"column":5}},"3":{"start":{"line":9,"column":6},"end":{"line":11,"column":7}},"4":{"start":{"line":10,"column":8},"end":{"line":10,"column":58}},"5":{"start":{"line":14,"column":4},"end":{"line":14,"column":31}},"6":{"start":{"line":18,"column":0},"end":{"line":20,"column":2}},"7":{"start":{"line":19,"column":42},"end":{"line":19,"column":81}}},"fnMap":{"0":{"name":"(anonymous_0)","decl":{"start":{"line":5,"column":2},"end":{"line":5,"column":3}},"loc":{"start":{"line":5,"column":25},"end":{"line":15,"column":3}},"line":5},"1":{"name":"(anonymous_1)","decl":{"start":{"line":19,"column":18},"end":{"line":19,"column":19}},"loc":{"start":{"line":19,"column":42},"end":{"line":19,"column":81}},"line":19}},"branchMap":{},"s":{"0":5,"1":3,"2":3,"3":3,"4":21,"5":3,"6":5,"7":3},"f":{"0":3,"1":3},"b":{},"_coverageSchema":"1a1c01bbd47fc00a2c39e90264f33305004495a9","hash":"0ae809dbc4b2dcf628f2197c853d2d7814516b9f"}
,"C:\\Users\\admin\\Desktop\\sportsbook\\market-processors\\Common\\PreMatchOddsProcessor.js": {"path":"C:\\Users\\admin\\Desktop\\sportsbook\\market-processors\\Common\\PreMatchOddsProcessor.js","statementMap":{"0":{"start":{"line":3,"column":28},"end":{"line":3,"column":60}},"1":{"start":{"line":15,"column":4},"end":{"line":17,"column":5}},"2":{"start":{"line":16,"column":6},"end":{"line":16,"column":72}},"3":{"start":{"line":20,"column":32},"end":{"line":20,"column":34}},"4":{"start":{"line":23,"column":20},"end":{"line":23,"column":29}},"5":{"start":{"line":26,"column":4},"end":{"line":39,"column":7}},"6":{"start":{"line":28,"column":20},"end":{"line":28,"column":69}},"7":{"start":{"line":28,"column":44},"end":{"line":28,"column":68}},"8":{"start":{"line":29,"column":6},"end":{"line":29,"column":25}},"9":{"start":{"line":29,"column":18},"end":{"line":29,"column":25}},"10":{"start":{"line":33,"column":6},"end":{"line":38,"column":5}},"11":{"start":{"line":37,"column":6},"end":{"line":37,"column":95}},"12":{"start":{"line":42,"column":4},"end":{"line":45,"column":7}},"13":{"start":{"line":43,"column":19},"end":{"line":43,"column":28}},"14":{"start":{"line":44,"column":6},"end":{"line":44,"column":95}},"15":{"start":{"line":44,"column":46},"end":{"line":44,"column":93}},"16":{"start":{"line":48,"column":25},"end":{"line":48,"column":59}},"17":{"start":{"line":49,"column":4},"end":{"line":49,"column":83}},"18":{"start":{"line":58,"column":4},"end":{"line":58,"column":29}},"19":{"start":{"line":58,"column":22},"end":{"line":58,"column":29}},"20":{"start":{"line":61,"column":4},"end":{"line":73,"column":7}},"21":{"start":{"line":62,"column":6},"end":{"line":62,"column":31}},"22":{"start":{"line":62,"column":24},"end":{"line":62,"column":31}},"23":{"start":{"line":65,"column":6},"end":{"line":72,"column":7}},"24":{"start":{"line":66,"column":8},"end":{"line":66,"column":59}},"25":{"start":{"line":69,"column":8},"end":{"line":71,"column":11}},"26":{"start":{"line":70,"column":10},"end":{"line":70,"column":95}},"27":{"start":{"line":83,"column":22},"end":{"line":83,"column":59}},"28":{"start":{"line":86,"column":4},"end":{"line":92,"column":5}},"29":{"start":{"line":87,"column":6},"end":{"line":91,"column":8}},"30":{"start":{"line":95,"column":4},"end":{"line":104,"column":5}},"31":{"start":{"line":96,"column":6},"end":{"line":103,"column":10}},"32":{"start":{"line":96,"column":72},"end":{"line":103,"column":7}},"33":{"start":{"line":109,"column":0},"end":{"line":109,"column":39}}},"fnMap":{"0":{"name":"(anonymous_0)","decl":{"start":{"line":13,"column":2},"end":{"line":13,"column":3}},"loc":{"start":{"line":13,"column":35},"end":{"line":50,"column":3}},"line":13},"1":{"name":"(anonymous_1)","decl":{"start":{"line":26,"column":23},"end":{"line":26,"column":24}},"loc":{"start":{"line":26,"column":29},"end":{"line":39,"column":5}},"line":26},"2":{"name":"(anonymous_2)","decl":{"start":{"line":28,"column":38},"end":{"line":28,"column":39}},"loc":{"start":{"line":28,"column":44},"end":{"line":28,"column":68}},"line":28},"3":{"name":"(anonymous_3)","decl":{"start":{"line":33,"column":43},"end":{"line":33,"column":44}},"loc":{"start":{"line":33,"column":54},"end":{"line":38,"column":3}},"line":33},"4":{"name":"(anonymous_4)","decl":{"start":{"line":42,"column":47},"end":{"line":42,"column":48}},"loc":{"start":{"line":42,"column":57},"end":{"line":45,"column":5}},"line":42},"5":{"name":"(anonymous_5)","decl":{"start":{"line":44,"column":39},"end":{"line":44,"column":40}},"loc":{"start":{"line":44,"column":46},"end":{"line":44,"column":93}},"line":44},"6":{"name":"(anonymous_6)","decl":{"start":{"line":57,"column":2},"end":{"line":57,"column":3}},"loc":{"start":{"line":57,"column":70},"end":{"line":74,"column":3}},"line":57},"7":{"name":"(anonymous_7)","decl":{"start":{"line":61,"column":39},"end":{"line":61,"column":40}},"loc":{"start":{"line":61,"column":54},"end":{"line":73,"column":5}},"line":61},"8":{"name":"(anonymous_8)","decl":{"start":{"line":69,"column":43},"end":{"line":69,"column":44}},"loc":{"start":{"line":69,"column":56},"end":{"line":71,"column":9}},"line":69},"9":{"name":"(anonymous_9)","decl":{"start":{"line":81,"column":2},"end":{"line":81,"column":3}},"loc":{"start":{"line":81,"column":54},"end":{"line":105,"column":3}},"line":81},"10":{"name":"(anonymous_10)","decl":{"start":{"line":96,"column":64},"end":{"line":96,"column":65}},"loc":{"start":{"line":96,"column":72},"end":{"line":103,"column":7}},"line":96}},"branchMap":{"0":{"loc":{"start":{"line":15,"column":4},"end":{"line":17,"column":5}},"type":"if","locations":[{"start":{"line":15,"column":4},"end":{"line":17,"column":5}},{"start":{},"end":{}}],"line":15},"1":{"loc":{"start":{"line":29,"column":6},"end":{"line":29,"column":25}},"type":"if","locations":[{"start":{"line":29,"column":6},"end":{"line":29,"column":25}},{"start":{},"end":{}}],"line":29},"2":{"loc":{"start":{"line":37,"column":6},"end":{"line":37,"column":94}},"type":"binary-expr","locations":[{"start":{"line":37,"column":6},"end":{"line":37,"column":17}},{"start":{"line":37,"column":21},"end":{"line":37,"column":94}}],"line":37},"3":{"loc":{"start":{"line":44,"column":46},"end":{"line":44,"column":93}},"type":"binary-expr","locations":[{"start":{"line":44,"column":46},"end":{"line":44,"column":52}},{"start":{"line":44,"column":56},"end":{"line":44,"column":73}},{"start":{"line":44,"column":77},"end":{"line":44,"column":93}}],"line":44},"4":{"loc":{"start":{"line":58,"column":4},"end":{"line":58,"column":29}},"type":"if","locations":[{"start":{"line":58,"column":4},"end":{"line":58,"column":29}},{"start":{},"end":{}}],"line":58},"5":{"loc":{"start":{"line":62,"column":6},"end":{"line":62,"column":31}},"type":"if","locations":[{"start":{"line":62,"column":6},"end":{"line":62,"column":31}},{"start":{},"end":{}}],"line":62},"6":{"loc":{"start":{"line":65,"column":6},"end":{"line":72,"column":7}},"type":"if","locations":[{"start":{"line":65,"column":6},"end":{"line":72,"column":7}},{"start":{"line":67,"column":13},"end":{"line":72,"column":7}}],"line":65},"7":{"loc":{"start":{"line":65,"column":10},"end":{"line":65,"column":44}},"type":"binary-expr","locations":[{"start":{"line":65,"column":10},"end":{"line":65,"column":24}},{"start":{"line":65,"column":28},"end":{"line":65,"column":44}}],"line":65},"8":{"loc":{"start":{"line":70,"column":10},"end":{"line":70,"column":94}},"type":"binary-expr","locations":[{"start":{"line":70,"column":10},"end":{"line":70,"column":23}},{"start":{"line":70,"column":27},"end":{"line":70,"column":42}},{"start":{"line":70,"column":46},"end":{"line":70,"column":94}}],"line":70},"9":{"loc":{"start":{"line":86,"column":4},"end":{"line":92,"column":5}},"type":"if","locations":[{"start":{"line":86,"column":4},"end":{"line":92,"column":5}},{"start":{},"end":{}}],"line":86},"10":{"loc":{"start":{"line":95,"column":4},"end":{"line":104,"column":5}},"type":"if","locations":[{"start":{"line":95,"column":4},"end":{"line":104,"column":5}},{"start":{},"end":{}}],"line":95},"11":{"loc":{"start":{"line":95,"column":8},"end":{"line":95,"column":78}},"type":"binary-expr","locations":[{"start":{"line":95,"column":8},"end":{"line":95,"column":51}},{"start":{"line":95,"column":55},"end":{"line":95,"column":78}}],"line":95}},"s":{"0":8,"1":4,"2":1,"3":3,"4":3,"5":3,"6":3,"7":3,"8":3,"9":1,"10":2,"11":14,"12":3,"13":2,"14":2,"15":4,"16":3,"17":3,"18":2,"19":0,"20":2,"21":2,"22":0,"23":2,"24":2,"25":0,"26":0,"27":2,"28":2,"29":2,"30":2,"31":2,"32":4,"33":8},"f":{"0":4,"1":3,"2":3,"3":14,"4":2,"5":4,"6":2,"7":2,"8":0,"9":2,"10":4},"b":{"0":[1,3],"1":[1,2],"2":[14,2],"3":[4,4,3],"4":[0,2],"5":[0,2],"6":[2,0],"7":[2,2],"8":[0,0,0],"9":[2,0],"10":[2,0],"11":[2,2]},"_coverageSchema":"1a1c01bbd47fc00a2c39e90264f33305004495a9","hash":"8ceb4227f19e162fdd24a5280049123c6f246f7b"}
,"C:\\Users\\admin\\Desktop\\sportsbook\\market-processors\\Tennis\\PreMatchProcessor.js": {"path":"C:\\Users\\admin\\Desktop\\sportsbook\\market-processors\\Tennis\\PreMatchProcessor.js","statementMap":{"0":{"start":{"line":4,"column":34},"end":{"line":4,"column":36}},"1":{"start":{"line":6,"column":6},"end":{"line":19,"column":7}},"2":{"start":{"line":7,"column":8},"end":{"line":10,"column":9}},"3":{"start":{"line":8,"column":10},"end":{"line":8,"column":74}},"4":{"start":{"line":9,"column":10},"end":{"line":9,"column":19}},"5":{"start":{"line":12,"column":25},"end":{"line":12,"column":53}},"6":{"start":{"line":14,"column":8},"end":{"line":18,"column":9}},"7":{"start":{"line":15,"column":10},"end":{"line":17,"column":11}},"8":{"start":{"line":16,"column":12},"end":{"line":16,"column":69}},"9":{"start":{"line":21,"column":6},"end":{"line":21,"column":48}},"10":{"start":{"line":25,"column":6},"end":{"line":27,"column":8}},"11":{"start":{"line":26,"column":15},"end":{"line":26,"column":64}},"12":{"start":{"line":31,"column":6},"end":{"line":43,"column":7}},"13":{"start":{"line":32,"column":8},"end":{"line":32,"column":34}},"14":{"start":{"line":32,"column":25},"end":{"line":32,"column":34}},"15":{"start":{"line":34,"column":8},"end":{"line":42,"column":9}},"16":{"start":{"line":35,"column":10},"end":{"line":35,"column":53}},"17":{"start":{"line":37,"column":10},"end":{"line":41,"column":11}},"18":{"start":{"line":38,"column":12},"end":{"line":40,"column":13}},"19":{"start":{"line":39,"column":14},"end":{"line":39,"column":56}},"20":{"start":{"line":47,"column":23},"end":{"line":47,"column":47}},"21":{"start":{"line":48,"column":23},"end":{"line":48,"column":38}},"22":{"start":{"line":50,"column":6},"end":{"line":52,"column":7}},"23":{"start":{"line":51,"column":8},"end":{"line":51,"column":96}},"24":{"start":{"line":53,"column":6},"end":{"line":55,"column":7}},"25":{"start":{"line":54,"column":8},"end":{"line":54,"column":96}},"26":{"start":{"line":57,"column":24},"end":{"line":57,"column":51}},"27":{"start":{"line":59,"column":6},"end":{"line":65,"column":7}},"28":{"start":{"line":60,"column":8},"end":{"line":64,"column":10}},"29":{"start":{"line":67,"column":25},"end":{"line":70,"column":7}},"30":{"start":{"line":73,"column":6},"end":{"line":75,"column":7}},"31":{"start":{"line":73,"column":48},"end":{"line":73,"column":70}},"32":{"start":{"line":74,"column":8},"end":{"line":74,"column":52}},"33":{"start":{"line":82,"column":6},"end":{"line":82,"column":59}},"34":{"start":{"line":86,"column":0},"end":{"line":88,"column":2}},"35":{"start":{"line":87,"column":30},"end":{"line":87,"column":75}}},"fnMap":{"0":{"name":"(anonymous_0)","decl":{"start":{"line":3,"column":4},"end":{"line":3,"column":5}},"loc":{"start":{"line":3,"column":27},"end":{"line":22,"column":5}},"line":3},"1":{"name":"(anonymous_1)","decl":{"start":{"line":24,"column":4},"end":{"line":24,"column":5}},"loc":{"start":{"line":24,"column":35},"end":{"line":28,"column":5}},"line":24},"2":{"name":"(anonymous_2)","decl":{"start":{"line":26,"column":8},"end":{"line":26,"column":9}},"loc":{"start":{"line":26,"column":15},"end":{"line":26,"column":64}},"line":26},"3":{"name":"(anonymous_3)","decl":{"start":{"line":30,"column":4},"end":{"line":30,"column":5}},"loc":{"start":{"line":30,"column":51},"end":{"line":44,"column":5}},"line":30},"4":{"name":"(anonymous_4)","decl":{"start":{"line":46,"column":4},"end":{"line":46,"column":5}},"loc":{"start":{"line":46,"column":49},"end":{"line":79,"column":5}},"line":46},"5":{"name":"(anonymous_5)","decl":{"start":{"line":73,"column":43},"end":{"line":73,"column":44}},"loc":{"start":{"line":73,"column":48},"end":{"line":73,"column":70}},"line":73},"6":{"name":"(anonymous_6)","decl":{"start":{"line":81,"column":4},"end":{"line":81,"column":5}},"loc":{"start":{"line":81,"column":32},"end":{"line":83,"column":5}},"line":81},"7":{"name":"(anonymous_7)","decl":{"start":{"line":87,"column":18},"end":{"line":87,"column":19}},"loc":{"start":{"line":87,"column":30},"end":{"line":87,"column":75}},"line":87}},"branchMap":{"0":{"loc":{"start":{"line":7,"column":8},"end":{"line":10,"column":9}},"type":"if","locations":[{"start":{"line":7,"column":8},"end":{"line":10,"column":9}},{"start":{},"end":{}}],"line":7},"1":{"loc":{"start":{"line":7,"column":12},"end":{"line":7,"column":55}},"type":"binary-expr","locations":[{"start":{"line":7,"column":12},"end":{"line":7,"column":18}},{"start":{"line":7,"column":22},"end":{"line":7,"column":37}},{"start":{"line":7,"column":41},"end":{"line":7,"column":55}}],"line":7},"2":{"loc":{"start":{"line":15,"column":10},"end":{"line":17,"column":11}},"type":"if","locations":[{"start":{"line":15,"column":10},"end":{"line":17,"column":11}},{"start":{},"end":{}}],"line":15},"3":{"loc":{"start":{"line":26,"column":15},"end":{"line":26,"column":64}},"type":"binary-expr","locations":[{"start":{"line":26,"column":15},"end":{"line":26,"column":38}},{"start":{"line":26,"column":42},"end":{"line":26,"column":54}},{"start":{"line":26,"column":58},"end":{"line":26,"column":64}}],"line":26},"4":{"loc":{"start":{"line":32,"column":8},"end":{"line":32,"column":34}},"type":"if","locations":[{"start":{"line":32,"column":8},"end":{"line":32,"column":34}},{"start":{},"end":{}}],"line":32},"5":{"loc":{"start":{"line":34,"column":8},"end":{"line":42,"column":9}},"type":"if","locations":[{"start":{"line":34,"column":8},"end":{"line":42,"column":9}},{"start":{"line":36,"column":15},"end":{"line":42,"column":9}}],"line":34},"6":{"loc":{"start":{"line":34,"column":12},"end":{"line":34,"column":44}},"type":"binary-expr","locations":[{"start":{"line":34,"column":12},"end":{"line":34,"column":25}},{"start":{"line":34,"column":29},"end":{"line":34,"column":44}}],"line":34},"7":{"loc":{"start":{"line":38,"column":12},"end":{"line":40,"column":13}},"type":"if","locations":[{"start":{"line":38,"column":12},"end":{"line":40,"column":13}},{"start":{},"end":{}}],"line":38},"8":{"loc":{"start":{"line":38,"column":16},"end":{"line":38,"column":48}},"type":"binary-expr","locations":[{"start":{"line":38,"column":16},"end":{"line":38,"column":29}},{"start":{"line":38,"column":33},"end":{"line":38,"column":48}}],"line":38},"9":{"loc":{"start":{"line":50,"column":6},"end":{"line":52,"column":7}},"type":"if","locations":[{"start":{"line":50,"column":6},"end":{"line":52,"column":7}},{"start":{},"end":{}}],"line":50},"10":{"loc":{"start":{"line":53,"column":6},"end":{"line":55,"column":7}},"type":"if","locations":[{"start":{"line":53,"column":6},"end":{"line":55,"column":7}},{"start":{},"end":{}}],"line":53},"11":{"loc":{"start":{"line":59,"column":6},"end":{"line":65,"column":7}},"type":"if","locations":[{"start":{"line":59,"column":6},"end":{"line":65,"column":7}},{"start":{},"end":{}}],"line":59},"12":{"loc":{"start":{"line":73,"column":6},"end":{"line":75,"column":7}},"type":"if","locations":[{"start":{"line":73,"column":6},"end":{"line":75,"column":7}},{"start":{},"end":{}}],"line":73}},"s":{"0":0,"1":0,"2":0,"3":0,"4":0,"5":0,"6":0,"7":0,"8":0,"9":0,"10":0,"11":0,"12":0,"13":0,"14":0,"15":0,"16":0,"17":0,"18":0,"19":0,"20":0,"21":0,"22":0,"23":0,"24":0,"25":0,"26":0,"27":0,"28":0,"29":0,"30":0,"31":0,"32":0,"33":0,"34":5,"35":0},"f":{"0":0,"1":0,"2":0,"3":0,"4":0,"5":0,"6":0,"7":0},"b":{"0":[0,0],"1":[0,0,0],"2":[0,0],"3":[0,0,0],"4":[0,0],"5":[0,0],"6":[0,0],"7":[0,0],"8":[0,0],"9":[0,0],"10":[0,0],"11":[0,0],"12":[0,0]},"_coverageSchema":"1a1c01bbd47fc00a2c39e90264f33305004495a9","hash":"a90aa08b3194244a6c3a621330ca05365e091b73"}
,"C:\\Users\\admin\\Desktop\\sportsbook\\models\\CommonFootballandIceHockeyOdds.js": {"path":"C:\\Users\\admin\\Desktop\\sportsbook\\models\\CommonFootballandIceHockeyOdds.js","statementMap":{"0":{"start":{"line":1,"column":17},"end":{"line":1,"column":36}},"1":{"start":{"line":4,"column":18},"end":{"line":12,"column":18}},"2":{"start":{"line":15,"column":26},"end":{"line":17,"column":18}},"3":{"start":{"line":20,"column":27},"end":{"line":28,"column":2}},"4":{"start":{"line":31,"column":0},"end":{"line":31,"column":95}},"5":{"start":{"line":32,"column":0},"end":{"line":32,"column":38}},"6":{"start":{"line":35,"column":0},"end":{"line":38,"column":3}},"7":{"start":{"line":36,"column":2},"end":{"line":36,"column":30}},"8":{"start":{"line":37,"column":2},"end":{"line":37,"column":9}},"9":{"start":{"line":40,"column":0},"end":{"line":40,"column":86}}},"fnMap":{"0":{"name":"(anonymous_0)","decl":{"start":{"line":35,"column":31},"end":{"line":35,"column":32}},"loc":{"start":{"line":35,"column":47},"end":{"line":38,"column":1}},"line":35}},"branchMap":{},"s":{"0":5,"1":5,"2":5,"3":5,"4":5,"5":5,"6":5,"7":0,"8":0,"9":5},"f":{"0":0},"b":{},"_coverageSchema":"1a1c01bbd47fc00a2c39e90264f33305004495a9","hash":"f878ed7d19c8692b9d3f2a0731e1db828f330bd1"}
,"C:\\Users\\admin\\Desktop\\sportsbook\\models\\Cricket\\LiveMatchMarket.js": {"path":"C:\\Users\\admin\\Desktop\\sportsbook\\models\\Cricket\\LiveMatchMarket.js","statementMap":{"0":{"start":{"line":2,"column":17},"end":{"line":2,"column":36}},"1":{"start":{"line":4,"column":30},"end":{"line":13,"column":2}},"2":{"start":{"line":15,"column":0},"end":{"line":15,"column":72}}},"fnMap":{},"branchMap":{},"s":{"0":5,"1":5,"2":5},"f":{},"b":{},"_coverageSchema":"1a1c01bbd47fc00a2c39e90264f33305004495a9","hash":"f96c5dfb459dddfcda952156481d5bf966f74b9e"}
,"C:\\Users\\admin\\Desktop\\sportsbook\\models\\Cricket\\PreMatchMarket.js": {"path":"C:\\Users\\admin\\Desktop\\sportsbook\\models\\Cricket\\PreMatchMarket.js","statementMap":{"0":{"start":{"line":2,"column":17},"end":{"line":2,"column":36}},"1":{"start":{"line":4,"column":21},"end":{"line":7,"column":2}},"2":{"start":{"line":9,"column":36},"end":{"line":15,"column":24}},"3":{"start":{"line":17,"column":0},"end":{"line":17,"column":50}},"4":{"start":{"line":19,"column":0},"end":{"line":19,"column":86}}},"fnMap":{},"branchMap":{},"s":{"0":5,"1":5,"2":5,"3":5,"4":5},"f":{},"b":{},"_coverageSchema":"1a1c01bbd47fc00a2c39e90264f33305004495a9","hash":"4b88c176bb0adb4885c6998295d5fc15f2525494"}
,"C:\\Users\\admin\\Desktop\\sportsbook\\models\\Cricket\\PreMatchOdds.js": {"path":"C:\\Users\\admin\\Desktop\\sportsbook\\models\\Cricket\\PreMatchOdds.js","statementMap":{"0":{"start":{"line":1,"column":17},"end":{"line":1,"column":36}},"1":{"start":{"line":3,"column":18},"end":{"line":9,"column":2}},"2":{"start":{"line":11,"column":21},"end":{"line":15,"column":2}},"3":{"start":{"line":17,"column":34},"end":{"line":26,"column":2}},"4":{"start":{"line":29,"column":0},"end":{"line":29,"column":43}},"5":{"start":{"line":30,"column":0},"end":{"line":30,"column":53}},"6":{"start":{"line":32,"column":0},"end":{"line":32,"column":82}}},"fnMap":{},"branchMap":{},"s":{"0":5,"1":5,"2":5,"3":5,"4":5,"5":5,"6":5},"f":{},"b":{},"_coverageSchema":"1a1c01bbd47fc00a2c39e90264f33305004495a9","hash":"36ead400a28080caf8e6d977893c505320e5c36c"}
,"C:\\Users\\admin\\Desktop\\sportsbook\\models\\Football\\LiveMatchMarket.js": {"path":"C:\\Users\\admin\\Desktop\\sportsbook\\models\\Football\\LiveMatchMarket.js","statementMap":{"0":{"start":{"line":2,"column":17},"end":{"line":2,"column":36}},"1":{"start":{"line":4,"column":38},"end":{"line":13,"column":2}},"2":{"start":{"line":15,"column":0},"end":{"line":15,"column":90}}},"fnMap":{},"branchMap":{},"s":{"0":5,"1":5,"2":5},"f":{},"b":{},"_coverageSchema":"1a1c01bbd47fc00a2c39e90264f33305004495a9","hash":"0a4d97a9df5bb0971a12b0a60d3d70a8687074e1"}
,"C:\\Users\\admin\\Desktop\\sportsbook\\models\\Football\\PreMatchMarket.js": {"path":"C:\\Users\\admin\\Desktop\\sportsbook\\models\\Football\\PreMatchMarket.js","statementMap":{"0":{"start":{"line":3,"column":17},"end":{"line":3,"column":36}},"1":{"start":{"line":5,"column":21},"end":{"line":8,"column":2}},"2":{"start":{"line":10,"column":25},"end":{"line":15,"column":24}},"3":{"start":{"line":17,"column":0},"end":{"line":17,"column":76}}},"fnMap":{},"branchMap":{},"s":{"0":5,"1":5,"2":5,"3":5},"f":{},"b":{},"_coverageSchema":"1a1c01bbd47fc00a2c39e90264f33305004495a9","hash":"d7c9097f79ac31cf814ad5fa79b5c62a0a45725e"}
,"C:\\Users\\admin\\Desktop\\sportsbook\\models\\Football\\PreMatchOdds.js": {"path":"C:\\Users\\admin\\Desktop\\sportsbook\\models\\Football\\PreMatchOdds.js","statementMap":{"0":{"start":{"line":2,"column":17},"end":{"line":2,"column":36}},"1":{"start":{"line":5,"column":19},"end":{"line":12,"column":2}},"2":{"start":{"line":15,"column":21},"end":{"line":19,"column":2}},"3":{"start":{"line":22,"column":29},"end":{"line":25,"column":2}},"4":{"start":{"line":28,"column":0},"end":{"line":28,"column":78}}},"fnMap":{},"branchMap":{},"s":{"0":6,"1":6,"2":6,"3":6,"4":6},"f":{},"b":{},"_coverageSchema":"1a1c01bbd47fc00a2c39e90264f33305004495a9","hash":"bb2ae29cf75d184df470503c93d1038ef0280cea"}
,"C:\\Users\\admin\\Desktop\\sportsbook\\models\\ICE_HOCKEY\\LiveMatchMarket.js": {"path":"C:\\Users\\admin\\Desktop\\sportsbook\\models\\ICE_HOCKEY\\LiveMatchMarket.js","statementMap":{"0":{"start":{"line":2,"column":17},"end":{"line":2,"column":36}},"1":{"start":{"line":4,"column":30},"end":{"line":13,"column":2}},"2":{"start":{"line":15,"column":0},"end":{"line":15,"column":74}}},"fnMap":{},"branchMap":{},"s":{"0":5,"1":5,"2":5},"f":{},"b":{},"_coverageSchema":"1a1c01bbd47fc00a2c39e90264f33305004495a9","hash":"5a41165ff98ed829c667c1ecef5cbdcf065d5a62"}
,"C:\\Users\\admin\\Desktop\\sportsbook\\models\\ICE_HOCKEY\\PreMatchMarket.js": {"path":"C:\\Users\\admin\\Desktop\\sportsbook\\models\\ICE_HOCKEY\\PreMatchMarket.js","statementMap":{"0":{"start":{"line":2,"column":17},"end":{"line":2,"column":36}},"1":{"start":{"line":4,"column":21},"end":{"line":7,"column":2}},"2":{"start":{"line":9,"column":38},"end":{"line":15,"column":24}},"3":{"start":{"line":17,"column":0},"end":{"line":17,"column":52}},"4":{"start":{"line":20,"column":32},"end":{"line":20,"column":104}},"5":{"start":{"line":22,"column":0},"end":{"line":22,"column":41}}},"fnMap":{},"branchMap":{},"s":{"0":5,"1":5,"2":5,"3":5,"4":5,"5":5},"f":{},"b":{},"_coverageSchema":"1a1c01bbd47fc00a2c39e90264f33305004495a9","hash":"5fe1d44e8239e516bc9110cd6339e4fd004c5668"}
,"C:\\Users\\admin\\Desktop\\sportsbook\\models\\ICE_HOCKEY\\PreMatchOdds.js": {"path":"C:\\Users\\admin\\Desktop\\sportsbook\\models\\ICE_HOCKEY\\PreMatchOdds.js","statementMap":{"0":{"start":{"line":2,"column":17},"end":{"line":2,"column":36}},"1":{"start":{"line":4,"column":18},"end":{"line":10,"column":2}},"2":{"start":{"line":12,"column":21},"end":{"line":16,"column":2}},"3":{"start":{"line":18,"column":36},"end":{"line":27,"column":2}},"4":{"start":{"line":30,"column":0},"end":{"line":30,"column":45}},"5":{"start":{"line":31,"column":0},"end":{"line":31,"column":55}},"6":{"start":{"line":34,"column":0},"end":{"line":34,"column":86}}},"fnMap":{},"branchMap":{},"s":{"0":6,"1":6,"2":6,"3":6,"4":6,"5":6,"6":6},"f":{},"b":{},"_coverageSchema":"1a1c01bbd47fc00a2c39e90264f33305004495a9","hash":"dbb1fb25b5fa048448ae1cdf3a05cd5bf12430ab"}
,"C:\\Users\\admin\\Desktop\\sportsbook\\models\\Tennis\\LiveMatchMarket.js": {"path":"C:\\Users\\admin\\Desktop\\sportsbook\\models\\Tennis\\LiveMatchMarket.js","statementMap":{"0":{"start":{"line":1,"column":17},"end":{"line":1,"column":36}},"1":{"start":{"line":3,"column":21},"end":{"line":6,"column":2}},"2":{"start":{"line":8,"column":31},"end":{"line":14,"column":25}},"3":{"start":{"line":17,"column":0},"end":{"line":17,"column":65}},"4":{"start":{"line":23,"column":0},"end":{"line":23,"column":76}}},"fnMap":{},"branchMap":{},"s":{"0":5,"1":5,"2":5,"3":5,"4":5},"f":{},"b":{},"_coverageSchema":"1a1c01bbd47fc00a2c39e90264f33305004495a9","hash":"4ec723d611f884ddd9f2fe1a654aa06a561afef5"}
,"C:\\Users\\admin\\Desktop\\sportsbook\\models\\Tennis\\PreMatchmarket.js": {"path":"C:\\Users\\admin\\Desktop\\sportsbook\\models\\Tennis\\PreMatchmarket.js","statementMap":{"0":{"start":{"line":2,"column":17},"end":{"line":2,"column":36}},"1":{"start":{"line":4,"column":21},"end":{"line":7,"column":18}},"2":{"start":{"line":9,"column":21},"end":{"line":13,"column":18}},"3":{"start":{"line":15,"column":29},"end":{"line":28,"column":2}},"4":{"start":{"line":30,"column":0},"end":{"line":30,"column":72}}},"fnMap":{},"branchMap":{},"s":{"0":5,"1":5,"2":5,"3":5,"4":5},"f":{},"b":{},"_coverageSchema":"1a1c01bbd47fc00a2c39e90264f33305004495a9","hash":"784c656ea44e5507482a82d91c62b385f75f2d35"}
,"C:\\Users\\admin\\Desktop\\sportsbook\\routes\\Index.js": {"path":"C:\\Users\\admin\\Desktop\\sportsbook\\routes\\Index.js","statementMap":{"0":{"start":{"line":2,"column":16},"end":{"line":2,"column":34}},"1":{"start":{"line":3,"column":15},"end":{"line":3,"column":31}},"2":{"start":{"line":6,"column":27},"end":{"line":6,"column":86}},"3":{"start":{"line":7,"column":25},"end":{"line":7,"column":82}},"4":{"start":{"line":8,"column":28},"end":{"line":8,"column":88}},"5":{"start":{"line":9,"column":33},"end":{"line":9,"column":90}},"6":{"start":{"line":10,"column":31},"end":{"line":10,"column":86}},"7":{"start":{"line":11,"column":34},"end":{"line":11,"column":92}},"8":{"start":{"line":12,"column":36},"end":{"line":12,"column":97}},"9":{"start":{"line":13,"column":34},"end":{"line":13,"column":93}},"10":{"start":{"line":14,"column":31},"end":{"line":14,"column":93}},"11":{"start":{"line":15,"column":34},"end":{"line":15,"column":92}},"12":{"start":{"line":16,"column":32},"end":{"line":16,"column":88}},"13":{"start":{"line":17,"column":35},"end":{"line":17,"column":94}},"14":{"start":{"line":18,"column":34},"end":{"line":18,"column":88}},"15":{"start":{"line":21,"column":0},"end":{"line":21,"column":62}},"16":{"start":{"line":22,"column":0},"end":{"line":22,"column":60}},"17":{"start":{"line":23,"column":0},"end":{"line":23,"column":64}},"18":{"start":{"line":26,"column":0},"end":{"line":26,"column":66}},"19":{"start":{"line":27,"column":0},"end":{"line":27,"column":64}},"20":{"start":{"line":28,"column":0},"end":{"line":28,"column":68}},"21":{"start":{"line":31,"column":0},"end":{"line":31,"column":73}},"22":{"start":{"line":32,"column":0},"end":{"line":32,"column":71}},"23":{"start":{"line":33,"column":0},"end":{"line":33,"column":69}},"24":{"start":{"line":37,"column":0},"end":{"line":37,"column":68}},"25":{"start":{"line":38,"column":0},"end":{"line":38,"column":66}},"26":{"start":{"line":39,"column":0},"end":{"line":39,"column":70}},"27":{"start":{"line":42,"column":0},"end":{"line":42,"column":52}},"28":{"start":{"line":45,"column":0},"end":{"line":45,"column":24}}},"fnMap":{},"branchMap":{},"s":{"0":5,"1":5,"2":5,"3":5,"4":5,"5":5,"6":5,"7":5,"8":5,"9":5,"10":5,"11":5,"12":5,"13":5,"14":5,"15":5,"16":5,"17":5,"18":5,"19":5,"20":5,"21":5,"22":5,"23":5,"24":5,"25":5,"26":5,"27":5,"28":5},"f":{},"b":{},"_coverageSchema":"1a1c01bbd47fc00a2c39e90264f33305004495a9","hash":"b584d7247a5c7466fc74f92142c0cb5e7a941807"}
,"C:\\Users\\admin\\Desktop\\sportsbook\\utils\\api.js": {"path":"C:\\Users\\admin\\Desktop\\sportsbook\\utils\\api.js","statementMap":{"0":{"start":{"line":6,"column":14},"end":{"line":6,"column":30}},"1":{"start":{"line":7,"column":0},"end":{"line":7,"column":27}},"2":{"start":{"line":12,"column":2},"end":{"line":42,"column":3}},"3":{"start":{"line":18,"column":21},"end":{"line":28,"column":6}},"4":{"start":{"line":25,"column":8},"end":{"line":27,"column":20}},"5":{"start":{"line":26,"column":33},"end":{"line":26,"column":70}},"6":{"start":{"line":31,"column":4},"end":{"line":31,"column":25}},"7":{"start":{"line":36,"column":4},"end":{"line":40,"column":7}},"8":{"start":{"line":41,"column":4},"end":{"line":41,"column":60}},"9":{"start":{"line":46,"column":0},"end":{"line":46,"column":37}}},"fnMap":{"0":{"name":"fetchBet365Data","decl":{"start":{"line":11,"column":15},"end":{"line":11,"column":30}},"loc":{"start":{"line":11,"column":36},"end":{"line":43,"column":1}},"line":11},"1":{"name":"(anonymous_1)","decl":{"start":{"line":24,"column":24},"end":{"line":24,"column":25}},"loc":{"start":{"line":25,"column":8},"end":{"line":27,"column":20}},"line":25},"2":{"name":"(anonymous_2)","decl":{"start":{"line":26,"column":15},"end":{"line":26,"column":16}},"loc":{"start":{"line":26,"column":33},"end":{"line":26,"column":70}},"line":26}},"branchMap":{},"s":{"0":8,"1":8,"2":3,"3":3,"4":1,"5":2,"6":2,"7":1,"8":1,"9":8},"f":{"0":3,"1":1,"2":2},"b":{},"_coverageSchema":"1a1c01bbd47fc00a2c39e90264f33305004495a9","hash":"7f62fc356aa46839f7bab2c20d74864cfb5447a0"}
,"C:\\Users\\admin\\Desktop\\sportsbook\\utils\\dataFormatter.js": {"path":"C:\\Users\\admin\\Desktop\\sportsbook\\utils\\dataFormatter.js","statementMap":{"0":{"start":{"line":5,"column":2},"end":{"line":13,"column":4}},"1":{"start":{"line":9,"column":51},"end":{"line":12,"column":5}},"2":{"start":{"line":16,"column":0},"end":{"line":16,"column":38}}},"fnMap":{"0":{"name":"formatSportsData","decl":{"start":{"line":4,"column":9},"end":{"line":4,"column":25}},"loc":{"start":{"line":4,"column":35},"end":{"line":14,"column":1}},"line":4},"1":{"name":"(anonymous_1)","decl":{"start":{"line":9,"column":40},"end":{"line":9,"column":41}},"loc":{"start":{"line":9,"column":51},"end":{"line":12,"column":5}},"line":9}},"branchMap":{},"s":{"0":1,"1":7,"2":5},"f":{"0":1,"1":7},"b":{},"_coverageSchema":"1a1c01bbd47fc00a2c39e90264f33305004495a9","hash":"3e74a1927bb069a086d7082adfc5994358277dfb"}
}
