{"C:\\Users\\admin\\Desktop\\sportsbook\\server.js": {"path":"C:\\Users\\admin\\Desktop\\sportsbook\\server.js","statementMap":{"0":{"start":{"line":2,"column":16},"end":{"line":2,"column":34}},"1":{"start":{"line":3,"column":13},"end":{"line":3,"column":28}},"2":{"start":{"line":4,"column":19},"end":{"line":4,"column":44}},"3":{"start":{"line":5,"column":18},"end":{"line":5,"column":40}},"4":{"start":{"line":7,"column":12},"end":{"line":7,"column":21}},"5":{"start":{"line":10,"column":0},"end":{"line":10,"column":16}},"6":{"start":{"line":11,"column":0},"end":{"line":11,"column":24}},"7":{"start":{"line":14,"column":0},"end":{"line":14,"column":28}},"8":{"start":{"line":17,"column":0},"end":{"line":17,"column":21}},"9":{"start":{"line":20,"column":0},"end":{"line":27,"column":1}},"10":{"start":{"line":21,"column":15},"end":{"line":21,"column":39}},"11":{"start":{"line":22,"column":2},"end":{"line":26,"column":5}},"12":{"start":{"line":23,"column":4},"end":{"line":25,"column":7}},"13":{"start":{"line":24,"column":6},"end":{"line":24,"column":52}}},"fnMap":{"0":{"name":"(anonymous_0)","decl":{"start":{"line":22,"column":19},"end":{"line":22,"column":20}},"loc":{"start":{"line":22,"column":25},"end":{"line":26,"column":3}},"line":22},"1":{"name":"(anonymous_1)","decl":{"start":{"line":23,"column":21},"end":{"line":23,"column":22}},"loc":{"start":{"line":23,"column":27},"end":{"line":25,"column":5}},"line":23}},"branchMap":{"0":{"loc":{"start":{"line":20,"column":0},"end":{"line":27,"column":1}},"type":"if","locations":[{"start":{"line":20,"column":0},"end":{"line":27,"column":1}},{"start":{},"end":{}}],"line":20},"1":{"loc":{"start":{"line":21,"column":15},"end":{"line":21,"column":39}},"type":"binary-expr","locations":[{"start":{"line":21,"column":15},"end":{"line":21,"column":31}},{"start":{"line":21,"column":35},"end":{"line":21,"column":39}}],"line":21}},"s":{"0":5,"1":5,"2":5,"3":5,"4":5,"5":5,"6":5,"7":5,"8":5,"9":5,"10":0,"11":0,"12":0,"13":0},"f":{"0":0,"1":0},"b":{"0":[0,5],"1":[0,0]},"_coverageSchema":"1a1c01bbd47fc00a2c39e90264f33305004495a9","hash":"7eb9875cf32e1f4c9ba73192fee45af05e69303c"}
,"C:\\Users\\admin\\Desktop\\sportsbook\\Controllers\\FootballIceHockeyCombinedOddsController.js": {"path":"C:\\Users\\admin\\Desktop\\sportsbook\\Controllers\\FootballIceHockeyCombinedOddsController.js","statementMap":{"0":{"start":{"line":3,"column":21},"end":{"line":3,"column":63}},"1":{"start":{"line":4,"column":30},"end":{"line":4,"column":74}},"2":{"start":{"line":5,"column":19},"end":{"line":5,"column":70}},"3":{"start":{"line":8,"column":0},"end":{"line":118,"column":2}},"4":{"start":{"line":9,"column":2},"end":{"line":117,"column":3}},"5":{"start":{"line":11,"column":42},"end":{"line":14,"column":6}},"6":{"start":{"line":17,"column":30},"end":{"line":20,"column":33}},"7":{"start":{"line":23,"column":31},"end":{"line":26,"column":33}},"8":{"start":{"line":29,"column":4},"end":{"line":31,"column":5}},"9":{"start":{"line":30,"column":6},"end":{"line":30,"column":93}},"10":{"start":{"line":34,"column":31},"end":{"line":34,"column":40}},"11":{"start":{"line":37,"column":4},"end":{"line":53,"column":7}},"12":{"start":{"line":38,"column":6},"end":{"line":52,"column":9}},"13":{"start":{"line":43,"column":40},"end":{"line":50,"column":11}},"14":{"start":{"line":56,"column":4},"end":{"line":72,"column":7}},"15":{"start":{"line":57,"column":29},"end":{"line":57,"column":62}},"16":{"start":{"line":58,"column":6},"end":{"line":71,"column":7}},"17":{"start":{"line":59,"column":8},"end":{"line":59,"column":56}},"18":{"start":{"line":60,"column":8},"end":{"line":70,"column":10}},"19":{"start":{"line":61,"column":40},"end":{"line":69,"column":11}},"20":{"start":{"line":75,"column":30},"end":{"line":75,"column":89}},"21":{"start":{"line":75,"column":83},"end":{"line":75,"column":87}},"22":{"start":{"line":76,"column":31},"end":{"line":76,"column":91}},"23":{"start":{"line":76,"column":85},"end":{"line":76,"column":89}},"24":{"start":{"line":79,"column":28},"end":{"line":79,"column":91}},"25":{"start":{"line":79,"column":64},"end":{"line":79,"column":90}},"26":{"start":{"line":82,"column":26},"end":{"line":83,"column":76}},"27":{"start":{"line":83,"column":24},"end":{"line":83,"column":75}},"28":{"start":{"line":86,"column":4},"end":{"line":92,"column":5}},"29":{"start":{"line":87,"column":6},"end":{"line":91,"column":9}},"30":{"start":{"line":89,"column":71},"end":{"line":89,"column":97}},"31":{"start":{"line":90,"column":73},"end":{"line":90,"column":99}},"32":{"start":{"line":94,"column":4},"end":{"line":105,"column":8}},"33":{"start":{"line":96,"column":10},"end":{"line":103,"column":12}},"34":{"start":{"line":108,"column":4},"end":{"line":108,"column":30}},"35":{"start":{"line":111,"column":4},"end":{"line":111,"column":60}},"36":{"start":{"line":112,"column":4},"end":{"line":116,"column":7}}},"fnMap":{"0":{"name":"(anonymous_0)","decl":{"start":{"line":8,"column":32},"end":{"line":8,"column":33}},"loc":{"start":{"line":8,"column":52},"end":{"line":118,"column":1}},"line":8},"1":{"name":"(anonymous_1)","decl":{"start":{"line":37,"column":48},"end":{"line":37,"column":49}},"loc":{"start":{"line":37,"column":58},"end":{"line":53,"column":5}},"line":37},"2":{"name":"(anonymous_2)","decl":{"start":{"line":43,"column":32},"end":{"line":43,"column":33}},"loc":{"start":{"line":43,"column":40},"end":{"line":50,"column":11}},"line":43},"3":{"name":"(anonymous_3)","decl":{"start":{"line":56,"column":49},"end":{"line":56,"column":50}},"loc":{"start":{"line":56,"column":59},"end":{"line":72,"column":5}},"line":56},"4":{"name":"(anonymous_4)","decl":{"start":{"line":61,"column":32},"end":{"line":61,"column":33}},"loc":{"start":{"line":61,"column":40},"end":{"line":69,"column":11}},"line":61},"5":{"name":"(anonymous_5)","decl":{"start":{"line":75,"column":78},"end":{"line":75,"column":79}},"loc":{"start":{"line":75,"column":83},"end":{"line":75,"column":87}},"line":75},"6":{"name":"(anonymous_6)","decl":{"start":{"line":76,"column":80},"end":{"line":76,"column":81}},"loc":{"start":{"line":76,"column":85},"end":{"line":76,"column":89}},"line":76},"7":{"name":"(anonymous_7)","decl":{"start":{"line":79,"column":58},"end":{"line":79,"column":59}},"loc":{"start":{"line":79,"column":64},"end":{"line":79,"column":90}},"line":79},"8":{"name":"(anonymous_8)","decl":{"start":{"line":83,"column":14},"end":{"line":83,"column":15}},"loc":{"start":{"line":83,"column":24},"end":{"line":83,"column":75}},"line":83},"9":{"name":"(anonymous_9)","decl":{"start":{"line":89,"column":65},"end":{"line":89,"column":66}},"loc":{"start":{"line":89,"column":71},"end":{"line":89,"column":97}},"line":89},"10":{"name":"(anonymous_10)","decl":{"start":{"line":90,"column":67},"end":{"line":90,"column":68}},"loc":{"start":{"line":90,"column":73},"end":{"line":90,"column":99}},"line":90},"11":{"name":"(anonymous_11)","decl":{"start":{"line":95,"column":28},"end":{"line":95,"column":29}},"loc":{"start":{"line":95,"column":44},"end":{"line":104,"column":9}},"line":95}},"branchMap":{"0":{"loc":{"start":{"line":17,"column":30},"end":{"line":20,"column":33}},"type":"cond-expr","locations":[{"start":{"line":17,"column":45},"end":{"line":20,"column":5}},{"start":{"line":20,"column":8},"end":{"line":20,"column":33}}],"line":17},"1":{"loc":{"start":{"line":23,"column":31},"end":{"line":26,"column":33}},"type":"cond-expr","locations":[{"start":{"line":23,"column":47},"end":{"line":26,"column":5}},{"start":{"line":26,"column":8},"end":{"line":26,"column":33}}],"line":23},"2":{"loc":{"start":{"line":24,"column":25},"end":{"line":24,"column":52}},"type":"binary-expr","locations":[{"start":{"line":24,"column":25},"end":{"line":24,"column":46}},{"start":{"line":24,"column":50},"end":{"line":24,"column":52}}],"line":24},"3":{"loc":{"start":{"line":25,"column":21},"end":{"line":25,"column":45}},"type":"binary-expr","locations":[{"start":{"line":25,"column":21},"end":{"line":25,"column":40}},{"start":{"line":25,"column":44},"end":{"line":25,"column":45}}],"line":25},"4":{"loc":{"start":{"line":29,"column":4},"end":{"line":31,"column":5}},"type":"if","locations":[{"start":{"line":29,"column":4},"end":{"line":31,"column":5}},{"start":{},"end":{}}],"line":29},"5":{"loc":{"start":{"line":29,"column":8},"end":{"line":29,"column":103}},"type":"binary-expr","locations":[{"start":{"line":29,"column":9},"end":{"line":29,"column":52}},{"start":{"line":29,"column":58},"end":{"line":29,"column":102}}],"line":29},"6":{"loc":{"start":{"line":47,"column":16},"end":{"line":47,"column":58}},"type":"binary-expr","locations":[{"start":{"line":47,"column":16},"end":{"line":47,"column":28}},{"start":{"line":47,"column":32},"end":{"line":47,"column":58}}],"line":47},"7":{"loc":{"start":{"line":48,"column":16},"end":{"line":48,"column":52}},"type":"binary-expr","locations":[{"start":{"line":48,"column":16},"end":{"line":48,"column":26}},{"start":{"line":48,"column":30},"end":{"line":48,"column":52}}],"line":48},"8":{"loc":{"start":{"line":49,"column":16},"end":{"line":49,"column":46}},"type":"binary-expr","locations":[{"start":{"line":49,"column":16},"end":{"line":49,"column":24}},{"start":{"line":49,"column":28},"end":{"line":49,"column":46}}],"line":49},"9":{"loc":{"start":{"line":58,"column":6},"end":{"line":71,"column":7}},"type":"if","locations":[{"start":{"line":58,"column":6},"end":{"line":71,"column":7}},{"start":{},"end":{}}],"line":58},"10":{"loc":{"start":{"line":65,"column":16},"end":{"line":65,"column":58}},"type":"binary-expr","locations":[{"start":{"line":65,"column":16},"end":{"line":65,"column":28}},{"start":{"line":65,"column":32},"end":{"line":65,"column":58}}],"line":65},"11":{"loc":{"start":{"line":66,"column":16},"end":{"line":66,"column":52}},"type":"binary-expr","locations":[{"start":{"line":66,"column":16},"end":{"line":66,"column":26}},{"start":{"line":66,"column":30},"end":{"line":66,"column":52}}],"line":66},"12":{"loc":{"start":{"line":67,"column":16},"end":{"line":67,"column":46}},"type":"binary-expr","locations":[{"start":{"line":67,"column":16},"end":{"line":67,"column":24}},{"start":{"line":67,"column":28},"end":{"line":67,"column":46}}],"line":67},"13":{"loc":{"start":{"line":68,"column":16},"end":{"line":68,"column":52}},"type":"binary-expr","locations":[{"start":{"line":68,"column":16},"end":{"line":68,"column":26}},{"start":{"line":68,"column":30},"end":{"line":68,"column":52}}],"line":68},"14":{"loc":{"start":{"line":86,"column":4},"end":{"line":92,"column":5}},"type":"if","locations":[{"start":{"line":86,"column":4},"end":{"line":92,"column":5}},{"start":{},"end":{}}],"line":86},"15":{"loc":{"start":{"line":115,"column":13},"end":{"line":115,"column":77}},"type":"cond-expr","locations":[{"start":{"line":115,"column":54},"end":{"line":115,"column":65}},{"start":{"line":115,"column":68},"end":{"line":115,"column":77}}],"line":115}},"s":{"0":6,"1":6,"2":6,"3":6,"4":9,"5":9,"6":6,"7":6,"8":6,"9":1,"10":5,"11":5,"12":4,"13":4,"14":5,"15":4,"16":4,"17":3,"18":3,"19":3,"20":5,"21":4,"22":5,"23":4,"24":5,"25":4,"26":5,"27":4,"28":5,"29":2,"30":1,"31":1,"32":3,"33":3,"34":3,"35":3,"36":3},"f":{"0":9,"1":4,"2":4,"3":4,"4":3,"5":4,"6":4,"7":4,"8":4,"9":1,"10":1,"11":3},"b":{"0":[4,2],"1":[4,2],"2":[4,0],"3":[4,0],"4":[1,5],"5":[6,2],"6":[4,1],"7":[4,1],"8":[4,1],"9":[3,1],"10":[3,1],"11":[3,0],"12":[3,1],"13":[3,1],"14":[2,3],"15":[1,2]},"_coverageSchema":"1a1c01bbd47fc00a2c39e90264f33305004495a9","hash":"97466573332780667db0878475d1dbd3137486cf"}
,"C:\\Users\\admin\\Desktop\\sportsbook\\Controllers\\Cricket\\LiveMatchMarketController.js": {"path":"C:\\Users\\admin\\Desktop\\sportsbook\\Controllers\\Cricket\\LiveMatchMarketController.js","statementMap":{"0":{"start":{"line":2,"column":0},"end":{"line":2,"column":27}},"1":{"start":{"line":3,"column":26},"end":{"line":3,"column":73}},"2":{"start":{"line":4,"column":35},"end":{"line":4,"column":101}},"3":{"start":{"line":5,"column":35},"end":{"line":5,"column":72}},"4":{"start":{"line":7,"column":0},"end":{"line":32,"column":2}},"5":{"start":{"line":8,"column":2},"end":{"line":31,"column":3}},"6":{"start":{"line":9,"column":21},"end":{"line":9,"column":43}},"7":{"start":{"line":10,"column":19},"end":{"line":10,"column":57}},"8":{"start":{"line":13,"column":4},"end":{"line":13,"column":55}},"9":{"start":{"line":14,"column":4},"end":{"line":14,"column":23}},"10":{"start":{"line":15,"column":4},"end":{"line":15,"column":33}},"11":{"start":{"line":16,"column":4},"end":{"line":16,"column":36}},"12":{"start":{"line":18,"column":24},"end":{"line":22,"column":5}},"13":{"start":{"line":24,"column":4},"end":{"line":27,"column":8}},"14":{"start":{"line":29,"column":4},"end":{"line":29,"column":53}},"15":{"start":{"line":30,"column":4},"end":{"line":30,"column":54}}},"fnMap":{"0":{"name":"(anonymous_0)","decl":{"start":{"line":7,"column":33},"end":{"line":7,"column":34}},"loc":{"start":{"line":7,"column":53},"end":{"line":32,"column":1}},"line":7}},"branchMap":{"0":{"loc":{"start":{"line":25,"column":13},"end":{"line":25,"column":35}},"type":"binary-expr","locations":[{"start":{"line":25,"column":13},"end":{"line":25,"column":30}},{"start":{"line":25,"column":34},"end":{"line":25,"column":35}}],"line":25},"1":{"loc":{"start":{"line":26,"column":15},"end":{"line":26,"column":40}},"type":"binary-expr","locations":[{"start":{"line":26,"column":15},"end":{"line":26,"column":34}},{"start":{"line":26,"column":38},"end":{"line":26,"column":40}}],"line":26}},"s":{"0":5,"1":5,"2":5,"3":5,"4":5,"5":0,"6":0,"7":0,"8":0,"9":0,"10":0,"11":0,"12":0,"13":0,"14":0,"15":0},"f":{"0":0},"b":{"0":[0,0],"1":[0,0]},"_coverageSchema":"1a1c01bbd47fc00a2c39e90264f33305004495a9","hash":"7ef643d1ee113947c07489fc071c5c74ec1a8c74"}
,"C:\\Users\\admin\\Desktop\\sportsbook\\Controllers\\Cricket\\PreMatchMarketController.js": {"path":"C:\\Users\\admin\\Desktop\\sportsbook\\Controllers\\Cricket\\PreMatchMarketController.js","statementMap":{"0":{"start":{"line":2,"column":30},"end":{"line":2,"column":76}},"1":{"start":{"line":3,"column":27},"end":{"line":3,"column":92}},"2":{"start":{"line":4,"column":31},"end":{"line":4,"column":68}},"3":{"start":{"line":5,"column":28},"end":{"line":5,"column":54}},"4":{"start":{"line":7,"column":0},"end":{"line":59,"column":2}},"5":{"start":{"line":8,"column":2},"end":{"line":58,"column":3}},"6":{"start":{"line":10,"column":25},"end":{"line":10,"column":66}},"7":{"start":{"line":12,"column":4},"end":{"line":14,"column":5}},"8":{"start":{"line":13,"column":6},"end":{"line":13,"column":64}},"9":{"start":{"line":17,"column":27},"end":{"line":19,"column":5}},"10":{"start":{"line":18,"column":6},"end":{"line":18,"column":66}},"11":{"start":{"line":22,"column":29},"end":{"line":22,"column":79}},"12":{"start":{"line":23,"column":25},"end":{"line":26,"column":7}},"13":{"start":{"line":23,"column":72},"end":{"line":26,"column":5}},"14":{"start":{"line":28,"column":23},"end":{"line":33,"column":5}},"15":{"start":{"line":35,"column":4},"end":{"line":51,"column":5}},"16":{"start":{"line":36,"column":21},"end":{"line":40,"column":7}},"17":{"start":{"line":42,"column":6},"end":{"line":42,"column":77}},"18":{"start":{"line":43,"column":6},"end":{"line":43,"column":61}},"19":{"start":{"line":44,"column":6},"end":{"line":44,"column":29}},"20":{"start":{"line":46,"column":6},"end":{"line":46,"column":48}},"21":{"start":{"line":47,"column":6},"end":{"line":50,"column":9}},"22":{"start":{"line":53,"column":4},"end":{"line":53,"column":43}},"23":{"start":{"line":54,"column":4},"end":{"line":57,"column":7}}},"fnMap":{"0":{"name":"(anonymous_0)","decl":{"start":{"line":7,"column":32},"end":{"line":7,"column":33}},"loc":{"start":{"line":7,"column":52},"end":{"line":59,"column":1}},"line":7},"1":{"name":"(anonymous_1)","decl":{"start":{"line":17,"column":55},"end":{"line":17,"column":56}},"loc":{"start":{"line":18,"column":6},"end":{"line":18,"column":66}},"line":18},"2":{"name":"(anonymous_2)","decl":{"start":{"line":23,"column":61},"end":{"line":23,"column":62}},"loc":{"start":{"line":23,"column":72},"end":{"line":26,"column":5}},"line":23}},"branchMap":{"0":{"loc":{"start":{"line":12,"column":4},"end":{"line":14,"column":5}},"type":"if","locations":[{"start":{"line":12,"column":4},"end":{"line":14,"column":5}},{"start":{},"end":{}}],"line":12},"1":{"loc":{"start":{"line":12,"column":8},"end":{"line":12,"column":66}},"type":"binary-expr","locations":[{"start":{"line":12,"column":8},"end":{"line":12,"column":29}},{"start":{"line":12,"column":33},"end":{"line":12,"column":66}}],"line":12},"2":{"loc":{"start":{"line":18,"column":6},"end":{"line":18,"column":66}},"type":"binary-expr","locations":[{"start":{"line":18,"column":6},"end":{"line":18,"column":14}},{"start":{"line":18,"column":18},"end":{"line":18,"column":66}}],"line":18}},"s":{"0":6,"1":6,"2":6,"3":6,"4":6,"5":4,"6":4,"7":3,"8":1,"9":2,"10":2,"11":2,"12":2,"13":2,"14":2,"15":2,"16":2,"17":1,"18":1,"19":1,"20":1,"21":1,"22":1,"23":1},"f":{"0":4,"1":2,"2":2},"b":{"0":[1,2],"1":[3,3],"2":[2,2]},"_coverageSchema":"1a1c01bbd47fc00a2c39e90264f33305004495a9","hash":"54bb4ae993a339395686b8bc8837378d8ac084f1"}
,"C:\\Users\\admin\\Desktop\\sportsbook\\Controllers\\Cricket\\PreMatchoddsController.js": {"path":"C:\\Users\\admin\\Desktop\\sportsbook\\Controllers\\Cricket\\PreMatchoddsController.js","statementMap":{"0":{"start":{"line":2,"column":28},"end":{"line":2,"column":72}},"1":{"start":{"line":3,"column":30},"end":{"line":3,"column":93}},"2":{"start":{"line":4,"column":28},"end":{"line":4,"column":54}},"3":{"start":{"line":5,"column":31},"end":{"line":5,"column":68}},"4":{"start":{"line":7,"column":0},"end":{"line":49,"column":2}},"5":{"start":{"line":8,"column":4},"end":{"line":48,"column":5}},"6":{"start":{"line":10,"column":29},"end":{"line":10,"column":70}},"7":{"start":{"line":12,"column":30},"end":{"line":12,"column":93}},"8":{"start":{"line":14,"column":8},"end":{"line":16,"column":9}},"9":{"start":{"line":15,"column":12},"end":{"line":15,"column":72}},"10":{"start":{"line":18,"column":27},"end":{"line":23,"column":9}},"11":{"start":{"line":26,"column":8},"end":{"line":39,"column":9}},"12":{"start":{"line":27,"column":12},"end":{"line":31,"column":14}},"13":{"start":{"line":32,"column":12},"end":{"line":32,"column":92}},"14":{"start":{"line":34,"column":12},"end":{"line":34,"column":61}},"15":{"start":{"line":35,"column":12},"end":{"line":38,"column":15}},"16":{"start":{"line":41,"column":8},"end":{"line":41,"column":38}},"17":{"start":{"line":43,"column":8},"end":{"line":43,"column":58}},"18":{"start":{"line":44,"column":8},"end":{"line":47,"column":11}}},"fnMap":{"0":{"name":"(anonymous_0)","decl":{"start":{"line":7,"column":30},"end":{"line":7,"column":31}},"loc":{"start":{"line":7,"column":50},"end":{"line":49,"column":1}},"line":7}},"branchMap":{"0":{"loc":{"start":{"line":14,"column":8},"end":{"line":16,"column":9}},"type":"if","locations":[{"start":{"line":14,"column":8},"end":{"line":16,"column":9}},{"start":{},"end":{}}],"line":14},"1":{"loc":{"start":{"line":21,"column":19},"end":{"line":21,"column":51}},"type":"binary-expr","locations":[{"start":{"line":21,"column":19},"end":{"line":21,"column":46}},{"start":{"line":21,"column":50},"end":{"line":21,"column":51}}],"line":21},"2":{"loc":{"start":{"line":45,"column":19},"end":{"line":45,"column":68}},"type":"binary-expr","locations":[{"start":{"line":45,"column":19},"end":{"line":45,"column":32}},{"start":{"line":45,"column":36},"end":{"line":45,"column":68}}],"line":45}},"s":{"0":5,"1":5,"2":5,"3":5,"4":5,"5":0,"6":0,"7":0,"8":0,"9":0,"10":0,"11":0,"12":0,"13":0,"14":0,"15":0,"16":0,"17":0,"18":0},"f":{"0":0},"b":{"0":[0,0],"1":[0,0],"2":[0,0]},"_coverageSchema":"1a1c01bbd47fc00a2c39e90264f33305004495a9","hash":"8f78e5e18042be85b36cbcb016be1af31ff27f77"}
,"C:\\Users\\admin\\Desktop\\sportsbook\\Controllers\\Football\\LiveMatchMarketController.js": {"path":"C:\\Users\\admin\\Desktop\\sportsbook\\Controllers\\Football\\LiveMatchMarketController.js","statementMap":{"0":{"start":{"line":2,"column":0},"end":{"line":2,"column":27}},"1":{"start":{"line":3,"column":23},"end":{"line":3,"column":71}},"2":{"start":{"line":4,"column":35},"end":{"line":4,"column":101}},"3":{"start":{"line":5,"column":39},"end":{"line":5,"column":76}},"4":{"start":{"line":7,"column":0},"end":{"line":39,"column":2}},"5":{"start":{"line":8,"column":2},"end":{"line":38,"column":3}},"6":{"start":{"line":9,"column":21},"end":{"line":9,"column":47}},"7":{"start":{"line":10,"column":19},"end":{"line":10,"column":57}},"8":{"start":{"line":12,"column":4},"end":{"line":12,"column":70}},"9":{"start":{"line":13,"column":4},"end":{"line":13,"column":23}},"10":{"start":{"line":14,"column":4},"end":{"line":14,"column":34}},"11":{"start":{"line":15,"column":4},"end":{"line":15,"column":37}},"12":{"start":{"line":17,"column":24},"end":{"line":25,"column":5}},"13":{"start":{"line":28,"column":25},"end":{"line":28,"column":47}},"14":{"start":{"line":29,"column":4},"end":{"line":29,"column":28}},"15":{"start":{"line":31,"column":4},"end":{"line":34,"column":8}},"16":{"start":{"line":36,"column":4},"end":{"line":36,"column":54}},"17":{"start":{"line":37,"column":4},"end":{"line":37,"column":54}}},"fnMap":{"0":{"name":"(anonymous_0)","decl":{"start":{"line":7,"column":26},"end":{"line":7,"column":27}},"loc":{"start":{"line":7,"column":46},"end":{"line":39,"column":1}},"line":7}},"branchMap":{"0":{"loc":{"start":{"line":32,"column":13},"end":{"line":32,"column":36}},"type":"binary-expr","locations":[{"start":{"line":32,"column":13},"end":{"line":32,"column":31}},{"start":{"line":32,"column":35},"end":{"line":32,"column":36}}],"line":32}},"s":{"0":5,"1":5,"2":5,"3":5,"4":5,"5":7,"6":7,"7":7,"8":6,"9":6,"10":6,"11":6,"12":6,"13":6,"14":6,"15":6,"16":1,"17":1},"f":{"0":7},"b":{"0":[6,2]},"_coverageSchema":"1a1c01bbd47fc00a2c39e90264f33305004495a9","hash":"a7d69f64ad6606bc80fc5c3545d6b46f3fc64b31"}
,"C:\\Users\\admin\\Desktop\\sportsbook\\Controllers\\Football\\PreMatchMarketController.js": {"path":"C:\\Users\\admin\\Desktop\\sportsbook\\Controllers\\Football\\PreMatchMarketController.js","statementMap":{"0":{"start":{"line":7,"column":28},"end":{"line":7,"column":54}},"1":{"start":{"line":8,"column":27},"end":{"line":8,"column":92}},"2":{"start":{"line":9,"column":29},"end":{"line":9,"column":65}},"3":{"start":{"line":10,"column":23},"end":{"line":10,"column":70}},"4":{"start":{"line":11,"column":23},"end":{"line":11,"column":60}},"5":{"start":{"line":12,"column":0},"end":{"line":12,"column":27}},"6":{"start":{"line":15,"column":0},"end":{"line":67,"column":2}},"7":{"start":{"line":16,"column":2},"end":{"line":66,"column":3}},"8":{"start":{"line":19,"column":17},"end":{"line":19,"column":50}},"9":{"start":{"line":22,"column":4},"end":{"line":30,"column":5}},"10":{"start":{"line":23,"column":6},"end":{"line":29,"column":9}},"11":{"start":{"line":34,"column":32},"end":{"line":34,"column":72}},"12":{"start":{"line":38,"column":23},"end":{"line":38,"column":60}},"13":{"start":{"line":42,"column":4},"end":{"line":46,"column":6}},"14":{"start":{"line":50,"column":4},"end":{"line":50,"column":27}},"15":{"start":{"line":56,"column":4},"end":{"line":56,"column":47}},"16":{"start":{"line":59,"column":21},"end":{"line":61,"column":5}},"17":{"start":{"line":65,"column":4},"end":{"line":65,"column":35}}},"fnMap":{"0":{"name":"(anonymous_0)","decl":{"start":{"line":15,"column":25},"end":{"line":15,"column":26}},"loc":{"start":{"line":15,"column":45},"end":{"line":67,"column":1}},"line":15}},"branchMap":{"0":{"loc":{"start":{"line":22,"column":4},"end":{"line":30,"column":5}},"type":"if","locations":[{"start":{"line":22,"column":4},"end":{"line":30,"column":5}},{"start":{},"end":{}}],"line":22}},"s":{"0":5,"1":5,"2":5,"3":5,"4":5,"5":5,"6":5,"7":3,"8":3,"9":2,"10":1,"11":1,"12":1,"13":1,"14":1,"15":1,"16":1,"17":1},"f":{"0":3},"b":{"0":[1,1]},"_coverageSchema":"1a1c01bbd47fc00a2c39e90264f33305004495a9","hash":"6f38d068963bb10431e909c755844ce671eabf41"}
,"C:\\Users\\admin\\Desktop\\sportsbook\\Controllers\\Football\\PreMatchoddsController.js": {"path":"C:\\Users\\admin\\Desktop\\sportsbook\\Controllers\\Football\\PreMatchoddsController.js","statementMap":{"0":{"start":{"line":3,"column":28},"end":{"line":3,"column":54}},"1":{"start":{"line":4,"column":21},"end":{"line":4,"column":66}},"2":{"start":{"line":5,"column":30},"end":{"line":5,"column":93}},"3":{"start":{"line":6,"column":23},"end":{"line":6,"column":60}},"4":{"start":{"line":7,"column":0},"end":{"line":7,"column":27}},"5":{"start":{"line":10,"column":0},"end":{"line":64,"column":2}},"6":{"start":{"line":11,"column":2},"end":{"line":63,"column":3}},"7":{"start":{"line":13,"column":17},"end":{"line":13,"column":50}},"8":{"start":{"line":16,"column":26},"end":{"line":16,"column":73}},"9":{"start":{"line":19,"column":4},"end":{"line":21,"column":5}},"10":{"start":{"line":20,"column":6},"end":{"line":20,"column":49}},"11":{"start":{"line":24,"column":19},"end":{"line":29,"column":5}},"12":{"start":{"line":32,"column":20},"end":{"line":35,"column":5}},"13":{"start":{"line":39,"column":19},"end":{"line":39,"column":75}},"14":{"start":{"line":42,"column":21},"end":{"line":45,"column":5}},"15":{"start":{"line":48,"column":4},"end":{"line":48,"column":25}},"16":{"start":{"line":54,"column":4},"end":{"line":54,"column":47}},"17":{"start":{"line":57,"column":21},"end":{"line":59,"column":5}},"18":{"start":{"line":62,"column":4},"end":{"line":62,"column":35}}},"fnMap":{"0":{"name":"(anonymous_0)","decl":{"start":{"line":10,"column":23},"end":{"line":10,"column":24}},"loc":{"start":{"line":10,"column":43},"end":{"line":64,"column":1}},"line":10}},"branchMap":{"0":{"loc":{"start":{"line":19,"column":4},"end":{"line":21,"column":5}},"type":"if","locations":[{"start":{"line":19,"column":4},"end":{"line":21,"column":5}},{"start":{},"end":{}}],"line":19}},"s":{"0":6,"1":6,"2":6,"3":6,"4":6,"5":6,"6":3,"7":3,"8":2,"9":2,"10":1,"11":1,"12":1,"13":1,"14":1,"15":1,"16":1,"17":1,"18":1},"f":{"0":3},"b":{"0":[1,1]},"_coverageSchema":"1a1c01bbd47fc00a2c39e90264f33305004495a9","hash":"e7ebefaaaf0f44689b5f01d8920ad90e23ce3cc4"}
,"C:\\Users\\admin\\Desktop\\sportsbook\\Controllers\\ICE_HOCKEY\\LiveMatchMarketController.js": {"path":"C:\\Users\\admin\\Desktop\\sportsbook\\Controllers\\ICE_HOCKEY\\LiveMatchMarketController.js","statementMap":{"0":{"start":{"line":2,"column":0},"end":{"line":2,"column":27}},"1":{"start":{"line":4,"column":28},"end":{"line":4,"column":78}},"2":{"start":{"line":5,"column":35},"end":{"line":5,"column":101}},"3":{"start":{"line":6,"column":41},"end":{"line":6,"column":78}},"4":{"start":{"line":8,"column":0},"end":{"line":33,"column":2}},"5":{"start":{"line":9,"column":2},"end":{"line":32,"column":3}},"6":{"start":{"line":10,"column":22},"end":{"line":10,"column":50}},"7":{"start":{"line":11,"column":19},"end":{"line":11,"column":57}},"8":{"start":{"line":13,"column":4},"end":{"line":13,"column":72}},"9":{"start":{"line":14,"column":4},"end":{"line":14,"column":24}},"10":{"start":{"line":15,"column":4},"end":{"line":15,"column":36}},"11":{"start":{"line":16,"column":4},"end":{"line":16,"column":39}},"12":{"start":{"line":18,"column":24},"end":{"line":23,"column":7}},"13":{"start":{"line":25,"column":4},"end":{"line":28,"column":8}},"14":{"start":{"line":30,"column":4},"end":{"line":30,"column":55}},"15":{"start":{"line":31,"column":4},"end":{"line":31,"column":54}}},"fnMap":{"0":{"name":"(anonymous_0)","decl":{"start":{"line":8,"column":29},"end":{"line":8,"column":30}},"loc":{"start":{"line":8,"column":49},"end":{"line":33,"column":1}},"line":8}},"branchMap":{"0":{"loc":{"start":{"line":26,"column":13},"end":{"line":26,"column":35}},"type":"binary-expr","locations":[{"start":{"line":26,"column":13},"end":{"line":26,"column":30}},{"start":{"line":26,"column":34},"end":{"line":26,"column":35}}],"line":26}},"s":{"0":5,"1":5,"2":5,"3":5,"4":5,"5":5,"6":5,"7":5,"8":4,"9":4,"10":4,"11":4,"12":4,"13":4,"14":1,"15":1},"f":{"0":5},"b":{"0":[4,1]},"_coverageSchema":"1a1c01bbd47fc00a2c39e90264f33305004495a9","hash":"8993f0736c88953a99fd5000adcb42355a64909d"}
,"C:\\Users\\admin\\Desktop\\sportsbook\\Controllers\\ICE_HOCKEY\\PreMatchMarketController.js": {"path":"C:\\Users\\admin\\Desktop\\sportsbook\\Controllers\\ICE_HOCKEY\\PreMatchMarketController.js","statementMap":{"0":{"start":{"line":2,"column":32},"end":{"line":2,"column":81}},"1":{"start":{"line":3,"column":27},"end":{"line":3,"column":92}},"2":{"start":{"line":4,"column":30},"end":{"line":4,"column":67}},"3":{"start":{"line":5,"column":28},"end":{"line":5,"column":54}},"4":{"start":{"line":7,"column":0},"end":{"line":59,"column":2}},"5":{"start":{"line":8,"column":2},"end":{"line":58,"column":3}},"6":{"start":{"line":10,"column":25},"end":{"line":10,"column":65}},"7":{"start":{"line":12,"column":4},"end":{"line":14,"column":5}},"8":{"start":{"line":13,"column":6},"end":{"line":13,"column":64}},"9":{"start":{"line":17,"column":27},"end":{"line":19,"column":5}},"10":{"start":{"line":18,"column":6},"end":{"line":18,"column":65}},"11":{"start":{"line":22,"column":29},"end":{"line":22,"column":78}},"12":{"start":{"line":23,"column":25},"end":{"line":26,"column":7}},"13":{"start":{"line":23,"column":72},"end":{"line":26,"column":5}},"14":{"start":{"line":28,"column":23},"end":{"line":33,"column":5}},"15":{"start":{"line":35,"column":4},"end":{"line":51,"column":5}},"16":{"start":{"line":36,"column":21},"end":{"line":40,"column":7}},"17":{"start":{"line":42,"column":6},"end":{"line":42,"column":80}},"18":{"start":{"line":43,"column":6},"end":{"line":43,"column":61}},"19":{"start":{"line":44,"column":6},"end":{"line":44,"column":29}},"20":{"start":{"line":46,"column":6},"end":{"line":46,"column":48}},"21":{"start":{"line":47,"column":6},"end":{"line":50,"column":9}},"22":{"start":{"line":53,"column":4},"end":{"line":53,"column":43}},"23":{"start":{"line":54,"column":4},"end":{"line":57,"column":7}}},"fnMap":{"0":{"name":"(anonymous_0)","decl":{"start":{"line":7,"column":34},"end":{"line":7,"column":35}},"loc":{"start":{"line":7,"column":54},"end":{"line":59,"column":1}},"line":7},"1":{"name":"(anonymous_1)","decl":{"start":{"line":17,"column":55},"end":{"line":17,"column":56}},"loc":{"start":{"line":18,"column":6},"end":{"line":18,"column":65}},"line":18},"2":{"name":"(anonymous_2)","decl":{"start":{"line":23,"column":61},"end":{"line":23,"column":62}},"loc":{"start":{"line":23,"column":72},"end":{"line":26,"column":5}},"line":23}},"branchMap":{"0":{"loc":{"start":{"line":12,"column":4},"end":{"line":14,"column":5}},"type":"if","locations":[{"start":{"line":12,"column":4},"end":{"line":14,"column":5}},{"start":{},"end":{}}],"line":12},"1":{"loc":{"start":{"line":12,"column":8},"end":{"line":12,"column":66}},"type":"binary-expr","locations":[{"start":{"line":12,"column":8},"end":{"line":12,"column":29}},{"start":{"line":12,"column":33},"end":{"line":12,"column":66}}],"line":12},"2":{"loc":{"start":{"line":18,"column":6},"end":{"line":18,"column":65}},"type":"binary-expr","locations":[{"start":{"line":18,"column":6},"end":{"line":18,"column":14}},{"start":{"line":18,"column":18},"end":{"line":18,"column":65}}],"line":18}},"s":{"0":5,"1":5,"2":5,"3":5,"4":5,"5":4,"6":4,"7":3,"8":1,"9":2,"10":2,"11":2,"12":2,"13":5,"14":2,"15":2,"16":2,"17":1,"18":1,"19":1,"20":1,"21":1,"22":1,"23":1},"f":{"0":4,"1":2,"2":5},"b":{"0":[1,2],"1":[3,3],"2":[2,2]},"_coverageSchema":"1a1c01bbd47fc00a2c39e90264f33305004495a9","hash":"d6268e0c9d9ba006ca208ef940368ce32aed9133"}
,"C:\\Users\\admin\\Desktop\\sportsbook\\Controllers\\ICE_HOCKEY\\PreMatchOddsController.js": {"path":"C:\\Users\\admin\\Desktop\\sportsbook\\Controllers\\ICE_HOCKEY\\PreMatchOddsController.js","statementMap":{"0":{"start":{"line":2,"column":30},"end":{"line":2,"column":77}},"1":{"start":{"line":3,"column":30},"end":{"line":3,"column":93}},"2":{"start":{"line":4,"column":28},"end":{"line":4,"column":54}},"3":{"start":{"line":5,"column":30},"end":{"line":5,"column":67}},"4":{"start":{"line":7,"column":0},"end":{"line":46,"column":2}},"5":{"start":{"line":8,"column":4},"end":{"line":45,"column":5}},"6":{"start":{"line":10,"column":29},"end":{"line":10,"column":69}},"7":{"start":{"line":12,"column":30},"end":{"line":12,"column":92}},"8":{"start":{"line":14,"column":8},"end":{"line":16,"column":9}},"9":{"start":{"line":15,"column":12},"end":{"line":15,"column":72}},"10":{"start":{"line":18,"column":27},"end":{"line":23,"column":9}},"11":{"start":{"line":26,"column":8},"end":{"line":36,"column":9}},"12":{"start":{"line":27,"column":12},"end":{"line":31,"column":14}},"13":{"start":{"line":32,"column":12},"end":{"line":32,"column":95}},"14":{"start":{"line":34,"column":12},"end":{"line":34,"column":61}},"15":{"start":{"line":38,"column":8},"end":{"line":38,"column":38}},"16":{"start":{"line":40,"column":8},"end":{"line":40,"column":58}},"17":{"start":{"line":41,"column":8},"end":{"line":44,"column":11}}},"fnMap":{"0":{"name":"(anonymous_0)","decl":{"start":{"line":7,"column":32},"end":{"line":7,"column":33}},"loc":{"start":{"line":7,"column":52},"end":{"line":46,"column":1}},"line":7}},"branchMap":{"0":{"loc":{"start":{"line":14,"column":8},"end":{"line":16,"column":9}},"type":"if","locations":[{"start":{"line":14,"column":8},"end":{"line":16,"column":9}},{"start":{},"end":{}}],"line":14},"1":{"loc":{"start":{"line":21,"column":19},"end":{"line":21,"column":51}},"type":"binary-expr","locations":[{"start":{"line":21,"column":19},"end":{"line":21,"column":46}},{"start":{"line":21,"column":50},"end":{"line":21,"column":51}}],"line":21},"2":{"loc":{"start":{"line":42,"column":19},"end":{"line":42,"column":71}},"type":"binary-expr","locations":[{"start":{"line":42,"column":19},"end":{"line":42,"column":32}},{"start":{"line":42,"column":36},"end":{"line":42,"column":71}}],"line":42}},"s":{"0":6,"1":6,"2":6,"3":6,"4":6,"5":6,"6":6,"7":4,"8":4,"9":1,"10":3,"11":3,"12":3,"13":2,"14":1,"15":3,"16":2,"17":2},"f":{"0":6},"b":{"0":[1,3],"1":[3,1],"2":[2,1]},"_coverageSchema":"1a1c01bbd47fc00a2c39e90264f33305004495a9","hash":"863de9a134c4ec09c74ad19cc261b42a1e3b5b13"}
,"C:\\Users\\admin\\Desktop\\sportsbook\\Controllers\\Tennis\\LiveMatchMarketController.js": {"path":"C:\\Users\\admin\\Desktop\\sportsbook\\Controllers\\Tennis\\LiveMatchMarketController.js","statementMap":{"0":{"start":{"line":2,"column":0},"end":{"line":2,"column":27}},"1":{"start":{"line":3,"column":25},"end":{"line":3,"column":71}},"2":{"start":{"line":4,"column":35},"end":{"line":4,"column":101}},"3":{"start":{"line":5,"column":34},"end":{"line":5,"column":71}},"4":{"start":{"line":7,"column":0},"end":{"line":30,"column":2}},"5":{"start":{"line":8,"column":2},"end":{"line":29,"column":3}},"6":{"start":{"line":9,"column":22},"end":{"line":9,"column":43}},"7":{"start":{"line":10,"column":19},"end":{"line":10,"column":57}},"8":{"start":{"line":12,"column":4},"end":{"line":12,"column":70}},"9":{"start":{"line":14,"column":24},"end":{"line":18,"column":5}},"10":{"start":{"line":20,"column":4},"end":{"line":25,"column":8}},"11":{"start":{"line":27,"column":4},"end":{"line":27,"column":46}},"12":{"start":{"line":28,"column":4},"end":{"line":28,"column":61}}},"fnMap":{"0":{"name":"(anonymous_0)","decl":{"start":{"line":7,"column":32},"end":{"line":7,"column":33}},"loc":{"start":{"line":7,"column":52},"end":{"line":30,"column":1}},"line":7}},"branchMap":{},"s":{"0":6,"1":6,"2":6,"3":6,"4":6,"5":5,"6":5,"7":5,"8":4,"9":4,"10":3,"11":2,"12":2},"f":{"0":5},"b":{},"_coverageSchema":"1a1c01bbd47fc00a2c39e90264f33305004495a9","hash":"89b30e534caae271385b61157bca301dd9a2a2d5"}
,"C:\\Users\\admin\\Desktop\\sportsbook\\Controllers\\Tennis\\PreMatchMarketController.js": {"path":"C:\\Users\\admin\\Desktop\\sportsbook\\Controllers\\Tennis\\PreMatchMarketController.js","statementMap":{"0":{"start":{"line":2,"column":28},"end":{"line":2,"column":54}},"1":{"start":{"line":3,"column":23},"end":{"line":3,"column":68}},"2":{"start":{"line":4,"column":27},"end":{"line":4,"column":86}},"3":{"start":{"line":5,"column":45},"end":{"line":5,"column":82}},"4":{"start":{"line":7,"column":22},"end":{"line":10,"column":1}},"5":{"start":{"line":12,"column":0},"end":{"line":70,"column":2}},"6":{"start":{"line":13,"column":2},"end":{"line":69,"column":3}},"7":{"start":{"line":15,"column":21},"end":{"line":15,"column":61}},"8":{"start":{"line":18,"column":4},"end":{"line":23,"column":5}},"9":{"start":{"line":19,"column":6},"end":{"line":22,"column":9}},"10":{"start":{"line":26,"column":27},"end":{"line":40,"column":22}},"11":{"start":{"line":28,"column":22},"end":{"line":28,"column":75}},"12":{"start":{"line":28,"column":50},"end":{"line":28,"column":74}},"13":{"start":{"line":29,"column":8},"end":{"line":29,"column":32}},"14":{"start":{"line":29,"column":20},"end":{"line":29,"column":32}},"15":{"start":{"line":31,"column":26},"end":{"line":31,"column":43}},"16":{"start":{"line":32,"column":8},"end":{"line":38,"column":10}},"17":{"start":{"line":43,"column":29},"end":{"line":43,"column":59}},"18":{"start":{"line":46,"column":25},"end":{"line":51,"column":5}},"19":{"start":{"line":54,"column":4},"end":{"line":58,"column":6}},"20":{"start":{"line":61,"column":4},"end":{"line":61,"column":27}},"21":{"start":{"line":64,"column":4},"end":{"line":64,"column":58}},"22":{"start":{"line":65,"column":4},"end":{"line":68,"column":7}}},"fnMap":{"0":{"name":"(anonymous_0)","decl":{"start":{"line":12,"column":31},"end":{"line":12,"column":32}},"loc":{"start":{"line":12,"column":51},"end":{"line":70,"column":1}},"line":12},"1":{"name":"(anonymous_1)","decl":{"start":{"line":27,"column":11},"end":{"line":27,"column":12}},"loc":{"start":{"line":27,"column":17},"end":{"line":39,"column":7}},"line":27},"2":{"name":"(anonymous_2)","decl":{"start":{"line":28,"column":44},"end":{"line":28,"column":45}},"loc":{"start":{"line":28,"column":50},"end":{"line":28,"column":74}},"line":28}},"branchMap":{"0":{"loc":{"start":{"line":18,"column":4},"end":{"line":23,"column":5}},"type":"if","locations":[{"start":{"line":18,"column":4},"end":{"line":23,"column":5}},{"start":{},"end":{}}],"line":18},"1":{"loc":{"start":{"line":29,"column":8},"end":{"line":29,"column":32}},"type":"if","locations":[{"start":{"line":29,"column":8},"end":{"line":29,"column":32}},{"start":{},"end":{}}],"line":29},"2":{"loc":{"start":{"line":67,"column":15},"end":{"line":67,"column":81}},"type":"cond-expr","locations":[{"start":{"line":67,"column":56},"end":{"line":67,"column":69}},{"start":{"line":67,"column":72},"end":{"line":67,"column":81}}],"line":67}},"s":{"0":6,"1":6,"2":6,"3":6,"4":6,"5":6,"6":8,"7":8,"8":6,"9":1,"10":5,"11":45,"12":54,"13":45,"14":41,"15":4,"16":4,"17":5,"18":5,"19":5,"20":2,"21":5,"22":5},"f":{"0":8,"1":45,"2":54},"b":{"0":[1,5],"1":[41,4],"2":[4,1]},"_coverageSchema":"1a1c01bbd47fc00a2c39e90264f33305004495a9","hash":"2586530956fd298863bb1325352728349f8a9736"}
,"C:\\Users\\admin\\Desktop\\sportsbook\\Controllers\\Tennis\\PreMatchOddsController.js": {"path":"C:\\Users\\admin\\Desktop\\sportsbook\\Controllers\\Tennis\\PreMatchOddsController.js","statementMap":{"0":{"start":{"line":2,"column":28},"end":{"line":2,"column":54}},"1":{"start":{"line":3,"column":23},"end":{"line":3,"column":68}},"2":{"start":{"line":4,"column":45},"end":{"line":4,"column":82}},"3":{"start":{"line":5,"column":38},"end":{"line":5,"column":92}},"4":{"start":{"line":7,"column":22},"end":{"line":10,"column":1}},"5":{"start":{"line":12,"column":0},"end":{"line":72,"column":2}},"6":{"start":{"line":13,"column":2},"end":{"line":71,"column":3}},"7":{"start":{"line":15,"column":21},"end":{"line":15,"column":61}},"8":{"start":{"line":18,"column":4},"end":{"line":23,"column":5}},"9":{"start":{"line":19,"column":6},"end":{"line":22,"column":9}},"10":{"start":{"line":26,"column":27},"end":{"line":40,"column":22}},"11":{"start":{"line":28,"column":22},"end":{"line":28,"column":75}},"12":{"start":{"line":28,"column":50},"end":{"line":28,"column":74}},"13":{"start":{"line":29,"column":8},"end":{"line":29,"column":32}},"14":{"start":{"line":29,"column":20},"end":{"line":29,"column":32}},"15":{"start":{"line":31,"column":26},"end":{"line":31,"column":43}},"16":{"start":{"line":32,"column":8},"end":{"line":38,"column":10}},"17":{"start":{"line":43,"column":4},"end":{"line":43,"column":63}},"18":{"start":{"line":44,"column":29},"end":{"line":44,"column":82}},"19":{"start":{"line":45,"column":4},"end":{"line":45,"column":61}},"20":{"start":{"line":48,"column":25},"end":{"line":53,"column":5}},"21":{"start":{"line":56,"column":4},"end":{"line":60,"column":6}},"22":{"start":{"line":63,"column":4},"end":{"line":63,"column":27}},"23":{"start":{"line":66,"column":4},"end":{"line":66,"column":58}},"24":{"start":{"line":67,"column":4},"end":{"line":70,"column":7}}},"fnMap":{"0":{"name":"(anonymous_0)","decl":{"start":{"line":12,"column":29},"end":{"line":12,"column":30}},"loc":{"start":{"line":12,"column":49},"end":{"line":72,"column":1}},"line":12},"1":{"name":"(anonymous_1)","decl":{"start":{"line":27,"column":11},"end":{"line":27,"column":12}},"loc":{"start":{"line":27,"column":17},"end":{"line":39,"column":7}},"line":27},"2":{"name":"(anonymous_2)","decl":{"start":{"line":28,"column":44},"end":{"line":28,"column":45}},"loc":{"start":{"line":28,"column":50},"end":{"line":28,"column":74}},"line":28}},"branchMap":{"0":{"loc":{"start":{"line":18,"column":4},"end":{"line":23,"column":5}},"type":"if","locations":[{"start":{"line":18,"column":4},"end":{"line":23,"column":5}},{"start":{},"end":{}}],"line":18},"1":{"loc":{"start":{"line":29,"column":8},"end":{"line":29,"column":32}},"type":"if","locations":[{"start":{"line":29,"column":8},"end":{"line":29,"column":32}},{"start":{},"end":{}}],"line":29},"2":{"loc":{"start":{"line":69,"column":15},"end":{"line":69,"column":81}},"type":"cond-expr","locations":[{"start":{"line":69,"column":56},"end":{"line":69,"column":69}},{"start":{"line":69,"column":72},"end":{"line":69,"column":81}}],"line":69}},"s":{"0":6,"1":6,"2":6,"3":6,"4":6,"5":6,"6":8,"7":8,"8":6,"9":1,"10":5,"11":45,"12":45,"13":45,"14":41,"15":4,"16":4,"17":5,"18":5,"19":4,"20":4,"21":4,"22":4,"23":3,"24":3},"f":{"0":8,"1":45,"2":45},"b":{"0":[1,5],"1":[41,4],"2":[2,1]},"_coverageSchema":"1a1c01bbd47fc00a2c39e90264f33305004495a9","hash":"15d4124d0ec12d9b3eff7454a318cc5437c95d1b"}
,"C:\\Users\\admin\\Desktop\\sportsbook\\config\\db.js": {"path":"C:\\Users\\admin\\Desktop\\sportsbook\\config\\db.js","statementMap":{"0":{"start":{"line":2,"column":17},"end":{"line":2,"column":36}},"1":{"start":{"line":4,"column":18},"end":{"line":13,"column":1}},"2":{"start":{"line":5,"column":2},"end":{"line":12,"column":3}},"3":{"start":{"line":6,"column":4},"end":{"line":6,"column":52}},"4":{"start":{"line":8,"column":4},"end":{"line":8,"column":37}},"5":{"start":{"line":10,"column":4},"end":{"line":10,"column":60}},"6":{"start":{"line":11,"column":4},"end":{"line":11,"column":20}},"7":{"start":{"line":15,"column":0},"end":{"line":15,"column":27}}},"fnMap":{"0":{"name":"(anonymous_0)","decl":{"start":{"line":4,"column":18},"end":{"line":4,"column":19}},"loc":{"start":{"line":4,"column":30},"end":{"line":13,"column":1}},"line":4}},"branchMap":{},"s":{"0":3,"1":3,"2":2,"3":2,"4":1,"5":1,"6":1,"7":3},"f":{"0":2},"b":{},"_coverageSchema":"1a1c01bbd47fc00a2c39e90264f33305004495a9","hash":"402d30ae0b91e6eeb5b6ccba48c5d10fbcd49b0e"}
,"C:\\Users\\admin\\Desktop\\sportsbook\\constants\\bookmakers.js": {"path":"C:\\Users\\admin\\Desktop\\sportsbook\\constants\\bookmakers.js","statementMap":{"0":{"start":{"line":2,"column":22},"end":{"line":13,"column":1}},"1":{"start":{"line":23,"column":0},"end":{"line":66,"column":2}}},"fnMap":{},"branchMap":{},"s":{"0":11,"1":11},"f":{},"b":{},"_coverageSchema":"1a1c01bbd47fc00a2c39e90264f33305004495a9","hash":"0444982ade91f76dc48587ae62c30f711fa56e15"}
,"C:\\Users\\admin\\Desktop\\sportsbook\\market-processors\\Common\\BaseMarketProcessor.js": {"path":"C:\\Users\\admin\\Desktop\\sportsbook\\market-processors\\Common\\BaseMarketProcessor.js","statementMap":{"0":{"start":{"line":2,"column":10},"end":{"line":2,"column":27}},"1":{"start":{"line":6,"column":4},"end":{"line":6,"column":33}},"2":{"start":{"line":6,"column":26},"end":{"line":6,"column":33}},"3":{"start":{"line":8,"column":4},"end":{"line":20,"column":5}},"4":{"start":{"line":9,"column":6},"end":{"line":9,"column":32}},"5":{"start":{"line":9,"column":23},"end":{"line":9,"column":32}},"6":{"start":{"line":11,"column":6},"end":{"line":19,"column":7}},"7":{"start":{"line":12,"column":8},"end":{"line":12,"column":56}},"8":{"start":{"line":14,"column":8},"end":{"line":18,"column":9}},"9":{"start":{"line":15,"column":10},"end":{"line":17,"column":11}},"10":{"start":{"line":16,"column":12},"end":{"line":16,"column":63}},"11":{"start":{"line":24,"column":21},"end":{"line":24,"column":45}},"12":{"start":{"line":25,"column":23},"end":{"line":25,"column":38}},"13":{"start":{"line":26,"column":22},"end":{"line":26,"column":49}},"14":{"start":{"line":28,"column":4},"end":{"line":34,"column":5}},"15":{"start":{"line":29,"column":6},"end":{"line":33,"column":8}},"16":{"start":{"line":38,"column":4},"end":{"line":47,"column":6}},"17":{"start":{"line":51,"column":0},"end":{"line":51,"column":37}}},"fnMap":{"0":{"name":"(anonymous_0)","decl":{"start":{"line":5,"column":2},"end":{"line":5,"column":3}},"loc":{"start":{"line":5,"column":58},"end":{"line":21,"column":3}},"line":5},"1":{"name":"(anonymous_1)","decl":{"start":{"line":23,"column":2},"end":{"line":23,"column":3}},"loc":{"start":{"line":23,"column":52},"end":{"line":35,"column":3}},"line":23},"2":{"name":"(anonymous_2)","decl":{"start":{"line":37,"column":2},"end":{"line":37,"column":3}},"loc":{"start":{"line":37,"column":33},"end":{"line":48,"column":3}},"line":37}},"branchMap":{"0":{"loc":{"start":{"line":6,"column":4},"end":{"line":6,"column":33}},"type":"if","locations":[{"start":{"line":6,"column":4},"end":{"line":6,"column":33}},{"start":{},"end":{}}],"line":6},"1":{"loc":{"start":{"line":9,"column":6},"end":{"line":9,"column":32}},"type":"if","locations":[{"start":{"line":9,"column":6},"end":{"line":9,"column":32}},{"start":{},"end":{}}],"line":9},"2":{"loc":{"start":{"line":11,"column":6},"end":{"line":19,"column":7}},"type":"if","locations":[{"start":{"line":11,"column":6},"end":{"line":19,"column":7}},{"start":{"line":13,"column":13},"end":{"line":19,"column":7}}],"line":11},"3":{"loc":{"start":{"line":11,"column":10},"end":{"line":11,"column":42}},"type":"binary-expr","locations":[{"start":{"line":11,"column":10},"end":{"line":11,"column":23}},{"start":{"line":11,"column":27},"end":{"line":11,"column":42}}],"line":11},"4":{"loc":{"start":{"line":15,"column":10},"end":{"line":17,"column":11}},"type":"if","locations":[{"start":{"line":15,"column":10},"end":{"line":17,"column":11}},{"start":{},"end":{}}],"line":15},"5":{"loc":{"start":{"line":15,"column":14},"end":{"line":15,"column":54}},"type":"binary-expr","locations":[{"start":{"line":15,"column":14},"end":{"line":15,"column":31}},{"start":{"line":15,"column":35},"end":{"line":15,"column":54}}],"line":15},"6":{"loc":{"start":{"line":28,"column":4},"end":{"line":34,"column":5}},"type":"if","locations":[{"start":{"line":28,"column":4},"end":{"line":34,"column":5}},{"start":{},"end":{}}],"line":28},"7":{"loc":{"start":{"line":46,"column":10},"end":{"line":46,"column":57}},"type":"cond-expr","locations":[{"start":{"line":46,"column":40},"end":{"line":46,"column":52}},{"start":{"line":46,"column":55},"end":{"line":46,"column":57}}],"line":46}},"s":{"0":11,"1":42,"2":26,"3":16,"4":19,"5":1,"6":18,"7":14,"8":4,"9":10,"10":7,"11":22,"12":22,"13":22,"14":22,"15":21,"16":15,"17":11},"f":{"0":42,"1":22,"2":15},"b":{"0":[26,16],"1":[1,18],"2":[14,4],"3":[18,14],"4":[7,3],"5":[10,8],"6":[21,1],"7":[3,12]},"_coverageSchema":"1a1c01bbd47fc00a2c39e90264f33305004495a9","hash":"f37edff688dfe54d51212bea0fb19a49bee12cec"}
,"C:\\Users\\admin\\Desktop\\sportsbook\\market-processors\\Common\\LiveMatchMarketProcessor.js": {"path":"C:\\Users\\admin\\Desktop\\sportsbook\\market-processors\\Common\\LiveMatchMarketProcessor.js","statementMap":{"0":{"start":{"line":3,"column":14},"end":{"line":3,"column":30}},"1":{"start":{"line":6,"column":0},"end":{"line":6,"column":27}},"2":{"start":{"line":9,"column":21},"end":{"line":9,"column":45}},"3":{"start":{"line":12,"column":0},"end":{"line":14,"column":1}},"4":{"start":{"line":13,"column":2},"end":{"line":13,"column":74}},"5":{"start":{"line":23,"column":24},"end":{"line":57,"column":1}},"6":{"start":{"line":24,"column":2},"end":{"line":56,"column":3}},"7":{"start":{"line":26,"column":21},"end":{"line":28,"column":6}},"8":{"start":{"line":31,"column":4},"end":{"line":34,"column":5}},"9":{"start":{"line":32,"column":6},"end":{"line":32,"column":68}},"10":{"start":{"line":33,"column":6},"end":{"line":33,"column":13}},"11":{"start":{"line":37,"column":20},"end":{"line":37,"column":59}},"12":{"start":{"line":40,"column":4},"end":{"line":51,"column":7}},"13":{"start":{"line":42,"column":6},"end":{"line":42,"column":32}},"14":{"start":{"line":42,"column":25},"end":{"line":42,"column":32}},"15":{"start":{"line":45,"column":23},"end":{"line":45,"column":49}},"16":{"start":{"line":48,"column":6},"end":{"line":50,"column":7}},"17":{"start":{"line":49,"column":8},"end":{"line":49,"column":45}},"18":{"start":{"line":55,"column":4},"end":{"line":55,"column":67}},"19":{"start":{"line":66,"column":31},"end":{"line":88,"column":1}},"20":{"start":{"line":68,"column":20},"end":{"line":68,"column":29}},"21":{"start":{"line":71,"column":2},"end":{"line":73,"column":4}},"22":{"start":{"line":72,"column":25},"end":{"line":72,"column":55}},"23":{"start":{"line":76,"column":2},"end":{"line":87,"column":4}},"24":{"start":{"line":81,"column":52},"end":{"line":81,"column":64}},"25":{"start":{"line":91,"column":0},"end":{"line":91,"column":44}}},"fnMap":{"0":{"name":"(anonymous_0)","decl":{"start":{"line":23,"column":24},"end":{"line":23,"column":25}},"loc":{"start":{"line":23,"column":54},"end":{"line":57,"column":1}},"line":23},"1":{"name":"(anonymous_1)","decl":{"start":{"line":40,"column":20},"end":{"line":40,"column":21}},"loc":{"start":{"line":40,"column":32},"end":{"line":51,"column":5}},"line":40},"2":{"name":"(anonymous_2)","decl":{"start":{"line":66,"column":31},"end":{"line":66,"column":32}},"loc":{"start":{"line":66,"column":51},"end":{"line":88,"column":1}},"line":66},"3":{"name":"(anonymous_3)","decl":{"start":{"line":72,"column":17},"end":{"line":72,"column":18}},"loc":{"start":{"line":72,"column":25},"end":{"line":72,"column":55}},"line":72},"4":{"name":"(anonymous_4)","decl":{"start":{"line":81,"column":35},"end":{"line":81,"column":36}},"loc":{"start":{"line":81,"column":52},"end":{"line":81,"column":64}},"line":81}},"branchMap":{"0":{"loc":{"start":{"line":12,"column":0},"end":{"line":14,"column":1}},"type":"if","locations":[{"start":{"line":12,"column":0},"end":{"line":14,"column":1}},{"start":{},"end":{}}],"line":12},"1":{"loc":{"start":{"line":31,"column":4},"end":{"line":34,"column":5}},"type":"if","locations":[{"start":{"line":31,"column":4},"end":{"line":34,"column":5}},{"start":{},"end":{}}],"line":31},"2":{"loc":{"start":{"line":37,"column":20},"end":{"line":37,"column":59}},"type":"binary-expr","locations":[{"start":{"line":37,"column":20},"end":{"line":37,"column":53}},{"start":{"line":37,"column":57},"end":{"line":37,"column":59}}],"line":37},"3":{"loc":{"start":{"line":42,"column":6},"end":{"line":42,"column":32}},"type":"if","locations":[{"start":{"line":42,"column":6},"end":{"line":42,"column":32}},{"start":{},"end":{}}],"line":42},"4":{"loc":{"start":{"line":45,"column":23},"end":{"line":45,"column":49}},"type":"binary-expr","locations":[{"start":{"line":45,"column":23},"end":{"line":45,"column":36}},{"start":{"line":45,"column":40},"end":{"line":45,"column":49}}],"line":45},"5":{"loc":{"start":{"line":48,"column":6},"end":{"line":50,"column":7}},"type":"if","locations":[{"start":{"line":48,"column":6},"end":{"line":50,"column":7}},{"start":{},"end":{}}],"line":48}},"s":{"0":5,"1":5,"2":5,"3":5,"4":0,"5":5,"6":7,"7":7,"8":6,"9":1,"10":1,"11":5,"12":5,"13":7,"14":1,"15":6,"16":6,"17":3,"18":1,"19":5,"20":6,"21":6,"22":7,"23":6,"24":3,"25":5},"f":{"0":7,"1":7,"2":6,"3":7,"4":3},"b":{"0":[0,5],"1":[1,5],"2":[5,2],"3":[1,6],"4":[6,4],"5":[3,3]},"_coverageSchema":"1a1c01bbd47fc00a2c39e90264f33305004495a9","hash":"02690636173e091200ff15cc3b2fe954995ec4d8"}
,"C:\\Users\\admin\\Desktop\\sportsbook\\market-processors\\Common\\PreMatchMarketProcessor.js": {"path":"C:\\Users\\admin\\Desktop\\sportsbook\\market-processors\\Common\\PreMatchMarketProcessor.js","statementMap":{"0":{"start":{"line":2,"column":28},"end":{"line":2,"column":60}},"1":{"start":{"line":6,"column":32},"end":{"line":6,"column":34}},"2":{"start":{"line":8,"column":4},"end":{"line":12,"column":5}},"3":{"start":{"line":9,"column":6},"end":{"line":11,"column":7}},"4":{"start":{"line":10,"column":8},"end":{"line":10,"column":58}},"5":{"start":{"line":14,"column":4},"end":{"line":14,"column":31}},"6":{"start":{"line":18,"column":0},"end":{"line":20,"column":2}},"7":{"start":{"line":19,"column":42},"end":{"line":19,"column":81}}},"fnMap":{"0":{"name":"(anonymous_0)","decl":{"start":{"line":5,"column":2},"end":{"line":5,"column":3}},"loc":{"start":{"line":5,"column":25},"end":{"line":15,"column":3}},"line":5},"1":{"name":"(anonymous_1)","decl":{"start":{"line":19,"column":18},"end":{"line":19,"column":19}},"loc":{"start":{"line":19,"column":42},"end":{"line":19,"column":81}},"line":19}},"branchMap":{},"s":{"0":6,"1":5,"2":5,"3":5,"4":35,"5":5,"6":6,"7":5},"f":{"0":5,"1":5},"b":{},"_coverageSchema":"1a1c01bbd47fc00a2c39e90264f33305004495a9","hash":"0ae809dbc4b2dcf628f2197c853d2d7814516b9f"}
,"C:\\Users\\admin\\Desktop\\sportsbook\\market-processors\\Common\\PreMatchOddsProcessor.js": {"path":"C:\\Users\\admin\\Desktop\\sportsbook\\market-processors\\Common\\PreMatchOddsProcessor.js","statementMap":{"0":{"start":{"line":3,"column":28},"end":{"line":3,"column":60}},"1":{"start":{"line":15,"column":4},"end":{"line":17,"column":5}},"2":{"start":{"line":16,"column":6},"end":{"line":16,"column":72}},"3":{"start":{"line":20,"column":32},"end":{"line":20,"column":34}},"4":{"start":{"line":23,"column":20},"end":{"line":23,"column":29}},"5":{"start":{"line":26,"column":4},"end":{"line":39,"column":7}},"6":{"start":{"line":28,"column":20},"end":{"line":28,"column":69}},"7":{"start":{"line":28,"column":44},"end":{"line":28,"column":68}},"8":{"start":{"line":29,"column":6},"end":{"line":29,"column":25}},"9":{"start":{"line":29,"column":18},"end":{"line":29,"column":25}},"10":{"start":{"line":33,"column":6},"end":{"line":38,"column":5}},"11":{"start":{"line":37,"column":6},"end":{"line":37,"column":95}},"12":{"start":{"line":42,"column":4},"end":{"line":45,"column":7}},"13":{"start":{"line":43,"column":19},"end":{"line":43,"column":28}},"14":{"start":{"line":44,"column":6},"end":{"line":44,"column":95}},"15":{"start":{"line":44,"column":46},"end":{"line":44,"column":93}},"16":{"start":{"line":48,"column":25},"end":{"line":48,"column":59}},"17":{"start":{"line":49,"column":4},"end":{"line":49,"column":83}},"18":{"start":{"line":58,"column":4},"end":{"line":58,"column":29}},"19":{"start":{"line":58,"column":22},"end":{"line":58,"column":29}},"20":{"start":{"line":61,"column":4},"end":{"line":73,"column":7}},"21":{"start":{"line":62,"column":6},"end":{"line":62,"column":31}},"22":{"start":{"line":62,"column":24},"end":{"line":62,"column":31}},"23":{"start":{"line":65,"column":6},"end":{"line":72,"column":7}},"24":{"start":{"line":66,"column":8},"end":{"line":66,"column":59}},"25":{"start":{"line":69,"column":8},"end":{"line":71,"column":11}},"26":{"start":{"line":70,"column":10},"end":{"line":70,"column":95}},"27":{"start":{"line":83,"column":22},"end":{"line":83,"column":59}},"28":{"start":{"line":86,"column":4},"end":{"line":92,"column":5}},"29":{"start":{"line":87,"column":6},"end":{"line":91,"column":8}},"30":{"start":{"line":95,"column":4},"end":{"line":104,"column":5}},"31":{"start":{"line":96,"column":6},"end":{"line":103,"column":10}},"32":{"start":{"line":96,"column":72},"end":{"line":103,"column":7}},"33":{"start":{"line":109,"column":0},"end":{"line":109,"column":39}}},"fnMap":{"0":{"name":"(anonymous_0)","decl":{"start":{"line":13,"column":2},"end":{"line":13,"column":3}},"loc":{"start":{"line":13,"column":35},"end":{"line":50,"column":3}},"line":13},"1":{"name":"(anonymous_1)","decl":{"start":{"line":26,"column":23},"end":{"line":26,"column":24}},"loc":{"start":{"line":26,"column":29},"end":{"line":39,"column":5}},"line":26},"2":{"name":"(anonymous_2)","decl":{"start":{"line":28,"column":38},"end":{"line":28,"column":39}},"loc":{"start":{"line":28,"column":44},"end":{"line":28,"column":68}},"line":28},"3":{"name":"(anonymous_3)","decl":{"start":{"line":33,"column":43},"end":{"line":33,"column":44}},"loc":{"start":{"line":33,"column":54},"end":{"line":38,"column":3}},"line":33},"4":{"name":"(anonymous_4)","decl":{"start":{"line":42,"column":47},"end":{"line":42,"column":48}},"loc":{"start":{"line":42,"column":57},"end":{"line":45,"column":5}},"line":42},"5":{"name":"(anonymous_5)","decl":{"start":{"line":44,"column":39},"end":{"line":44,"column":40}},"loc":{"start":{"line":44,"column":46},"end":{"line":44,"column":93}},"line":44},"6":{"name":"(anonymous_6)","decl":{"start":{"line":57,"column":2},"end":{"line":57,"column":3}},"loc":{"start":{"line":57,"column":70},"end":{"line":74,"column":3}},"line":57},"7":{"name":"(anonymous_7)","decl":{"start":{"line":61,"column":39},"end":{"line":61,"column":40}},"loc":{"start":{"line":61,"column":54},"end":{"line":73,"column":5}},"line":61},"8":{"name":"(anonymous_8)","decl":{"start":{"line":69,"column":43},"end":{"line":69,"column":44}},"loc":{"start":{"line":69,"column":56},"end":{"line":71,"column":9}},"line":69},"9":{"name":"(anonymous_9)","decl":{"start":{"line":81,"column":2},"end":{"line":81,"column":3}},"loc":{"start":{"line":81,"column":54},"end":{"line":105,"column":3}},"line":81},"10":{"name":"(anonymous_10)","decl":{"start":{"line":96,"column":64},"end":{"line":96,"column":65}},"loc":{"start":{"line":96,"column":72},"end":{"line":103,"column":7}},"line":96}},"branchMap":{"0":{"loc":{"start":{"line":15,"column":4},"end":{"line":17,"column":5}},"type":"if","locations":[{"start":{"line":15,"column":4},"end":{"line":17,"column":5}},{"start":{},"end":{}}],"line":15},"1":{"loc":{"start":{"line":29,"column":6},"end":{"line":29,"column":25}},"type":"if","locations":[{"start":{"line":29,"column":6},"end":{"line":29,"column":25}},{"start":{},"end":{}}],"line":29},"2":{"loc":{"start":{"line":37,"column":6},"end":{"line":37,"column":94}},"type":"binary-expr","locations":[{"start":{"line":37,"column":6},"end":{"line":37,"column":17}},{"start":{"line":37,"column":21},"end":{"line":37,"column":94}}],"line":37},"3":{"loc":{"start":{"line":44,"column":46},"end":{"line":44,"column":93}},"type":"binary-expr","locations":[{"start":{"line":44,"column":46},"end":{"line":44,"column":52}},{"start":{"line":44,"column":56},"end":{"line":44,"column":73}},{"start":{"line":44,"column":77},"end":{"line":44,"column":93}}],"line":44},"4":{"loc":{"start":{"line":58,"column":4},"end":{"line":58,"column":29}},"type":"if","locations":[{"start":{"line":58,"column":4},"end":{"line":58,"column":29}},{"start":{},"end":{}}],"line":58},"5":{"loc":{"start":{"line":62,"column":6},"end":{"line":62,"column":31}},"type":"if","locations":[{"start":{"line":62,"column":6},"end":{"line":62,"column":31}},{"start":{},"end":{}}],"line":62},"6":{"loc":{"start":{"line":65,"column":6},"end":{"line":72,"column":7}},"type":"if","locations":[{"start":{"line":65,"column":6},"end":{"line":72,"column":7}},{"start":{"line":67,"column":13},"end":{"line":72,"column":7}}],"line":65},"7":{"loc":{"start":{"line":65,"column":10},"end":{"line":65,"column":44}},"type":"binary-expr","locations":[{"start":{"line":65,"column":10},"end":{"line":65,"column":24}},{"start":{"line":65,"column":28},"end":{"line":65,"column":44}}],"line":65},"8":{"loc":{"start":{"line":70,"column":10},"end":{"line":70,"column":94}},"type":"binary-expr","locations":[{"start":{"line":70,"column":10},"end":{"line":70,"column":23}},{"start":{"line":70,"column":27},"end":{"line":70,"column":42}},{"start":{"line":70,"column":46},"end":{"line":70,"column":94}}],"line":70},"9":{"loc":{"start":{"line":86,"column":4},"end":{"line":92,"column":5}},"type":"if","locations":[{"start":{"line":86,"column":4},"end":{"line":92,"column":5}},{"start":{},"end":{}}],"line":86},"10":{"loc":{"start":{"line":95,"column":4},"end":{"line":104,"column":5}},"type":"if","locations":[{"start":{"line":95,"column":4},"end":{"line":104,"column":5}},{"start":{},"end":{}}],"line":95},"11":{"loc":{"start":{"line":95,"column":8},"end":{"line":95,"column":78}},"type":"binary-expr","locations":[{"start":{"line":95,"column":8},"end":{"line":95,"column":51}},{"start":{"line":95,"column":55},"end":{"line":95,"column":78}}],"line":95}},"s":{"0":8,"1":10,"2":1,"3":9,"4":9,"5":9,"6":9,"7":9,"8":9,"9":1,"10":8,"11":56,"12":9,"13":9,"14":9,"15":10,"16":9,"17":9,"18":7,"19":0,"20":7,"21":10,"22":1,"23":9,"24":8,"25":1,"26":2,"27":10,"28":10,"29":9,"30":10,"31":8,"32":10,"33":8},"f":{"0":10,"1":9,"2":9,"3":56,"4":9,"5":10,"6":7,"7":10,"8":2,"9":10,"10":10},"b":{"0":[1,9],"1":[1,8],"2":[56,7],"3":[10,10,9],"4":[0,7],"5":[1,9],"6":[8,1],"7":[9,8],"8":[2,2,2],"9":[9,1],"10":[8,2],"11":[10,9]},"_coverageSchema":"1a1c01bbd47fc00a2c39e90264f33305004495a9","hash":"8ceb4227f19e162fdd24a5280049123c6f246f7b"}
,"C:\\Users\\admin\\Desktop\\sportsbook\\market-processors\\Tennis\\PreMatchOdds.js": {"path":"C:\\Users\\admin\\Desktop\\sportsbook\\market-processors\\Tennis\\PreMatchOdds.js","statementMap":{"0":{"start":{"line":4,"column":32},"end":{"line":4,"column":34}},"1":{"start":{"line":5,"column":23},"end":{"line":5,"column":59}},"2":{"start":{"line":7,"column":4},"end":{"line":20,"column":5}},"3":{"start":{"line":8,"column":6},"end":{"line":11,"column":7}},"4":{"start":{"line":9,"column":8},"end":{"line":9,"column":72}},"5":{"start":{"line":10,"column":8},"end":{"line":10,"column":17}},"6":{"start":{"line":13,"column":23},"end":{"line":13,"column":51}},"7":{"start":{"line":15,"column":6},"end":{"line":19,"column":7}},"8":{"start":{"line":16,"column":8},"end":{"line":18,"column":9}},"9":{"start":{"line":17,"column":10},"end":{"line":17,"column":89}},"10":{"start":{"line":22,"column":4},"end":{"line":22,"column":46}},"11":{"start":{"line":27,"column":24},"end":{"line":29,"column":5}},"12":{"start":{"line":28,"column":13},"end":{"line":28,"column":62}},"13":{"start":{"line":32,"column":29},"end":{"line":38,"column":21}},"14":{"start":{"line":41,"column":21},"end":{"line":41,"column":72}},"15":{"start":{"line":42,"column":4},"end":{"line":42,"column":20}},"16":{"start":{"line":46,"column":26},"end":{"line":85,"column":5}},"17":{"start":{"line":47,"column":6},"end":{"line":47,"column":47}},"18":{"start":{"line":47,"column":40},"end":{"line":47,"column":47}},"19":{"start":{"line":49,"column":23},"end":{"line":49,"column":43}},"20":{"start":{"line":50,"column":23},"end":{"line":50,"column":34}},"21":{"start":{"line":52,"column":6},"end":{"line":54,"column":7}},"22":{"start":{"line":53,"column":8},"end":{"line":53,"column":96}},"23":{"start":{"line":55,"column":6},"end":{"line":57,"column":7}},"24":{"start":{"line":56,"column":8},"end":{"line":56,"column":96}},"25":{"start":{"line":59,"column":24},"end":{"line":59,"column":51}},"26":{"start":{"line":61,"column":6},"end":{"line":68,"column":7}},"27":{"start":{"line":62,"column":8},"end":{"line":67,"column":10}},"28":{"start":{"line":70,"column":25},"end":{"line":73,"column":7}},"29":{"start":{"line":75,"column":6},"end":{"line":77,"column":7}},"30":{"start":{"line":75,"column":48},"end":{"line":75,"column":70}},"31":{"start":{"line":76,"column":8},"end":{"line":76,"column":52}},"32":{"start":{"line":79,"column":6},"end":{"line":84,"column":7}},"33":{"start":{"line":80,"column":26},"end":{"line":80,"column":50}},"34":{"start":{"line":81,"column":8},"end":{"line":83,"column":9}},"35":{"start":{"line":82,"column":10},"end":{"line":82,"column":46}},"36":{"start":{"line":88,"column":4},"end":{"line":101,"column":5}},"37":{"start":{"line":89,"column":6},"end":{"line":89,"column":32}},"38":{"start":{"line":89,"column":23},"end":{"line":89,"column":32}},"39":{"start":{"line":92,"column":6},"end":{"line":100,"column":7}},"40":{"start":{"line":93,"column":8},"end":{"line":95,"column":9}},"41":{"start":{"line":94,"column":10},"end":{"line":94,"column":35}},"42":{"start":{"line":99,"column":8},"end":{"line":99,"column":34}},"43":{"start":{"line":105,"column":17},"end":{"line":105,"column":19}},"44":{"start":{"line":107,"column":4},"end":{"line":115,"column":5}},"45":{"start":{"line":108,"column":6},"end":{"line":108,"column":29}},"46":{"start":{"line":109,"column":11},"end":{"line":115,"column":5}},"47":{"start":{"line":110,"column":6},"end":{"line":114,"column":7}},"48":{"start":{"line":111,"column":8},"end":{"line":113,"column":9}},"49":{"start":{"line":112,"column":10},"end":{"line":112,"column":43}},"50":{"start":{"line":117,"column":4},"end":{"line":117,"column":16}},"51":{"start":{"line":121,"column":4},"end":{"line":121,"column":57}},"52":{"start":{"line":125,"column":0},"end":{"line":125,"column":47}}},"fnMap":{"0":{"name":"(anonymous_0)","decl":{"start":{"line":3,"column":2},"end":{"line":3,"column":3}},"loc":{"start":{"line":3,"column":25},"end":{"line":23,"column":3}},"line":3},"1":{"name":"(anonymous_1)","decl":{"start":{"line":25,"column":2},"end":{"line":25,"column":3}},"loc":{"start":{"line":25,"column":33},"end":{"line":43,"column":3}},"line":25},"2":{"name":"(anonymous_2)","decl":{"start":{"line":28,"column":6},"end":{"line":28,"column":7}},"loc":{"start":{"line":28,"column":13},"end":{"line":28,"column":62}},"line":28},"3":{"name":"(anonymous_3)","decl":{"start":{"line":45,"column":2},"end":{"line":45,"column":3}},"loc":{"start":{"line":45,"column":62},"end":{"line":102,"column":3}},"line":45},"4":{"name":"(anonymous_4)","decl":{"start":{"line":46,"column":26},"end":{"line":46,"column":27}},"loc":{"start":{"line":46,"column":38},"end":{"line":85,"column":5}},"line":46},"5":{"name":"(anonymous_5)","decl":{"start":{"line":75,"column":43},"end":{"line":75,"column":44}},"loc":{"start":{"line":75,"column":48},"end":{"line":75,"column":70}},"line":75},"6":{"name":"(anonymous_6)","decl":{"start":{"line":104,"column":2},"end":{"line":104,"column":3}},"loc":{"start":{"line":104,"column":33},"end":{"line":118,"column":3}},"line":104},"7":{"name":"(anonymous_7)","decl":{"start":{"line":120,"column":2},"end":{"line":120,"column":3}},"loc":{"start":{"line":120,"column":30},"end":{"line":122,"column":3}},"line":120}},"branchMap":{"0":{"loc":{"start":{"line":5,"column":23},"end":{"line":5,"column":59}},"type":"cond-expr","locations":[{"start":{"line":5,"column":43},"end":{"line":5,"column":52}},{"start":{"line":5,"column":55},"end":{"line":5,"column":59}}],"line":5},"1":{"loc":{"start":{"line":8,"column":6},"end":{"line":11,"column":7}},"type":"if","locations":[{"start":{"line":8,"column":6},"end":{"line":11,"column":7}},{"start":{},"end":{}}],"line":8},"2":{"loc":{"start":{"line":8,"column":10},"end":{"line":8,"column":53}},"type":"binary-expr","locations":[{"start":{"line":8,"column":10},"end":{"line":8,"column":16}},{"start":{"line":8,"column":20},"end":{"line":8,"column":35}},{"start":{"line":8,"column":39},"end":{"line":8,"column":53}}],"line":8},"3":{"loc":{"start":{"line":16,"column":8},"end":{"line":18,"column":9}},"type":"if","locations":[{"start":{"line":16,"column":8},"end":{"line":18,"column":9}},{"start":{},"end":{}}],"line":16},"4":{"loc":{"start":{"line":28,"column":13},"end":{"line":28,"column":62}},"type":"binary-expr","locations":[{"start":{"line":28,"column":13},"end":{"line":28,"column":36}},{"start":{"line":28,"column":40},"end":{"line":28,"column":52}},{"start":{"line":28,"column":56},"end":{"line":28,"column":62}}],"line":28},"5":{"loc":{"start":{"line":37,"column":10},"end":{"line":37,"column":57}},"type":"cond-expr","locations":[{"start":{"line":37,"column":40},"end":{"line":37,"column":52}},{"start":{"line":37,"column":55},"end":{"line":37,"column":57}}],"line":37},"6":{"loc":{"start":{"line":47,"column":6},"end":{"line":47,"column":47}},"type":"if","locations":[{"start":{"line":47,"column":6},"end":{"line":47,"column":47}},{"start":{},"end":{}}],"line":47},"7":{"loc":{"start":{"line":47,"column":10},"end":{"line":47,"column":38}},"type":"binary-expr","locations":[{"start":{"line":47,"column":10},"end":{"line":47,"column":21}},{"start":{"line":47,"column":25},"end":{"line":47,"column":38}}],"line":47},"8":{"loc":{"start":{"line":52,"column":6},"end":{"line":54,"column":7}},"type":"if","locations":[{"start":{"line":52,"column":6},"end":{"line":54,"column":7}},{"start":{},"end":{}}],"line":52},"9":{"loc":{"start":{"line":55,"column":6},"end":{"line":57,"column":7}},"type":"if","locations":[{"start":{"line":55,"column":6},"end":{"line":57,"column":7}},{"start":{},"end":{}}],"line":55},"10":{"loc":{"start":{"line":61,"column":6},"end":{"line":68,"column":7}},"type":"if","locations":[{"start":{"line":61,"column":6},"end":{"line":68,"column":7}},{"start":{},"end":{}}],"line":61},"11":{"loc":{"start":{"line":75,"column":6},"end":{"line":77,"column":7}},"type":"if","locations":[{"start":{"line":75,"column":6},"end":{"line":77,"column":7}},{"start":{},"end":{}}],"line":75},"12":{"loc":{"start":{"line":79,"column":6},"end":{"line":84,"column":7}},"type":"if","locations":[{"start":{"line":79,"column":6},"end":{"line":84,"column":7}},{"start":{},"end":{}}],"line":79},"13":{"loc":{"start":{"line":79,"column":10},"end":{"line":79,"column":49}},"type":"binary-expr","locations":[{"start":{"line":79,"column":10},"end":{"line":79,"column":21}},{"start":{"line":79,"column":25},"end":{"line":79,"column":49}}],"line":79},"14":{"loc":{"start":{"line":81,"column":8},"end":{"line":83,"column":9}},"type":"if","locations":[{"start":{"line":81,"column":8},"end":{"line":83,"column":9}},{"start":{},"end":{}}],"line":81},"15":{"loc":{"start":{"line":89,"column":6},"end":{"line":89,"column":32}},"type":"if","locations":[{"start":{"line":89,"column":6},"end":{"line":89,"column":32}},{"start":{},"end":{}}],"line":89},"16":{"loc":{"start":{"line":92,"column":6},"end":{"line":100,"column":7}},"type":"if","locations":[{"start":{"line":92,"column":6},"end":{"line":100,"column":7}},{"start":{"line":98,"column":11},"end":{"line":100,"column":7}}],"line":92},"17":{"loc":{"start":{"line":92,"column":10},"end":{"line":92,"column":60}},"type":"binary-expr","locations":[{"start":{"line":92,"column":10},"end":{"line":92,"column":23}},{"start":{"line":92,"column":27},"end":{"line":92,"column":60}}],"line":92},"18":{"loc":{"start":{"line":107,"column":4},"end":{"line":115,"column":5}},"type":"if","locations":[{"start":{"line":107,"column":4},"end":{"line":115,"column":5}},{"start":{"line":109,"column":11},"end":{"line":115,"column":5}}],"line":107},"19":{"loc":{"start":{"line":109,"column":11},"end":{"line":115,"column":5}},"type":"if","locations":[{"start":{"line":109,"column":11},"end":{"line":115,"column":5}},{"start":{},"end":{}}],"line":109},"20":{"loc":{"start":{"line":111,"column":8},"end":{"line":113,"column":9}},"type":"if","locations":[{"start":{"line":111,"column":8},"end":{"line":113,"column":9}},{"start":{},"end":{}}],"line":111}},"s":{"0":4,"1":4,"2":4,"3":4,"4":0,"5":0,"6":4,"7":4,"8":5,"9":4,"10":4,"11":5,"12":25,"13":5,"14":5,"15":5,"16":8,"17":10,"18":2,"19":8,"20":8,"21":8,"22":8,"23":8,"24":8,"25":8,"26":8,"27":7,"28":8,"29":8,"30":1,"31":7,"32":8,"33":6,"34":6,"35":5,"36":8,"37":10,"38":1,"39":9,"40":1,"41":2,"42":8,"43":9,"44":9,"45":6,"46":3,"47":2,"48":4,"49":2,"50":3,"51":17,"52":7},"f":{"0":4,"1":5,"2":25,"3":8,"4":10,"5":1,"6":9,"7":17},"b":{"0":[3,1],"1":[0,4],"2":[4,4,4],"3":[4,1],"4":[25,9,9],"5":[1,4],"6":[2,8],"7":[10,9],"8":[8,0],"9":[8,0],"10":[7,1],"11":[7,1],"12":[6,2],"13":[8,6],"14":[5,1],"15":[1,9],"16":[1,8],"17":[9,1],"18":[6,3],"19":[2,1],"20":[2,2]},"_coverageSchema":"1a1c01bbd47fc00a2c39e90264f33305004495a9","hash":"7742e3e08f7c537d9d8cee100603991f8d666e10"}
,"C:\\Users\\admin\\Desktop\\sportsbook\\market-processors\\Tennis\\PreMatchProcessor.js": {"path":"C:\\Users\\admin\\Desktop\\sportsbook\\market-processors\\Tennis\\PreMatchProcessor.js","statementMap":{"0":{"start":{"line":4,"column":34},"end":{"line":4,"column":36}},"1":{"start":{"line":6,"column":6},"end":{"line":19,"column":7}},"2":{"start":{"line":7,"column":8},"end":{"line":10,"column":9}},"3":{"start":{"line":8,"column":10},"end":{"line":8,"column":74}},"4":{"start":{"line":9,"column":10},"end":{"line":9,"column":19}},"5":{"start":{"line":12,"column":25},"end":{"line":12,"column":53}},"6":{"start":{"line":14,"column":8},"end":{"line":18,"column":9}},"7":{"start":{"line":15,"column":10},"end":{"line":17,"column":11}},"8":{"start":{"line":16,"column":12},"end":{"line":16,"column":69}},"9":{"start":{"line":21,"column":6},"end":{"line":21,"column":48}},"10":{"start":{"line":25,"column":6},"end":{"line":27,"column":8}},"11":{"start":{"line":26,"column":15},"end":{"line":26,"column":64}},"12":{"start":{"line":31,"column":6},"end":{"line":43,"column":7}},"13":{"start":{"line":32,"column":8},"end":{"line":32,"column":34}},"14":{"start":{"line":32,"column":25},"end":{"line":32,"column":34}},"15":{"start":{"line":34,"column":8},"end":{"line":42,"column":9}},"16":{"start":{"line":35,"column":10},"end":{"line":35,"column":53}},"17":{"start":{"line":37,"column":10},"end":{"line":41,"column":11}},"18":{"start":{"line":38,"column":12},"end":{"line":40,"column":13}},"19":{"start":{"line":39,"column":14},"end":{"line":39,"column":56}},"20":{"start":{"line":47,"column":23},"end":{"line":47,"column":47}},"21":{"start":{"line":48,"column":23},"end":{"line":48,"column":38}},"22":{"start":{"line":50,"column":6},"end":{"line":52,"column":7}},"23":{"start":{"line":51,"column":8},"end":{"line":51,"column":96}},"24":{"start":{"line":53,"column":6},"end":{"line":55,"column":7}},"25":{"start":{"line":54,"column":8},"end":{"line":54,"column":96}},"26":{"start":{"line":57,"column":24},"end":{"line":57,"column":51}},"27":{"start":{"line":59,"column":6},"end":{"line":65,"column":7}},"28":{"start":{"line":60,"column":8},"end":{"line":64,"column":10}},"29":{"start":{"line":67,"column":25},"end":{"line":70,"column":7}},"30":{"start":{"line":73,"column":6},"end":{"line":75,"column":7}},"31":{"start":{"line":73,"column":48},"end":{"line":73,"column":70}},"32":{"start":{"line":74,"column":8},"end":{"line":74,"column":52}},"33":{"start":{"line":82,"column":6},"end":{"line":82,"column":59}},"34":{"start":{"line":86,"column":0},"end":{"line":88,"column":2}},"35":{"start":{"line":87,"column":30},"end":{"line":87,"column":75}}},"fnMap":{"0":{"name":"(anonymous_0)","decl":{"start":{"line":3,"column":4},"end":{"line":3,"column":5}},"loc":{"start":{"line":3,"column":27},"end":{"line":22,"column":5}},"line":3},"1":{"name":"(anonymous_1)","decl":{"start":{"line":24,"column":4},"end":{"line":24,"column":5}},"loc":{"start":{"line":24,"column":35},"end":{"line":28,"column":5}},"line":24},"2":{"name":"(anonymous_2)","decl":{"start":{"line":26,"column":8},"end":{"line":26,"column":9}},"loc":{"start":{"line":26,"column":15},"end":{"line":26,"column":64}},"line":26},"3":{"name":"(anonymous_3)","decl":{"start":{"line":30,"column":4},"end":{"line":30,"column":5}},"loc":{"start":{"line":30,"column":51},"end":{"line":44,"column":5}},"line":30},"4":{"name":"(anonymous_4)","decl":{"start":{"line":46,"column":4},"end":{"line":46,"column":5}},"loc":{"start":{"line":46,"column":49},"end":{"line":79,"column":5}},"line":46},"5":{"name":"(anonymous_5)","decl":{"start":{"line":73,"column":43},"end":{"line":73,"column":44}},"loc":{"start":{"line":73,"column":48},"end":{"line":73,"column":70}},"line":73},"6":{"name":"(anonymous_6)","decl":{"start":{"line":81,"column":4},"end":{"line":81,"column":5}},"loc":{"start":{"line":81,"column":32},"end":{"line":83,"column":5}},"line":81},"7":{"name":"(anonymous_7)","decl":{"start":{"line":87,"column":18},"end":{"line":87,"column":19}},"loc":{"start":{"line":87,"column":30},"end":{"line":87,"column":75}},"line":87}},"branchMap":{"0":{"loc":{"start":{"line":7,"column":8},"end":{"line":10,"column":9}},"type":"if","locations":[{"start":{"line":7,"column":8},"end":{"line":10,"column":9}},{"start":{},"end":{}}],"line":7},"1":{"loc":{"start":{"line":7,"column":12},"end":{"line":7,"column":55}},"type":"binary-expr","locations":[{"start":{"line":7,"column":12},"end":{"line":7,"column":18}},{"start":{"line":7,"column":22},"end":{"line":7,"column":37}},{"start":{"line":7,"column":41},"end":{"line":7,"column":55}}],"line":7},"2":{"loc":{"start":{"line":15,"column":10},"end":{"line":17,"column":11}},"type":"if","locations":[{"start":{"line":15,"column":10},"end":{"line":17,"column":11}},{"start":{},"end":{}}],"line":15},"3":{"loc":{"start":{"line":26,"column":15},"end":{"line":26,"column":64}},"type":"binary-expr","locations":[{"start":{"line":26,"column":15},"end":{"line":26,"column":38}},{"start":{"line":26,"column":42},"end":{"line":26,"column":54}},{"start":{"line":26,"column":58},"end":{"line":26,"column":64}}],"line":26},"4":{"loc":{"start":{"line":32,"column":8},"end":{"line":32,"column":34}},"type":"if","locations":[{"start":{"line":32,"column":8},"end":{"line":32,"column":34}},{"start":{},"end":{}}],"line":32},"5":{"loc":{"start":{"line":34,"column":8},"end":{"line":42,"column":9}},"type":"if","locations":[{"start":{"line":34,"column":8},"end":{"line":42,"column":9}},{"start":{"line":36,"column":15},"end":{"line":42,"column":9}}],"line":34},"6":{"loc":{"start":{"line":34,"column":12},"end":{"line":34,"column":44}},"type":"binary-expr","locations":[{"start":{"line":34,"column":12},"end":{"line":34,"column":25}},{"start":{"line":34,"column":29},"end":{"line":34,"column":44}}],"line":34},"7":{"loc":{"start":{"line":38,"column":12},"end":{"line":40,"column":13}},"type":"if","locations":[{"start":{"line":38,"column":12},"end":{"line":40,"column":13}},{"start":{},"end":{}}],"line":38},"8":{"loc":{"start":{"line":38,"column":16},"end":{"line":38,"column":48}},"type":"binary-expr","locations":[{"start":{"line":38,"column":16},"end":{"line":38,"column":29}},{"start":{"line":38,"column":33},"end":{"line":38,"column":48}}],"line":38},"9":{"loc":{"start":{"line":50,"column":6},"end":{"line":52,"column":7}},"type":"if","locations":[{"start":{"line":50,"column":6},"end":{"line":52,"column":7}},{"start":{},"end":{}}],"line":50},"10":{"loc":{"start":{"line":53,"column":6},"end":{"line":55,"column":7}},"type":"if","locations":[{"start":{"line":53,"column":6},"end":{"line":55,"column":7}},{"start":{},"end":{}}],"line":53},"11":{"loc":{"start":{"line":59,"column":6},"end":{"line":65,"column":7}},"type":"if","locations":[{"start":{"line":59,"column":6},"end":{"line":65,"column":7}},{"start":{},"end":{}}],"line":59},"12":{"loc":{"start":{"line":73,"column":6},"end":{"line":75,"column":7}},"type":"if","locations":[{"start":{"line":73,"column":6},"end":{"line":75,"column":7}},{"start":{},"end":{}}],"line":73}},"s":{"0":7,"1":7,"2":8,"3":2,"4":2,"5":6,"6":6,"7":8,"8":8,"9":7,"10":6,"11":33,"12":8,"13":11,"14":1,"15":10,"16":6,"17":4,"18":10,"19":7,"20":13,"21":13,"22":13,"23":13,"24":13,"25":13,"26":13,"27":13,"28":9,"29":13,"30":13,"31":4,"32":9,"33":26,"34":7,"35":7},"f":{"0":7,"1":6,"2":33,"3":8,"4":13,"5":4,"6":26,"7":7},"b":{"0":[2,6],"1":[8,8,7],"2":[8,0],"3":[33,9,9],"4":[1,10],"5":[6,4],"6":[10,6],"7":[7,3],"8":[10,8],"9":[13,0],"10":[13,0],"11":[9,4],"12":[9,4]},"_coverageSchema":"1a1c01bbd47fc00a2c39e90264f33305004495a9","hash":"a90aa08b3194244a6c3a621330ca05365e091b73"}
,"C:\\Users\\admin\\Desktop\\sportsbook\\models\\CommonFootballandIceHockeyOdds.js": {"path":"C:\\Users\\admin\\Desktop\\sportsbook\\models\\CommonFootballandIceHockeyOdds.js","statementMap":{"0":{"start":{"line":2,"column":17},"end":{"line":2,"column":36}},"1":{"start":{"line":5,"column":18},"end":{"line":13,"column":18}},"2":{"start":{"line":16,"column":26},"end":{"line":18,"column":18}},"3":{"start":{"line":21,"column":27},"end":{"line":29,"column":2}},"4":{"start":{"line":32,"column":0},"end":{"line":32,"column":95}},"5":{"start":{"line":33,"column":0},"end":{"line":33,"column":38}},"6":{"start":{"line":39,"column":0},"end":{"line":46,"column":3}},"7":{"start":{"line":42,"column":2},"end":{"line":42,"column":30}},"8":{"start":{"line":45,"column":2},"end":{"line":45,"column":9}},"9":{"start":{"line":49,"column":0},"end":{"line":49,"column":86}}},"fnMap":{"0":{"name":"(anonymous_0)","decl":{"start":{"line":39,"column":31},"end":{"line":39,"column":32}},"loc":{"start":{"line":39,"column":47},"end":{"line":46,"column":1}},"line":39}},"branchMap":{},"s":{"0":7,"1":7,"2":7,"3":7,"4":7,"5":7,"6":7,"7":6,"8":6,"9":7},"f":{"0":6},"b":{},"_coverageSchema":"1a1c01bbd47fc00a2c39e90264f33305004495a9","hash":"2b677c1556391c413a12924c02915879f62850b5"}
,"C:\\Users\\admin\\Desktop\\sportsbook\\models\\Cricket\\LiveMatchMarket.js": {"path":"C:\\Users\\admin\\Desktop\\sportsbook\\models\\Cricket\\LiveMatchMarket.js","statementMap":{"0":{"start":{"line":2,"column":17},"end":{"line":2,"column":36}},"1":{"start":{"line":4,"column":30},"end":{"line":13,"column":2}},"2":{"start":{"line":15,"column":0},"end":{"line":15,"column":72}}},"fnMap":{},"branchMap":{},"s":{"0":5,"1":5,"2":5},"f":{},"b":{},"_coverageSchema":"1a1c01bbd47fc00a2c39e90264f33305004495a9","hash":"f96c5dfb459dddfcda952156481d5bf966f74b9e"}
,"C:\\Users\\admin\\Desktop\\sportsbook\\models\\Cricket\\PreMatchMarket.js": {"path":"C:\\Users\\admin\\Desktop\\sportsbook\\models\\Cricket\\PreMatchMarket.js","statementMap":{"0":{"start":{"line":2,"column":17},"end":{"line":2,"column":36}},"1":{"start":{"line":4,"column":21},"end":{"line":7,"column":2}},"2":{"start":{"line":9,"column":36},"end":{"line":15,"column":24}},"3":{"start":{"line":17,"column":0},"end":{"line":17,"column":50}},"4":{"start":{"line":19,"column":0},"end":{"line":19,"column":86}}},"fnMap":{},"branchMap":{},"s":{"0":6,"1":6,"2":6,"3":6,"4":6},"f":{},"b":{},"_coverageSchema":"1a1c01bbd47fc00a2c39e90264f33305004495a9","hash":"4b88c176bb0adb4885c6998295d5fc15f2525494"}
,"C:\\Users\\admin\\Desktop\\sportsbook\\models\\Cricket\\PreMatchOdds.js": {"path":"C:\\Users\\admin\\Desktop\\sportsbook\\models\\Cricket\\PreMatchOdds.js","statementMap":{"0":{"start":{"line":2,"column":17},"end":{"line":2,"column":36}},"1":{"start":{"line":4,"column":18},"end":{"line":10,"column":2}},"2":{"start":{"line":12,"column":21},"end":{"line":16,"column":2}},"3":{"start":{"line":18,"column":34},"end":{"line":27,"column":2}},"4":{"start":{"line":30,"column":0},"end":{"line":30,"column":43}},"5":{"start":{"line":31,"column":0},"end":{"line":31,"column":53}},"6":{"start":{"line":33,"column":0},"end":{"line":33,"column":82}}},"fnMap":{},"branchMap":{},"s":{"0":5,"1":5,"2":5,"3":5,"4":5,"5":5,"6":5},"f":{},"b":{},"_coverageSchema":"1a1c01bbd47fc00a2c39e90264f33305004495a9","hash":"33c1fcf5d3a27ab3a62df8550ed68019f2def2b2"}
,"C:\\Users\\admin\\Desktop\\sportsbook\\models\\Football\\LiveMatchMarket.js": {"path":"C:\\Users\\admin\\Desktop\\sportsbook\\models\\Football\\LiveMatchMarket.js","statementMap":{"0":{"start":{"line":2,"column":17},"end":{"line":2,"column":36}},"1":{"start":{"line":4,"column":38},"end":{"line":13,"column":2}},"2":{"start":{"line":15,"column":0},"end":{"line":15,"column":90}}},"fnMap":{},"branchMap":{},"s":{"0":5,"1":5,"2":5},"f":{},"b":{},"_coverageSchema":"1a1c01bbd47fc00a2c39e90264f33305004495a9","hash":"0a4d97a9df5bb0971a12b0a60d3d70a8687074e1"}
,"C:\\Users\\admin\\Desktop\\sportsbook\\models\\Football\\PreMatchMarket.js": {"path":"C:\\Users\\admin\\Desktop\\sportsbook\\models\\Football\\PreMatchMarket.js","statementMap":{"0":{"start":{"line":3,"column":17},"end":{"line":3,"column":36}},"1":{"start":{"line":5,"column":21},"end":{"line":8,"column":2}},"2":{"start":{"line":10,"column":25},"end":{"line":15,"column":24}},"3":{"start":{"line":17,"column":0},"end":{"line":17,"column":76}}},"fnMap":{},"branchMap":{},"s":{"0":5,"1":5,"2":5,"3":5},"f":{},"b":{},"_coverageSchema":"1a1c01bbd47fc00a2c39e90264f33305004495a9","hash":"d7c9097f79ac31cf814ad5fa79b5c62a0a45725e"}
,"C:\\Users\\admin\\Desktop\\sportsbook\\models\\Football\\PreMatchOdds.js": {"path":"C:\\Users\\admin\\Desktop\\sportsbook\\models\\Football\\PreMatchOdds.js","statementMap":{"0":{"start":{"line":2,"column":17},"end":{"line":2,"column":36}},"1":{"start":{"line":5,"column":19},"end":{"line":12,"column":2}},"2":{"start":{"line":15,"column":21},"end":{"line":19,"column":2}},"3":{"start":{"line":22,"column":29},"end":{"line":25,"column":2}},"4":{"start":{"line":28,"column":0},"end":{"line":28,"column":78}}},"fnMap":{},"branchMap":{},"s":{"0":7,"1":7,"2":7,"3":7,"4":7},"f":{},"b":{},"_coverageSchema":"1a1c01bbd47fc00a2c39e90264f33305004495a9","hash":"bb2ae29cf75d184df470503c93d1038ef0280cea"}
,"C:\\Users\\admin\\Desktop\\sportsbook\\models\\ICE_HOCKEY\\LiveMatchMarket.js": {"path":"C:\\Users\\admin\\Desktop\\sportsbook\\models\\ICE_HOCKEY\\LiveMatchMarket.js","statementMap":{"0":{"start":{"line":2,"column":17},"end":{"line":2,"column":36}},"1":{"start":{"line":4,"column":30},"end":{"line":13,"column":2}},"2":{"start":{"line":15,"column":0},"end":{"line":15,"column":74}}},"fnMap":{},"branchMap":{},"s":{"0":5,"1":5,"2":5},"f":{},"b":{},"_coverageSchema":"1a1c01bbd47fc00a2c39e90264f33305004495a9","hash":"5a41165ff98ed829c667c1ecef5cbdcf065d5a62"}
,"C:\\Users\\admin\\Desktop\\sportsbook\\models\\ICE_HOCKEY\\PreMatchMarket.js": {"path":"C:\\Users\\admin\\Desktop\\sportsbook\\models\\ICE_HOCKEY\\PreMatchMarket.js","statementMap":{"0":{"start":{"line":2,"column":17},"end":{"line":2,"column":36}},"1":{"start":{"line":4,"column":21},"end":{"line":7,"column":2}},"2":{"start":{"line":9,"column":38},"end":{"line":15,"column":24}},"3":{"start":{"line":17,"column":0},"end":{"line":17,"column":52}},"4":{"start":{"line":20,"column":32},"end":{"line":20,"column":104}},"5":{"start":{"line":22,"column":0},"end":{"line":22,"column":41}}},"fnMap":{},"branchMap":{},"s":{"0":5,"1":5,"2":5,"3":5,"4":5,"5":5},"f":{},"b":{},"_coverageSchema":"1a1c01bbd47fc00a2c39e90264f33305004495a9","hash":"5fe1d44e8239e516bc9110cd6339e4fd004c5668"}
,"C:\\Users\\admin\\Desktop\\sportsbook\\models\\ICE_HOCKEY\\PreMatchOdds.js": {"path":"C:\\Users\\admin\\Desktop\\sportsbook\\models\\ICE_HOCKEY\\PreMatchOdds.js","statementMap":{"0":{"start":{"line":2,"column":17},"end":{"line":2,"column":36}},"1":{"start":{"line":4,"column":18},"end":{"line":10,"column":2}},"2":{"start":{"line":12,"column":21},"end":{"line":16,"column":2}},"3":{"start":{"line":18,"column":36},"end":{"line":27,"column":2}},"4":{"start":{"line":30,"column":0},"end":{"line":30,"column":45}},"5":{"start":{"line":31,"column":0},"end":{"line":31,"column":55}},"6":{"start":{"line":34,"column":0},"end":{"line":34,"column":86}}},"fnMap":{},"branchMap":{},"s":{"0":7,"1":7,"2":7,"3":7,"4":7,"5":7,"6":7},"f":{},"b":{},"_coverageSchema":"1a1c01bbd47fc00a2c39e90264f33305004495a9","hash":"dbb1fb25b5fa048448ae1cdf3a05cd5bf12430ab"}
,"C:\\Users\\admin\\Desktop\\sportsbook\\models\\Tennis\\LiveMatchMarket.js": {"path":"C:\\Users\\admin\\Desktop\\sportsbook\\models\\Tennis\\LiveMatchMarket.js","statementMap":{"0":{"start":{"line":2,"column":17},"end":{"line":2,"column":36}},"1":{"start":{"line":4,"column":21},"end":{"line":7,"column":2}},"2":{"start":{"line":9,"column":31},"end":{"line":15,"column":25}},"3":{"start":{"line":18,"column":0},"end":{"line":18,"column":65}},"4":{"start":{"line":24,"column":0},"end":{"line":24,"column":76}}},"fnMap":{},"branchMap":{},"s":{"0":6,"1":6,"2":6,"3":6,"4":6},"f":{},"b":{},"_coverageSchema":"1a1c01bbd47fc00a2c39e90264f33305004495a9","hash":"9b4d28ea0a040a93ecad17a188273d9feca9ee36"}
,"C:\\Users\\admin\\Desktop\\sportsbook\\models\\Tennis\\PreMatchmarket.js": {"path":"C:\\Users\\admin\\Desktop\\sportsbook\\models\\Tennis\\PreMatchmarket.js","statementMap":{"0":{"start":{"line":2,"column":17},"end":{"line":2,"column":36}},"1":{"start":{"line":4,"column":21},"end":{"line":7,"column":18}},"2":{"start":{"line":9,"column":21},"end":{"line":13,"column":18}},"3":{"start":{"line":15,"column":29},"end":{"line":28,"column":2}},"4":{"start":{"line":30,"column":0},"end":{"line":30,"column":72}}},"fnMap":{},"branchMap":{},"s":{"0":7,"1":7,"2":7,"3":7,"4":7},"f":{},"b":{},"_coverageSchema":"1a1c01bbd47fc00a2c39e90264f33305004495a9","hash":"784c656ea44e5507482a82d91c62b385f75f2d35"}
,"C:\\Users\\admin\\Desktop\\sportsbook\\routes\\Index.js": {"path":"C:\\Users\\admin\\Desktop\\sportsbook\\routes\\Index.js","statementMap":{"0":{"start":{"line":2,"column":16},"end":{"line":2,"column":34}},"1":{"start":{"line":3,"column":15},"end":{"line":3,"column":31}},"2":{"start":{"line":6,"column":27},"end":{"line":6,"column":86}},"3":{"start":{"line":7,"column":25},"end":{"line":7,"column":82}},"4":{"start":{"line":8,"column":28},"end":{"line":8,"column":88}},"5":{"start":{"line":9,"column":33},"end":{"line":9,"column":90}},"6":{"start":{"line":10,"column":31},"end":{"line":10,"column":86}},"7":{"start":{"line":11,"column":34},"end":{"line":11,"column":92}},"8":{"start":{"line":12,"column":36},"end":{"line":12,"column":97}},"9":{"start":{"line":13,"column":34},"end":{"line":13,"column":93}},"10":{"start":{"line":14,"column":31},"end":{"line":14,"column":93}},"11":{"start":{"line":15,"column":34},"end":{"line":15,"column":92}},"12":{"start":{"line":16,"column":32},"end":{"line":16,"column":88}},"13":{"start":{"line":17,"column":35},"end":{"line":17,"column":94}},"14":{"start":{"line":18,"column":34},"end":{"line":18,"column":99}},"15":{"start":{"line":21,"column":0},"end":{"line":21,"column":62}},"16":{"start":{"line":22,"column":0},"end":{"line":22,"column":60}},"17":{"start":{"line":23,"column":0},"end":{"line":23,"column":64}},"18":{"start":{"line":26,"column":0},"end":{"line":26,"column":66}},"19":{"start":{"line":27,"column":0},"end":{"line":27,"column":64}},"20":{"start":{"line":28,"column":0},"end":{"line":28,"column":68}},"21":{"start":{"line":31,"column":0},"end":{"line":31,"column":73}},"22":{"start":{"line":32,"column":0},"end":{"line":32,"column":71}},"23":{"start":{"line":33,"column":0},"end":{"line":33,"column":69}},"24":{"start":{"line":37,"column":0},"end":{"line":37,"column":68}},"25":{"start":{"line":38,"column":0},"end":{"line":38,"column":66}},"26":{"start":{"line":39,"column":0},"end":{"line":39,"column":70}},"27":{"start":{"line":42,"column":0},"end":{"line":42,"column":52}},"28":{"start":{"line":45,"column":0},"end":{"line":45,"column":24}}},"fnMap":{},"branchMap":{},"s":{"0":5,"1":5,"2":5,"3":5,"4":5,"5":5,"6":5,"7":5,"8":5,"9":5,"10":5,"11":5,"12":5,"13":5,"14":5,"15":5,"16":5,"17":5,"18":5,"19":5,"20":5,"21":5,"22":5,"23":5,"24":5,"25":5,"26":5,"27":5,"28":5},"f":{},"b":{},"_coverageSchema":"1a1c01bbd47fc00a2c39e90264f33305004495a9","hash":"574037304f4be693c1f7d89aa11ca34ecd114cd6"}
,"C:\\Users\\admin\\Desktop\\sportsbook\\utils\\api.js": {"path":"C:\\Users\\admin\\Desktop\\sportsbook\\utils\\api.js","statementMap":{"0":{"start":{"line":6,"column":14},"end":{"line":6,"column":30}},"1":{"start":{"line":7,"column":0},"end":{"line":7,"column":27}},"2":{"start":{"line":12,"column":2},"end":{"line":42,"column":3}},"3":{"start":{"line":18,"column":21},"end":{"line":28,"column":6}},"4":{"start":{"line":25,"column":8},"end":{"line":27,"column":20}},"5":{"start":{"line":26,"column":33},"end":{"line":26,"column":70}},"6":{"start":{"line":31,"column":4},"end":{"line":31,"column":25}},"7":{"start":{"line":36,"column":4},"end":{"line":40,"column":7}},"8":{"start":{"line":41,"column":4},"end":{"line":41,"column":60}},"9":{"start":{"line":46,"column":0},"end":{"line":46,"column":37}}},"fnMap":{"0":{"name":"fetchBet365Data","decl":{"start":{"line":11,"column":15},"end":{"line":11,"column":30}},"loc":{"start":{"line":11,"column":36},"end":{"line":43,"column":1}},"line":11},"1":{"name":"(anonymous_1)","decl":{"start":{"line":24,"column":24},"end":{"line":24,"column":25}},"loc":{"start":{"line":25,"column":8},"end":{"line":27,"column":20}},"line":25},"2":{"name":"(anonymous_2)","decl":{"start":{"line":26,"column":15},"end":{"line":26,"column":16}},"loc":{"start":{"line":26,"column":33},"end":{"line":26,"column":70}},"line":26}},"branchMap":{},"s":{"0":11,"1":11,"2":3,"3":3,"4":1,"5":2,"6":2,"7":1,"8":1,"9":11},"f":{"0":3,"1":1,"2":2},"b":{},"_coverageSchema":"1a1c01bbd47fc00a2c39e90264f33305004495a9","hash":"7f62fc356aa46839f7bab2c20d74864cfb5447a0"}
,"C:\\Users\\admin\\Desktop\\sportsbook\\utils\\dataFormatter.js": {"path":"C:\\Users\\admin\\Desktop\\sportsbook\\utils\\dataFormatter.js","statementMap":{"0":{"start":{"line":5,"column":2},"end":{"line":13,"column":4}},"1":{"start":{"line":9,"column":51},"end":{"line":12,"column":5}},"2":{"start":{"line":16,"column":0},"end":{"line":16,"column":38}}},"fnMap":{"0":{"name":"formatSportsData","decl":{"start":{"line":4,"column":9},"end":{"line":4,"column":25}},"loc":{"start":{"line":4,"column":35},"end":{"line":14,"column":1}},"line":4},"1":{"name":"(anonymous_1)","decl":{"start":{"line":9,"column":40},"end":{"line":9,"column":41}},"loc":{"start":{"line":9,"column":51},"end":{"line":12,"column":5}},"line":9}},"branchMap":{},"s":{"0":1,"1":7,"2":5},"f":{"0":1,"1":7},"b":{},"_coverageSchema":"1a1c01bbd47fc00a2c39e90264f33305004495a9","hash":"3e74a1927bb069a086d7082adfc5994358277dfb"}
}
