TN:
SF:server.js
FN:22,(anonymous_0)
FN:23,(anonymous_1)
FNF:2
FNH:0
FNDA:0,(anonymous_0)
FNDA:0,(anonymous_1)
DA:2,5
DA:3,5
DA:4,5
DA:5,5
DA:7,5
DA:10,5
DA:11,5
DA:14,5
DA:17,5
DA:20,5
DA:21,0
DA:22,0
DA:23,0
DA:24,0
LF:14
LH:10
BRDA:20,0,0,0
BRDA:20,0,1,5
BRDA:21,1,0,0
BRDA:21,1,1,0
BRF:4
BRH:1
end_of_record
TN:
SF:Controllers\CombinedSportsOddsController.js
FN:8,(anonymous_0)
FN:37,(anonymous_1)
FN:43,(anonymous_2)
FN:56,(anonymous_3)
FN:61,(anonymous_4)
FN:75,(anonymous_5)
FN:76,(anonymous_6)
FN:79,(anonymous_7)
FN:83,(anonymous_8)
FN:89,(anonymous_9)
FN:90,(anonymous_10)
FN:95,(anonymous_11)
FNF:12
FNH:0
FNDA:0,(anonymous_0)
FNDA:0,(anonymous_1)
FNDA:0,(anonymous_2)
FNDA:0,(anonymous_3)
FNDA:0,(anonymous_4)
FNDA:0,(anonymous_5)
FNDA:0,(anonymous_6)
FNDA:0,(anonymous_7)
FNDA:0,(anonymous_8)
FNDA:0,(anonymous_9)
FNDA:0,(anonymous_10)
FNDA:0,(anonymous_11)
DA:3,5
DA:4,5
DA:5,5
DA:8,5
DA:9,0
DA:11,0
DA:17,0
DA:23,0
DA:29,0
DA:30,0
DA:34,0
DA:37,0
DA:38,0
DA:43,0
DA:56,0
DA:57,0
DA:58,0
DA:59,0
DA:60,0
DA:61,0
DA:75,0
DA:76,0
DA:79,0
DA:82,0
DA:83,0
DA:86,0
DA:87,0
DA:89,0
DA:90,0
DA:94,0
DA:96,0
DA:108,0
DA:111,0
DA:112,0
LF:34
LH:4
BRDA:17,0,0,0
BRDA:17,0,1,0
BRDA:23,1,0,0
BRDA:23,1,1,0
BRDA:24,2,0,0
BRDA:24,2,1,0
BRDA:25,3,0,0
BRDA:25,3,1,0
BRDA:29,4,0,0
BRDA:29,4,1,0
BRDA:29,5,0,0
BRDA:29,5,1,0
BRDA:47,6,0,0
BRDA:47,6,1,0
BRDA:48,7,0,0
BRDA:48,7,1,0
BRDA:49,8,0,0
BRDA:49,8,1,0
BRDA:58,9,0,0
BRDA:58,9,1,0
BRDA:65,10,0,0
BRDA:65,10,1,0
BRDA:66,11,0,0
BRDA:66,11,1,0
BRDA:67,12,0,0
BRDA:67,12,1,0
BRDA:68,13,0,0
BRDA:68,13,1,0
BRDA:86,14,0,0
BRDA:86,14,1,0
BRDA:115,15,0,0
BRDA:115,15,1,0
BRF:32
BRH:0
end_of_record
TN:
SF:Controllers\Cricket\LiveMatchMarketController.js
FN:7,(anonymous_0)
FNF:1
FNH:0
FNDA:0,(anonymous_0)
DA:2,5
DA:3,5
DA:4,5
DA:5,5
DA:7,5
DA:8,0
DA:9,0
DA:10,0
DA:13,0
DA:14,0
DA:15,0
DA:16,0
DA:18,0
DA:24,0
DA:29,0
DA:30,0
LF:16
LH:5
BRDA:25,0,0,0
BRDA:25,0,1,0
BRDA:26,1,0,0
BRDA:26,1,1,0
BRF:4
BRH:0
end_of_record
TN:
SF:Controllers\Cricket\PreMatchMarketController.js
FN:7,(anonymous_0)
FN:17,(anonymous_1)
FN:23,(anonymous_2)
FNF:3
FNH:0
FNDA:0,(anonymous_0)
FNDA:0,(anonymous_1)
FNDA:0,(anonymous_2)
DA:2,5
DA:3,5
DA:4,5
DA:5,5
DA:7,5
DA:8,0
DA:10,0
DA:12,0
DA:13,0
DA:17,0
DA:18,0
DA:22,0
DA:23,0
DA:28,0
DA:35,0
DA:36,0
DA:42,0
DA:43,0
DA:44,0
DA:46,0
DA:47,0
DA:53,0
DA:54,0
LF:23
LH:5
BRDA:12,0,0,0
BRDA:12,0,1,0
BRDA:12,1,0,0
BRDA:12,1,1,0
BRDA:18,2,0,0
BRDA:18,2,1,0
BRF:6
BRH:0
end_of_record
TN:
SF:Controllers\Cricket\PreMatchoddsController.js
FN:6,(anonymous_0)
FNF:1
FNH:0
FNDA:0,(anonymous_0)
DA:1,5
DA:2,5
DA:3,5
DA:4,5
DA:6,5
DA:7,0
DA:9,0
DA:11,0
DA:13,0
DA:14,0
DA:17,0
DA:25,0
DA:26,0
DA:31,0
DA:33,0
DA:36,0
DA:38,0
DA:39,0
LF:18
LH:5
BRDA:13,0,0,0
BRDA:13,0,1,0
BRDA:20,1,0,0
BRDA:20,1,1,0
BRDA:21,2,0,0
BRDA:21,2,1,0
BRDA:40,3,0,0
BRDA:40,3,1,0
BRF:8
BRH:0
end_of_record
TN:
SF:Controllers\Football\LiveMatchMarketController.js
FN:7,(anonymous_0)
FNF:1
FNH:1
FNDA:7,(anonymous_0)
DA:2,5
DA:3,5
DA:4,5
DA:5,5
DA:7,5
DA:8,7
DA:9,7
DA:10,7
DA:12,6
DA:13,6
DA:14,6
DA:15,6
DA:17,6
DA:28,6
DA:29,6
DA:31,6
DA:36,1
DA:37,1
LF:18
LH:18
BRDA:32,0,0,6
BRDA:32,0,1,2
BRF:2
BRH:2
end_of_record
TN:
SF:Controllers\Football\PreMatchMarketController.js
FN:15,(anonymous_0)
FNF:1
FNH:1
FNDA:3,(anonymous_0)
DA:7,5
DA:8,5
DA:9,5
DA:10,5
DA:11,5
DA:12,5
DA:15,5
DA:16,3
DA:19,3
DA:22,2
DA:23,1
DA:34,1
DA:38,1
DA:42,1
DA:50,1
DA:56,1
DA:59,1
DA:65,1
LF:18
LH:18
BRDA:22,0,0,1
BRDA:22,0,1,1
BRF:2
BRH:2
end_of_record
TN:
SF:Controllers\Football\PreMatchoddsController.js
FN:10,(anonymous_0)
FNF:1
FNH:1
FNDA:3,(anonymous_0)
DA:3,6
DA:4,6
DA:5,6
DA:6,6
DA:7,6
DA:10,6
DA:11,3
DA:13,3
DA:16,2
DA:19,2
DA:20,1
DA:24,1
DA:32,1
DA:39,1
DA:42,1
DA:48,1
DA:54,1
DA:57,1
DA:62,1
LF:19
LH:19
BRDA:19,0,0,1
BRDA:19,0,1,1
BRF:2
BRH:2
end_of_record
TN:
SF:Controllers\ICE_HOCKEY\LiveMatchMarketController.js
FN:8,(anonymous_0)
FNF:1
FNH:1
FNDA:5,(anonymous_0)
DA:2,5
DA:4,5
DA:5,5
DA:6,5
DA:8,5
DA:9,5
DA:10,5
DA:11,5
DA:13,4
DA:14,4
DA:15,4
DA:16,4
DA:18,4
DA:25,4
DA:30,1
DA:31,1
LF:16
LH:16
BRDA:26,0,0,4
BRDA:26,0,1,1
BRF:2
BRH:2
end_of_record
TN:
SF:Controllers\ICE_HOCKEY\PreMatchMarketController.js
FN:7,(anonymous_0)
FN:17,(anonymous_1)
FN:23,(anonymous_2)
FNF:3
FNH:3
FNDA:4,(anonymous_0)
FNDA:2,(anonymous_1)
FNDA:5,(anonymous_2)
DA:2,5
DA:3,5
DA:4,5
DA:5,5
DA:7,5
DA:8,4
DA:10,4
DA:12,3
DA:13,1
DA:17,2
DA:18,2
DA:22,2
DA:23,5
DA:28,2
DA:35,2
DA:36,2
DA:42,1
DA:43,1
DA:44,1
DA:46,1
DA:47,1
DA:53,1
DA:54,1
LF:23
LH:23
BRDA:12,0,0,1
BRDA:12,0,1,2
BRDA:12,1,0,3
BRDA:12,1,1,3
BRDA:18,2,0,2
BRDA:18,2,1,2
BRF:6
BRH:6
end_of_record
TN:
SF:Controllers\ICE_HOCKEY\PreMatchOddsController.js
FN:7,(anonymous_0)
FNF:1
FNH:1
FNDA:8,(anonymous_0)
DA:2,6
DA:3,6
DA:4,6
DA:5,6
DA:7,6
DA:8,8
DA:10,8
DA:12,5
DA:14,5
DA:15,1
DA:18,4
DA:26,4
DA:27,4
DA:32,2
DA:34,2
DA:37,4
DA:39,3
DA:40,3
LF:18
LH:18
BRDA:14,0,0,1
BRDA:14,0,1,4
BRDA:21,1,0,4
BRDA:21,1,1,1
BRDA:41,2,0,3
BRDA:41,2,1,1
BRF:6
BRH:6
end_of_record
TN:
SF:Controllers\Tennis\LiveMatchMarketController.js
FN:6,(anonymous_0)
FNF:1
FNH:0
FNDA:0,(anonymous_0)
DA:1,5
DA:2,5
DA:3,5
DA:4,5
DA:6,5
DA:7,0
DA:8,0
DA:9,0
DA:11,0
DA:13,0
DA:19,0
DA:26,0
DA:27,0
LF:13
LH:5
BRF:0
BRH:0
end_of_record
TN:
SF:Controllers\Tennis\PreMatchMarketController.js
FN:12,(anonymous_0)
FN:27,(anonymous_1)
FN:28,(anonymous_2)
FNF:3
FNH:0
FNDA:0,(anonymous_0)
FNDA:0,(anonymous_1)
FNDA:0,(anonymous_2)
DA:2,5
DA:3,5
DA:4,5
DA:5,5
DA:7,5
DA:12,5
DA:13,0
DA:15,0
DA:18,0
DA:19,0
DA:26,0
DA:28,0
DA:29,0
DA:31,0
DA:32,0
DA:43,0
DA:46,0
DA:54,0
DA:61,0
DA:64,0
DA:65,0
LF:21
LH:6
BRDA:18,0,0,0
BRDA:18,0,1,0
BRDA:29,1,0,0
BRDA:29,1,1,0
BRDA:31,2,0,0
BRDA:31,2,1,0
BRDA:67,3,0,0
BRDA:67,3,1,0
BRF:8
BRH:0
end_of_record
TN:
SF:Controllers\Tennis\PreMatchOddsController.js
FN:12,(anonymous_0)
FN:34,(anonymous_1)
FN:37,(anonymous_2)
FN:54,(anonymous_3)
FN:55,(anonymous_4)
FN:84,(anonymous_5)
FN:113,(anonymous_6)
FN:129,(anonymous_7)
FN:134,(anonymous_8)
FN:149,(anonymous_9)
FN:150,(anonymous_10)
FNF:11
FNH:0
FNDA:0,(anonymous_0)
FNDA:0,(anonymous_1)
FNDA:0,(anonymous_2)
FNDA:0,(anonymous_3)
FNDA:0,(anonymous_4)
FNDA:0,(anonymous_5)
FNDA:0,(anonymous_6)
FNDA:0,(anonymous_7)
FNDA:0,(anonymous_8)
FNDA:0,(anonymous_9)
FNDA:0,(anonymous_10)
DA:2,5
DA:3,5
DA:4,5
DA:6,5
DA:13,0
DA:14,0
DA:16,0
DA:17,0
DA:18,0
DA:19,0
DA:22,0
DA:24,0
DA:25,0
DA:26,0
DA:31,0
DA:36,0
DA:37,0
DA:41,0
DA:50,0
DA:51,0
DA:55,0
DA:56,0
DA:58,0
DA:59,0
DA:61,0
DA:62,0
DA:64,0
DA:65,0
DA:68,0
DA:70,0
DA:71,0
DA:79,0
DA:84,0
DA:85,0
DA:88,0
DA:89,0
DA:90,0
DA:91,0
DA:97,0
DA:98,0
DA:101,0
DA:102,0
DA:103,0
DA:108,0
DA:114,0
DA:116,0
DA:117,0
DA:118,0
DA:119,0
DA:120,0
DA:121,0
DA:126,0
DA:130,0
DA:134,5
DA:135,0
DA:137,0
DA:140,0
DA:141,0
DA:148,0
DA:150,0
DA:151,0
DA:153,0
DA:154,0
DA:165,0
DA:166,0
DA:167,0
DA:170,0
DA:178,0
DA:185,0
DA:188,0
DA:189,0
LF:71
LH:5
BRDA:14,0,0,0
BRDA:14,0,1,0
BRDA:17,1,0,0
BRDA:17,1,1,0
BRDA:17,2,0,0
BRDA:17,2,1,0
BRDA:17,2,2,0
BRDA:25,3,0,0
BRDA:25,3,1,0
BRDA:37,4,0,0
BRDA:37,4,1,0
BRDA:37,4,2,0
BRDA:46,5,0,0
BRDA:46,5,1,0
BRDA:56,6,0,0
BRDA:56,6,1,0
BRDA:56,7,0,0
BRDA:56,7,1,0
BRDA:61,8,0,0
BRDA:61,8,1,0
BRDA:64,9,0,0
BRDA:64,9,1,0
BRDA:70,10,0,0
BRDA:70,10,1,0
BRDA:84,11,0,0
BRDA:84,11,1,0
BRDA:88,12,0,0
BRDA:88,12,1,0
BRDA:88,13,0,0
BRDA:88,13,1,0
BRDA:90,14,0,0
BRDA:90,14,1,0
BRDA:98,15,0,0
BRDA:98,15,1,0
BRDA:101,16,0,0
BRDA:101,16,1,0
BRDA:101,17,0,0
BRDA:101,17,1,0
BRDA:116,18,0,0
BRDA:116,18,1,0
BRDA:118,19,0,0
BRDA:118,19,1,0
BRDA:120,20,0,0
BRDA:120,20,1,0
BRDA:140,21,0,0
BRDA:140,21,1,0
BRDA:151,22,0,0
BRDA:151,22,1,0
BRDA:153,23,0,0
BRDA:153,23,1,0
BRDA:191,24,0,0
BRDA:191,24,1,0
BRF:52
BRH:0
end_of_record
TN:
SF:config\db.js
FN:4,(anonymous_0)
FNF:1
FNH:0
FNDA:0,(anonymous_0)
DA:2,2
DA:4,2
DA:5,0
DA:6,0
DA:8,0
DA:10,0
DA:11,0
DA:15,2
LF:8
LH:3
BRF:0
BRH:0
end_of_record
TN:
SF:constants\bookmakers.js
FNF:0
FNH:0
DA:2,7
DA:23,7
LF:2
LH:2
BRF:0
BRH:0
end_of_record
TN:
SF:market-processors\Common\BaseMarketProcessor.js
FN:5,(anonymous_0)
FN:23,(anonymous_1)
FN:37,(anonymous_2)
FNF:3
FNH:3
FNDA:28,(anonymous_0)
FNDA:20,(anonymous_1)
FNDA:7,(anonymous_2)
DA:2,11
DA:6,28
DA:8,14
DA:9,17
DA:11,16
DA:12,12
DA:14,4
DA:15,10
DA:16,7
DA:24,20
DA:25,20
DA:26,20
DA:28,20
DA:29,19
DA:38,7
DA:51,11
LF:16
LH:16
BRDA:6,0,0,14
BRDA:6,0,1,14
BRDA:9,1,0,1
BRDA:9,1,1,16
BRDA:11,2,0,12
BRDA:11,2,1,4
BRDA:11,3,0,16
BRDA:11,3,1,12
BRDA:15,4,0,7
BRDA:15,4,1,3
BRDA:15,5,0,10
BRDA:15,5,1,8
BRDA:28,6,0,19
BRDA:28,6,1,1
BRDA:46,7,0,3
BRDA:46,7,1,4
BRF:16
BRH:16
end_of_record
TN:
SF:market-processors\Common\LiveMatchMarketProcessor.js
FN:23,(anonymous_0)
FN:40,(anonymous_1)
FN:66,(anonymous_2)
FN:72,(anonymous_3)
FN:81,(anonymous_4)
FNF:5
FNH:5
FNDA:7,(anonymous_0)
FNDA:7,(anonymous_1)
FNDA:6,(anonymous_2)
FNDA:7,(anonymous_3)
FNDA:3,(anonymous_4)
DA:3,4
DA:6,4
DA:9,4
DA:12,4
DA:13,0
DA:23,4
DA:24,7
DA:26,7
DA:31,6
DA:32,1
DA:33,1
DA:37,5
DA:40,5
DA:42,7
DA:45,6
DA:48,6
DA:49,3
DA:55,1
DA:66,4
DA:68,6
DA:71,6
DA:72,7
DA:76,6
DA:81,3
DA:91,4
LF:25
LH:24
BRDA:12,0,0,0
BRDA:12,0,1,4
BRDA:31,1,0,1
BRDA:31,1,1,5
BRDA:37,2,0,5
BRDA:37,2,1,2
BRDA:42,3,0,1
BRDA:42,3,1,6
BRDA:45,4,0,6
BRDA:45,4,1,4
BRDA:48,5,0,3
BRDA:48,5,1,3
BRF:12
BRH:11
end_of_record
TN:
SF:market-processors\Common\PreMatchMarketProcessor.js
FN:5,(anonymous_0)
FN:19,(anonymous_1)
FNF:2
FNH:2
FNDA:3,(anonymous_0)
FNDA:3,(anonymous_1)
DA:2,5
DA:6,3
DA:8,3
DA:9,3
DA:10,21
DA:14,3
DA:18,5
DA:19,3
LF:8
LH:8
BRF:0
BRH:0
end_of_record
TN:
SF:market-processors\Common\PreMatchOddsProcessor.js
FN:13,(anonymous_0)
FN:26,(anonymous_1)
FN:28,(anonymous_2)
FN:33,(anonymous_3)
FN:42,(anonymous_4)
FN:44,(anonymous_5)
FN:57,(anonymous_6)
FN:61,(anonymous_7)
FN:69,(anonymous_8)
FN:81,(anonymous_9)
FN:96,(anonymous_10)
FNF:11
FNH:10
FNDA:4,(anonymous_0)
FNDA:3,(anonymous_1)
FNDA:3,(anonymous_2)
FNDA:14,(anonymous_3)
FNDA:2,(anonymous_4)
FNDA:4,(anonymous_5)
FNDA:2,(anonymous_6)
FNDA:2,(anonymous_7)
FNDA:0,(anonymous_8)
FNDA:2,(anonymous_9)
FNDA:4,(anonymous_10)
DA:3,8
DA:15,4
DA:16,1
DA:20,3
DA:23,3
DA:26,3
DA:28,3
DA:29,3
DA:33,2
DA:37,14
DA:42,3
DA:43,2
DA:44,4
DA:48,3
DA:49,3
DA:58,2
DA:61,2
DA:62,2
DA:65,2
DA:66,2
DA:69,0
DA:70,0
DA:83,2
DA:86,2
DA:87,2
DA:95,2
DA:96,4
DA:109,8
LF:28
LH:26
BRDA:15,0,0,1
BRDA:15,0,1,3
BRDA:29,1,0,1
BRDA:29,1,1,2
BRDA:37,2,0,14
BRDA:37,2,1,2
BRDA:44,3,0,4
BRDA:44,3,1,4
BRDA:44,3,2,3
BRDA:58,4,0,0
BRDA:58,4,1,2
BRDA:62,5,0,0
BRDA:62,5,1,2
BRDA:65,6,0,2
BRDA:65,6,1,0
BRDA:65,7,0,2
BRDA:65,7,1,2
BRDA:70,8,0,0
BRDA:70,8,1,0
BRDA:70,8,2,0
BRDA:86,9,0,2
BRDA:86,9,1,0
BRDA:95,10,0,2
BRDA:95,10,1,0
BRDA:95,11,0,2
BRDA:95,11,1,2
BRF:26
BRH:18
end_of_record
TN:
SF:market-processors\Tennis\PreMatchProcessor.js
FN:3,(anonymous_0)
FN:24,(anonymous_1)
FN:26,(anonymous_2)
FN:30,(anonymous_3)
FN:46,(anonymous_4)
FN:73,(anonymous_5)
FN:81,(anonymous_6)
FN:87,(anonymous_7)
FNF:8
FNH:0
FNDA:0,(anonymous_0)
FNDA:0,(anonymous_1)
FNDA:0,(anonymous_2)
FNDA:0,(anonymous_3)
FNDA:0,(anonymous_4)
FNDA:0,(anonymous_5)
FNDA:0,(anonymous_6)
FNDA:0,(anonymous_7)
DA:4,0
DA:6,0
DA:7,0
DA:8,0
DA:9,0
DA:12,0
DA:14,0
DA:15,0
DA:16,0
DA:21,0
DA:25,0
DA:26,0
DA:31,0
DA:32,0
DA:34,0
DA:35,0
DA:37,0
DA:38,0
DA:39,0
DA:47,0
DA:48,0
DA:50,0
DA:51,0
DA:53,0
DA:54,0
DA:57,0
DA:59,0
DA:60,0
DA:67,0
DA:73,0
DA:74,0
DA:82,0
DA:86,5
DA:87,0
LF:34
LH:1
BRDA:7,0,0,0
BRDA:7,0,1,0
BRDA:7,1,0,0
BRDA:7,1,1,0
BRDA:7,1,2,0
BRDA:15,2,0,0
BRDA:15,2,1,0
BRDA:26,3,0,0
BRDA:26,3,1,0
BRDA:26,3,2,0
BRDA:32,4,0,0
BRDA:32,4,1,0
BRDA:34,5,0,0
BRDA:34,5,1,0
BRDA:34,6,0,0
BRDA:34,6,1,0
BRDA:38,7,0,0
BRDA:38,7,1,0
BRDA:38,8,0,0
BRDA:38,8,1,0
BRDA:50,9,0,0
BRDA:50,9,1,0
BRDA:53,10,0,0
BRDA:53,10,1,0
BRDA:59,11,0,0
BRDA:59,11,1,0
BRDA:73,12,0,0
BRDA:73,12,1,0
BRF:28
BRH:0
end_of_record
TN:
SF:models\CommonFootballandIceHockeyOdds.js
FN:35,(anonymous_0)
FNF:1
FNH:0
FNDA:0,(anonymous_0)
DA:1,5
DA:4,5
DA:15,5
DA:20,5
DA:31,5
DA:32,5
DA:35,5
DA:36,0
DA:37,0
DA:40,5
LF:10
LH:8
BRF:0
BRH:0
end_of_record
TN:
SF:models\Cricket\LiveMatchMarket.js
FNF:0
FNH:0
DA:2,5
DA:4,5
DA:15,5
LF:3
LH:3
BRF:0
BRH:0
end_of_record
TN:
SF:models\Cricket\PreMatchMarket.js
FNF:0
FNH:0
DA:2,5
DA:4,5
DA:9,5
DA:17,5
DA:19,5
LF:5
LH:5
BRF:0
BRH:0
end_of_record
TN:
SF:models\Cricket\PreMatchOdds.js
FNF:0
FNH:0
DA:1,5
DA:3,5
DA:11,5
DA:17,5
DA:29,5
DA:30,5
DA:32,5
LF:7
LH:7
BRF:0
BRH:0
end_of_record
TN:
SF:models\Football\LiveMatchMarket.js
FNF:0
FNH:0
DA:2,5
DA:4,5
DA:15,5
LF:3
LH:3
BRF:0
BRH:0
end_of_record
TN:
SF:models\Football\PreMatchMarket.js
FNF:0
FNH:0
DA:3,5
DA:5,5
DA:10,5
DA:17,5
LF:4
LH:4
BRF:0
BRH:0
end_of_record
TN:
SF:models\Football\PreMatchOdds.js
FNF:0
FNH:0
DA:2,6
DA:5,6
DA:15,6
DA:22,6
DA:28,6
LF:5
LH:5
BRF:0
BRH:0
end_of_record
TN:
SF:models\ICE_HOCKEY\LiveMatchMarket.js
FNF:0
FNH:0
DA:2,5
DA:4,5
DA:15,5
LF:3
LH:3
BRF:0
BRH:0
end_of_record
TN:
SF:models\ICE_HOCKEY\PreMatchMarket.js
FNF:0
FNH:0
DA:2,5
DA:4,5
DA:9,5
DA:17,5
DA:20,5
DA:22,5
LF:6
LH:6
BRF:0
BRH:0
end_of_record
TN:
SF:models\ICE_HOCKEY\PreMatchOdds.js
FNF:0
FNH:0
DA:2,6
DA:4,6
DA:12,6
DA:18,6
DA:30,6
DA:31,6
DA:34,6
LF:7
LH:7
BRF:0
BRH:0
end_of_record
TN:
SF:models\Tennis\LiveMatchMarket.js
FNF:0
FNH:0
DA:1,5
DA:3,5
DA:8,5
DA:17,5
DA:23,5
LF:5
LH:5
BRF:0
BRH:0
end_of_record
TN:
SF:models\Tennis\PreMatchmarket.js
FNF:0
FNH:0
DA:2,5
DA:4,5
DA:9,5
DA:15,5
DA:30,5
LF:5
LH:5
BRF:0
BRH:0
end_of_record
TN:
SF:routes\Index.js
FNF:0
FNH:0
DA:2,5
DA:3,5
DA:6,5
DA:7,5
DA:8,5
DA:9,5
DA:10,5
DA:11,5
DA:12,5
DA:13,5
DA:14,5
DA:15,5
DA:16,5
DA:17,5
DA:18,5
DA:21,5
DA:22,5
DA:23,5
DA:26,5
DA:27,5
DA:28,5
DA:31,5
DA:32,5
DA:33,5
DA:37,5
DA:38,5
DA:39,5
DA:42,5
DA:45,5
LF:29
LH:29
BRF:0
BRH:0
end_of_record
TN:
SF:utils\api.js
FN:11,fetchBet365Data
FN:24,(anonymous_1)
FN:26,(anonymous_2)
FNF:3
FNH:3
FNDA:3,fetchBet365Data
FNDA:1,(anonymous_1)
FNDA:2,(anonymous_2)
DA:6,8
DA:7,8
DA:12,3
DA:18,3
DA:25,1
DA:26,2
DA:31,2
DA:36,1
DA:41,1
DA:46,8
LF:10
LH:10
BRF:0
BRH:0
end_of_record
TN:
SF:utils\dataFormatter.js
FN:4,formatSportsData
FN:9,(anonymous_1)
FNF:2
FNH:2
FNDA:1,formatSportsData
FNDA:7,(anonymous_1)
DA:5,1
DA:9,7
DA:16,5
LF:3
LH:3
BRF:0
BRH:0
end_of_record
